<?xml version="1.0" encoding="UTF-8"?>
<testsuite xmlns:xsi="http://www.w3.org/2001/XMLSchema-instance" xsi:noNamespaceSchemaLocation="https://maven.apache.org/surefire/maven-surefire-plugin/xsd/surefire-test-report.xsd" version="3.0.2" name="com.me.learning.catalog.service.FilmServiceImplTest" time="3.034" tests="33" errors="0" skipped="0" failures="0" flakes="0">
  <properties>
[...]
</properties>
  <testcase name="mergeCategoryIds_Successfully" classname="Unit Tests for FilmServiceImpl" time="2.366">
    <system-out><![CDATA[07:43:35.778 [main] INFO com.me.learning.catalog.service.FilmServiceImpl -- Patched film with ID: 1
]]></system-out>
  </testcase>
  <testcase name="mergeActors_Successfully" classname="Unit Tests for FilmServiceImpl" time="0.021">
    <system-out><![CDATA[07:43:35.912 [main] INFO com.me.learning.catalog.service.FilmServiceImpl -- Patched film with ID: 1
]]></system-out>
  </testcase>
  <testcase name="resolve_Original_Language" classname="Unit Tests for FilmServiceImpl" time="0.019">
    <system-out><![CDATA[07:43:35.932 [main] INFO com.me.learning.catalog.service.FilmServiceImpl -- Patched film with ID: 1
]]></system-out>
  </testcase>
  <testcase name="FindById_withNullId_ShouldThrowIllegalArgumentException" classname="findById() — Find a film by ID" time="0.02"/>
  <testcase name="FindById_withValidId_ShouldReturnFilm" classname="findById() — Find a film by ID" time="0.018"/>
  <testcase name="FindById_withNonExistentId_ShouldThrowResourceNotFoundException" classname="findById() — Find a film by ID" time="0.006"/>
  <testcase name="FindAll_withNoFilms_ShouldReturnEmptyList" classname="findAll() — Find all Film (unpaged)" time="0.063"/>
  <testcase name="FindAll_withValidRequest_ShouldReturnAllFilm" classname="findAll() — Find all Film (unpaged)" time="0.029"/>
  <testcase name="Update_withNullRequest_ShouldThrowIllegalArgumentException" classname="update() — Update an existing Film" time="0.01"/>
  <testcase name="Update_withUnknownLanguage_ShouldThrowResourceNotFoundException" classname="update() — Update an existing Film" time="0.007"/>
  <testcase name="Update_withValidRequest_ShouldPartiallyUpdateFilm" classname="update() — Update an existing Film" time="0.009">
    <system-out><![CDATA[07:43:36.148 [main] INFO com.me.learning.catalog.service.FilmServiceImpl -- Updated film with ID: 1
]]></system-out>
  </testcase>
  <testcase name="Update_withNonExistentId_ShouldThrowResourceNotFoundException" classname="update() — Update an existing Film" time="0.011"/>
  <testcase name="Update_withNullId_ShouldThrowIllegalArgumentException" classname="update() — Update an existing Film" time="0.015"/>
  <testcase name="Create_withIdInRequest_ShouldThrowIllegalArgumentException" classname="create() — Create a new Film" time="0.006"/>
  <testcase name="Create_withNullRequest_ShouldThrowIllegalArgumentException" classname="create() — Create a new Film" time="0.013"/>
  <testcase name="Create_withValidRequest_WithPopulatedFilmResponse" classname="create() — Create a new Film" time="0.024">
    <system-out><![CDATA[07:43:36.244 [main] INFO com.me.learning.catalog.service.FilmServiceImpl -- Created film with ID: 1
]]></system-out>
  </testcase>
  <testcase name="Create_withUnknownOriginalLanguage_ShouldThrowResourceNotFoundException" classname="create() — Create a new Film" time="0.012"/>
  <testcase name="Create_withUnknownLanguage_ShouldThrowResourceNotFoundException" classname="create() — Create a new Film" time="0.005"/>
  <testcase name="Exists_withNonExistentId_ShouldReturnFalse" classname="existsById() — Check if a film exists by ID" time="0.01"/>
  <testcase name="Exists_withValidId_ShouldReturnTrue" classname="existsById() — Check if a film exists by ID" time="0.004"/>
  <testcase name="Exists_withNullId_ShouldThrowIllegalArgumentException" classname="existsById() — Check if a film exists by ID" time="0.009"/>
  <testcase name="PartialUpdate_withNullId_ShouldThrowIllegalArgumentException" classname="partialUpdate() — Partially update an existing Film" time="0.008"/>
  <testcase name="PartialUpdate_withoutRelationshipFields_ShouldSkipReplaceActorsAndCategories" classname="partialUpdate() — Partially update an existing Film" time="0.03">
    <system-out><![CDATA[07:43:36.323 [main] INFO com.me.learning.catalog.service.FilmServiceImpl -- Patched film with ID: 1
]]></system-out>
  </testcase>
  <testcase name="PartialUpdate_withNonExistentId_ShouldThrowResourceNotFoundException" classname="partialUpdate() — Partially update an existing Film" time="0.01"/>
  <testcase name="PartialUpdate_withValidRequest_ShouldPartiallyUpdateFilm" classname="partialUpdate() — Partially update an existing Film" time="0.011">
    <system-out><![CDATA[07:43:36.369 [main] INFO com.me.learning.catalog.service.FilmServiceImpl -- Patched film with ID: 1
]]></system-out>
  </testcase>
  <testcase name="PartialUpdate_withNullRequest_ShouldThrowIllegalArgumentException" classname="partialUpdate() — Partially update an existing Film" time="0.004"/>
  <testcase name="FindAll_withNoFilms_ShouldReturnEmptyPage" classname="findAll(Pageable) — Find all films (paged)" time="0.041"/>
  <testcase name="FindAll_withValidRequest_ShouldReturnPagedFilms" classname="findAll(Pageable) — Find all films (paged)" time="0.033"/>
  <testcase name="Count_ShouldReturnTotalNumberOfFilms" classname="count() — Count total number of films" time="0.013"/>
  <testcase name="Count_withNegativeCount_ShouldThrowIllegalArgumentException" classname="count() — Count total number of films" time="0.005"/>
  <testcase name="Delete_withValidId_ShouldDeleteFilmById" classname="delete() — Delete a film by ID" time="0.007">
    <system-out><![CDATA[07:43:36.494 [main] INFO com.me.learning.catalog.service.FilmServiceImpl -- Deleted film with ID: 1
]]></system-out>
  </testcase>
  <testcase name="Delete_withNullId_ShouldThrowIllegalArgumentException" classname="delete() — Delete a film by ID" time="0.006"/>
  <testcase name="Delete_withNonExistentId_ShouldThrowResourceNotFoundException" classname="delete() — Delete a film by ID" time="0.009"/>
</testsuite>