<?xml version="1.0" encoding="UTF-8"?>
<testsuite xmlns:xsi="http://www.w3.org/2001/XMLSchema-instance" xsi:noNamespaceSchemaLocation="https://maven.apache.org/surefire/maven-failsafe-plugin/xsd/failsafe-test-report.xsd" version="3.0.2" name="com.me.learning.inventory.controller.InventoryControllerIT" time="15.236" tests="27" errors="0" skipped="0" failures="0" flakes="0">
  <properties>
[...]
</properties>
  <testcase name="exists_existing_returnsTrue" classname="GET /api/v1/inventories/exists/{id} - existsById()" time="2.954">
    <system-out><![CDATA[07:45:24.621 [main] INFO org.springframework.test.context.support.AnnotationConfigContextLoaderUtils -- Could not detect default configuration classes for test class [com.me.learning.inventory.controller.InventoryControllerIT]: InventoryControllerIT does not declare any static, non-private, non-final, nested classes annotated with @Configuration.
07:45:24.757 [main] INFO org.springframework.boot.test.context.SpringBootTestContextBootstrapper -- Found @SpringBootConfiguration com.me.learning.inventory.InventoryServiceApplication for test class com.me.learning.inventory.controller.InventoryControllerIT
07:45:24.832 [main] INFO org.springframework.test.context.support.AnnotationConfigContextLoaderUtils -- Could not detect default configuration classes for test class [com.me.learning.inventory.controller.InventoryControllerIT]: InventoryControllerIT does not declare any static, non-private, non-final, nested classes annotated with @Configuration.
07:45:24.833 [main] INFO org.springframework.boot.test.context.SpringBootTestContextBootstrapper -- Found @SpringBootConfiguration com.me.learning.inventory.InventoryServiceApplication for test class com.me.learning.inventory.controller.InventoryControllerIT

  .   ____          _            __ _ _
 /\\ / ___'_ __ _ _(_)_ __  __ _ \ \ \ \
( ( )\___ | '_ | '_| | '_ \/ _` | \ \ \ \
 \\/  ___)| |_)| | | | | || (_| |  ) ) ) )
  '  |____| .__|_| |_|_| |_\__, | / / / /
 =========|_|==============|___/=/_/_/_/

 :: Spring Boot ::                (v4.0.5)

{"@timestamp":"2026-05-24T07:45:25.6203972+04:00","@version":"1","message":"Starting InventoryControllerIT using Java 25.0.2 with PID 6588 (started by Prabakaran.Ramu in C:\\Ramu\\GitHub_Repo\\sakila-springboot-microservices\\inventory-service)","logger_name":"com.me.learning.inventory.controller.InventoryControllerIT","thread_name":"main","level":"INFO","level_value":20000,"activeEnv":"default","serviceName":"inventory-service","tags":["COMMONS-LOGGING"],"service":"inventory-service","env":"default"}
{"@timestamp":"2026-05-24T07:45:25.6213959+04:00","@version":"1","message":"No active profile set, falling back to 1 default profile: \"default\"","logger_name":"com.me.learning.inventory.controller.InventoryControllerIT","thread_name":"main","level":"INFO","level_value":20000,"activeEnv":"default","serviceName":"inventory-service","tags":["COMMONS-LOGGING"],"service":"inventory-service","env":"default"}
{"@timestamp":"2026-05-24T07:45:25.9207726+04:00","@version":"1","message":"HV000001: Hibernate Validator 9.0.1.Final","logger_name":"org.hibernate.validator.internal.util.Version","thread_name":"background-preinit","level":"INFO","level_value":20000,"activeEnv":"default","serviceName":"inventory-service","service":"inventory-service","env":"default"}
{"@timestamp":"2026-05-24T07:45:27.4199576+04:00","@version":"1","message":"Bootstrapping Spring Data JPA repositories in DEFAULT mode.","logger_name":"org.springframework.data.repository.config.RepositoryConfigurationDelegate","thread_name":"main","level":"INFO","level_value":20000,"activeEnv":"default","serviceName":"inventory-service","tags":["COMMONS-LOGGING"],"service":"inventory-service","env":"default"}
{"@timestamp":"2026-05-24T07:45:27.6316662+04:00","@version":"1","message":"Finished Spring Data repository scanning in 189 ms. Found 2 JPA repository interfaces.","logger_name":"org.springframework.data.repository.config.RepositoryConfigurationDelegate","thread_name":"main","level":"INFO","level_value":20000,"activeEnv":"default","serviceName":"inventory-service","tags":["COMMONS-LOGGING"],"service":"inventory-service","env":"default"}
{"@timestamp":"2026-05-24T07:45:28.0347617+04:00","@version":"1","message":"BeanFactory id=5ad9a9d7-e883-3cb0-b01e-f8549561e4e9","logger_name":"org.springframework.cloud.context.scope.GenericScope","thread_name":"main","level":"INFO","level_value":20000,"activeEnv":"default","serviceName":"inventory-service","tags":["COMMONS-LOGGING"],"service":"inventory-service","env":"default"}
{"@timestamp":"2026-05-24T07:45:28.9905627+04:00","@version":"1","message":"Tomcat initialized with port 0 (http)","logger_name":"org.springframework.boot.tomcat.TomcatWebServer","thread_name":"main","level":"INFO","level_value":20000,"activeEnv":"default","serviceName":"inventory-service","tags":["COMMONS-LOGGING"],"service":"inventory-service","env":"default"}
{"@timestamp":"2026-05-24T07:45:29.0385969+04:00","@version":"1","message":"Initializing ProtocolHandler [\"http-nio-auto-1\"]","logger_name":"org.apache.coyote.http11.Http11NioProtocol","thread_name":"main","level":"INFO","level_value":20000,"activeEnv":"default","serviceName":"inventory-service","service":"inventory-service","env":"default"}
{"@timestamp":"2026-05-24T07:45:29.0405934+04:00","@version":"1","message":"Starting service [Tomcat]","logger_name":"org.apache.catalina.core.StandardService","thread_name":"main","level":"INFO","level_value":20000,"activeEnv":"default","serviceName":"inventory-service","service":"inventory-service","env":"default"}
{"@timestamp":"2026-05-24T07:45:29.0405934+04:00","@version":"1","message":"Starting Servlet engine: [Apache Tomcat/11.0.21]","logger_name":"org.apache.catalina.core.StandardEngine","thread_name":"main","level":"INFO","level_value":20000,"activeEnv":"default","serviceName":"inventory-service","service":"inventory-service","env":"default"}
{"@timestamp":"2026-05-24T07:45:29.1502852+04:00","@version":"1","message":"Root WebApplicationContext: initialization completed in 3266 ms","logger_name":"org.springframework.boot.web.context.servlet.WebApplicationContextInitializer","thread_name":"main","level":"INFO","level_value":20000,"activeEnv":"default","serviceName":"inventory-service","tags":["COMMONS-LOGGING"],"service":"inventory-service","env":"default"}
{"@timestamp":"2026-05-24T07:45:29.5437578+04:00","@version":"1","message":"HHH008540: Processing PersistenceUnitInfo [name: default]","logger_name":"org.hibernate.orm.jpa","thread_name":"main","level":"INFO","level_value":20000,"activeEnv":"default","serviceName":"inventory-service","service":"inventory-service","env":"default"}
{"@timestamp":"2026-05-24T07:45:29.6206161+04:00","@version":"1","message":"HHH000001: Hibernate ORM core version 7.2.7.Final","logger_name":"org.hibernate.orm.core","thread_name":"main","level":"INFO","level_value":20000,"activeEnv":"default","serviceName":"inventory-service","service":"inventory-service","env":"default"}
{"@timestamp":"2026-05-24T07:45:30.252869+04:00","@version":"1","message":"No LoadTimeWeaver setup: ignoring JPA class transformer","logger_name":"org.springframework.orm.jpa.persistenceunit.SpringPersistenceUnitInfo","thread_name":"main","level":"INFO","level_value":20000,"activeEnv":"default","serviceName":"inventory-service","tags":["COMMONS-LOGGING"],"service":"inventory-service","env":"default"}
{"@timestamp":"2026-05-24T07:45:30.2958236+04:00","@version":"1","message":"HikariPool-1 - Starting...","logger_name":"com.zaxxer.hikari.HikariDataSource","thread_name":"main","level":"INFO","level_value":20000,"activeEnv":"default","serviceName":"inventory-service","service":"inventory-service","env":"default"}
{"@timestamp":"2026-05-24T07:45:30.5764887+04:00","@version":"1","message":"HikariPool-1 - Added connection conn0: url=jdbc:h2:mem:inventoryit user=SA","logger_name":"com.zaxxer.hikari.pool.HikariPool","thread_name":"main","level":"INFO","level_value":20000,"activeEnv":"default","serviceName":"inventory-service","service":"inventory-service","env":"default"}
{"@timestamp":"2026-05-24T07:45:30.5804394+04:00","@version":"1","message":"HikariPool-1 - Start completed.","logger_name":"com.zaxxer.hikari.HikariDataSource","thread_name":"main","level":"INFO","level_value":20000,"activeEnv":"default","serviceName":"inventory-service","service":"inventory-service","env":"default"}
{"@timestamp":"2026-05-24T07:45:30.662327+04:00","@version":"1","message":"HHH10001005: Database info:\n\tDatabase JDBC URL [jdbc:h2:mem:inventoryit]\n\tDatabase driver: H2 JDBC Driver\n\tDatabase dialect: H2Dialect\n\tDatabase version: 2.4.240\n\tDefault catalog/schema: INVENTORYIT/PUBLIC\n\tAutocommit mode: undefined/unknown\n\tIsolation level: READ_COMMITTED [default READ_COMMITTED]\n\tJDBC fetch size: 100\n\tPool: DataSourceConnectionProvider\n\tMinimum pool size: undefined/unknown\n\tMaximum pool size: undefined/unknown","logger_name":"org.hibernate.orm.connections.pooling","thread_name":"main","level":"INFO","level_value":20000,"activeEnv":"default","serviceName":"inventory-service","service":"inventory-service","env":"default"}
{"@timestamp":"2026-05-24T07:45:31.6493937+04:00","@version":"1","message":"HHH000489: No JTA platform available (set 'hibernate.transaction.jta.platform' to enable JTA platform integration)","logger_name":"org.hibernate.orm.core","thread_name":"main","level":"INFO","level_value":20000,"activeEnv":"default","serviceName":"inventory-service","service":"inventory-service","env":"default"}
{"@timestamp":"2026-05-24T07:45:31.6931637+04:00","@version":"1","message":"Initialized JPA EntityManagerFactory for persistence unit 'default'","logger_name":"org.springframework.orm.jpa.LocalContainerEntityManagerFactoryBean","thread_name":"main","level":"INFO","level_value":20000,"activeEnv":"default","serviceName":"inventory-service","tags":["COMMONS-LOGGING"],"service":"inventory-service","env":"default"}
{"@timestamp":"2026-05-24T07:45:31.7732092+04:00","@version":"1","message":"Hibernate is in classpath; If applicable, HQL parser will be used.","logger_name":"org.springframework.data.jpa.repository.query.QueryEnhancerFactories","thread_name":"main","level":"INFO","level_value":20000,"activeEnv":"default","serviceName":"inventory-service","tags":["COMMONS-LOGGING"],"service":"inventory-service","env":"default"}
{"@timestamp":"2026-05-24T07:45:32.0672502+04:00","@version":"1","message":"Sakila Framework auto-configuration loaded — all framework beans registered","logger_name":"com.me.learning.framework.SakilaFrameworkAutoConfiguration","thread_name":"main","level":"INFO","level_value":20000,"activeEnv":"default","serviceName":"inventory-service","service":"inventory-service","env":"default"}
{"@timestamp":"2026-05-24T07:45:32.1634969+04:00","@version":"1","message":"spring.jpa.open-in-view is enabled by default. Therefore, database queries may be performed during view rendering. Explicitly configure spring.jpa.open-in-view to disable this warning","logger_name":"org.springframework.boot.jpa.autoconfigure.JpaBaseConfiguration$JpaWebConfiguration","thread_name":"main","level":"WARN","level_value":30000,"activeEnv":"default","serviceName":"inventory-service","tags":["COMMONS-LOGGING"],"service":"inventory-service","env":"default"}
{"@timestamp":"2026-05-24T07:45:33.4055446+04:00","@version":"1","message":"Eureka HTTP Client uses RestClient.","logger_name":"org.springframework.cloud.netflix.eureka.config.DiscoveryClientOptionalArgsConfiguration","thread_name":"main","level":"INFO","level_value":20000,"activeEnv":"default","serviceName":"inventory-service","tags":["COMMONS-LOGGING"],"service":"inventory-service","env":"default"}
{"@timestamp":"2026-05-24T07:45:33.4602122+04:00","@version":"1","message":"Spring Cloud LoadBalancer is currently working with the default cache. While this cache implementation is useful for development and tests, it's recommended to use Caffeine cache in production.You can switch to using Caffeine cache, by adding it and org.springframework.cache.caffeine.CaffeineCacheManager to the classpath.","logger_name":"org.springframework.cloud.loadbalancer.config.LoadBalancerCacheAutoConfiguration$LoadBalancerCaffeineWarnLogger","thread_name":"main","level":"WARN","level_value":30000,"activeEnv":"default","serviceName":"inventory-service","tags":["COMMONS-LOGGING"],"service":"inventory-service","env":"default"}
{"@timestamp":"2026-05-24T07:45:33.5120018+04:00","@version":"1","message":"Starting ProtocolHandler [\"http-nio-auto-1\"]","logger_name":"org.apache.coyote.http11.Http11NioProtocol","thread_name":"main","level":"INFO","level_value":20000,"activeEnv":"default","serviceName":"inventory-service","service":"inventory-service","env":"default"}
{"@timestamp":"2026-05-24T07:45:33.5419308+04:00","@version":"1","message":"Tomcat started on port 64121 (http) with context path '/'","logger_name":"org.springframework.boot.tomcat.TomcatWebServer","thread_name":"main","level":"INFO","level_value":20000,"activeEnv":"default","serviceName":"inventory-service","tags":["COMMONS-LOGGING"],"service":"inventory-service","env":"default"}
{"@timestamp":"2026-05-24T07:45:33.5429309+04:00","@version":"1","message":"Updating port to 64121","logger_name":"org.springframework.cloud.netflix.eureka.serviceregistry.EurekaAutoServiceRegistration","thread_name":"main","level":"INFO","level_value":20000,"activeEnv":"default","serviceName":"inventory-service","tags":["COMMONS-LOGGING"],"service":"inventory-service","env":"default"}
{"@timestamp":"2026-05-24T07:45:33.5509304+04:00","@version":"1","message":"Setting initial instance status as: STARTING","logger_name":"org.springframework.cloud.netflix.eureka.InstanceInfoFactory","thread_name":"main","level":"INFO","level_value":20000,"activeEnv":"default","serviceName":"inventory-service","tags":["COMMONS-LOGGING"],"service":"inventory-service","env":"default"}
{"@timestamp":"2026-05-24T07:45:33.5790835+04:00","@version":"1","message":"Initializing Eureka in region us-east-1","logger_name":"com.netflix.discovery.DiscoveryClient","thread_name":"main","level":"INFO","level_value":20000,"activeEnv":"default","serviceName":"inventory-service","service":"inventory-service","env":"default"}
{"@timestamp":"2026-05-24T07:45:33.583078+04:00","@version":"1","message":"Resolving eureka endpoints via configuration","logger_name":"com.netflix.discovery.shared.resolver.aws.ConfigClusterResolver","thread_name":"main","level":"INFO","level_value":20000,"activeEnv":"default","serviceName":"inventory-service","service":"inventory-service","env":"default"}
{"@timestamp":"2026-05-24T07:45:33.5947295+04:00","@version":"1","message":"Disable delta property : false","logger_name":"com.netflix.discovery.DiscoveryClient","thread_name":"main","level":"INFO","level_value":20000,"activeEnv":"default","serviceName":"inventory-service","service":"inventory-service","env":"default"}
{"@timestamp":"2026-05-24T07:45:33.5947295+04:00","@version":"1","message":"Single vip registry refresh property : null","logger_name":"com.netflix.discovery.DiscoveryClient","thread_name":"main","level":"INFO","level_value":20000,"activeEnv":"default","serviceName":"inventory-service","service":"inventory-service","env":"default"}
{"@timestamp":"2026-05-24T07:45:33.5947295+04:00","@version":"1","message":"Force full registry fetch : false","logger_name":"com.netflix.discovery.DiscoveryClient","thread_name":"main","level":"INFO","level_value":20000,"activeEnv":"default","serviceName":"inventory-service","service":"inventory-service","env":"default"}
{"@timestamp":"2026-05-24T07:45:33.5947295+04:00","@version":"1","message":"Application is null : false","logger_name":"com.netflix.discovery.DiscoveryClient","thread_name":"main","level":"INFO","level_value":20000,"activeEnv":"default","serviceName":"inventory-service","service":"inventory-service","env":"default"}
{"@timestamp":"2026-05-24T07:45:33.5947295+04:00","@version":"1","message":"Registered Applications size is zero : true","logger_name":"com.netflix.discovery.DiscoveryClient","thread_name":"main","level":"INFO","level_value":20000,"activeEnv":"default","serviceName":"inventory-service","service":"inventory-service","env":"default"}
{"@timestamp":"2026-05-24T07:45:33.5947295+04:00","@version":"1","message":"Application version is -1: true","logger_name":"com.netflix.discovery.DiscoveryClient","thread_name":"main","level":"INFO","level_value":20000,"activeEnv":"default","serviceName":"inventory-service","service":"inventory-service","env":"default"}
{"@timestamp":"2026-05-24T07:45:33.5947295+04:00","@version":"1","message":"Getting all instance registry info from the eureka server","logger_name":"com.netflix.discovery.DiscoveryClient","thread_name":"main","level":"INFO","level_value":20000,"activeEnv":"default","serviceName":"inventory-service","service":"inventory-service","env":"default"}
{"@timestamp":"2026-05-24T07:45:33.9272169+04:00","@version":"1","message":"Request execution error. endpoint=DefaultEndpoint{ serviceUrl='http://localhost:8761/eureka/}, exception=I/O error on GET request for \"http://localhost:8761/eureka/apps/\": Connect to http://localhost:8761 failed: Connection refused: getsockopt stacktrace=org.springframework.web.client.ResourceAccessException: I/O error on GET request for \"http://localhost:8761/eureka/apps/\": Connect to http://localhost:8761 failed: Connection refused: getsockopt\r\n\tat org.springframework.web.client.DefaultRestClient$DefaultRequestBodyUriSpec.createResourceAccessException(DefaultRestClient.java:776)\r\n\tat org.springframework.web.client.DefaultRestClient$DefaultRequestBodyUriSpec.exchangeInternal(DefaultRestClient.java:624)\r\n\tat org.springframework.web.client.DefaultRestClient$DefaultRequestBodyUriSpec.exchange(DefaultRestClient.java:572)\r\n\tat org.springframework.web.client.RestClient$RequestHeadersSpec.exchange(RestClient.java:747)\r\n\tat org.springframework.web.client.DefaultRestClient$DefaultResponseSpec.executeAndExtract(DefaultRestClient.java:921)\r\n\tat org.springframework.web.client.DefaultRestClient$DefaultResponseSpec.toEntityInternal(DefaultRestClient.java:867)\r\n\tat org.springframework.web.client.DefaultRestClient$DefaultResponseSpec.toEntity(DefaultRestClient.java:856)\r\n\tat org.springframework.cloud.netflix.eureka.http.RestClientEurekaHttpClient.getApplicationsInternal(RestClientEurekaHttpClient.java:201)\r\n\tat org.springframework.cloud.netflix.eureka.http.RestClientEurekaHttpClient.getApplications(RestClientEurekaHttpClient.java:137)\r\n\tat com.netflix.discovery.shared.transport.decorator.EurekaHttpClientDecorator$6.execute(EurekaHttpClientDecorator.java:137)\r\n\tat com.netflix.discovery.shared.transport.decorator.RedirectingEurekaHttpClient.executeOnNewServer(RedirectingEurekaHttpClient.java:121)\r\n\tat com.netflix.discovery.shared.transport.decorator.RedirectingEurekaHttpClient.execute(RedirectingEurekaHttpClient.java:80)\r\n\tat com.netflix.discovery.shared.transport.decorator.EurekaHttpClientDecorator.getApplications(EurekaHttpClientDecorator.java:134)\r\n\tat com.netflix.discovery.shared.transport.decorator.EurekaHttpClientDecorator$6.execute(EurekaHttpClientDecorator.java:137)\r\n\tat com.netflix.discovery.shared.transport.decorator.RetryableEurekaHttpClient.execute(RetryableEurekaHttpClient.java:120)\r\n\tat com.netflix.discovery.shared.transport.decorator.EurekaHttpClientDecorator.getApplications(EurekaHttpClientDecorator.java:134)\r\n\tat com.netflix.discovery.shared.transport.decorator.EurekaHttpClientDecorator$6.execute(EurekaHttpClientDecorator.java:137)\r\n\tat com.netflix.discovery.shared.transport.decorator.SessionedEurekaHttpClient.execute(SessionedEurekaHttpClient.java:76)\r\n\tat com.netflix.discovery.shared.transport.decorator.EurekaHttpClientDecorator.getApplications(EurekaHttpClientDecorator.java:134)\r\n\tat com.netflix.discovery.DiscoveryClient.getAndStoreFullRegistry(DiscoveryClient.java:1046)\r\n\tat com.netflix.discovery.DiscoveryClient.fetchRegistry(DiscoveryClient.java:961)\r\n\tat com.netflix.discovery.DiscoveryClient.<init>(DiscoveryClient.java:410)\r\n\tat com.netflix.discovery.DiscoveryClient.<init>(DiscoveryClient.java:245)\r\n\tat com.netflix.discovery.DiscoveryClient.<init>(DiscoveryClient.java:240)\r\n\tat org.springframework.cloud.netflix.eureka.CloudEurekaClient.<init>(CloudEurekaClient.java:68)\r\n\tat org.springframework.cloud.netflix.eureka.EurekaClientAutoConfiguration$RefreshableEurekaClientConfiguration.eurekaClient(EurekaClientAutoConfiguration.java:324)\r\n\tat java.base/jdk.internal.reflect.DirectMethodHandleAccessor.invoke(DirectMethodHandleAccessor.java:104)\r\n\tat java.base/java.lang.reflect.Method.invoke(Method.java:565)\r\n\tat org.springframework.beans.factory.support.SimpleInstantiationStrategy.lambda$instantiate$0(SimpleInstantiationStrategy.java:155)\r\n\tat org.springframework.beans.factory.support.SimpleInstantiationStrategy.instantiateWithFactoryMethod(SimpleInstantiationStrategy.java:72)\r\n\tat org.springframework.beans.factory.support.SimpleInstantiationStrategy.instantiate(SimpleInstantiationStrategy.java:152)\r\n\tat org.springframework.beans.factory.support.ConstructorResolver.instantiate(ConstructorResolver.java:653)\r\n\tat org.springframework.beans.factory.support.ConstructorResolver.instantiateUsingFactoryMethod(ConstructorResolver.java:645)\r\n\tat org.springframework.beans.factory.support.AbstractAutowireCapableBeanFactory.instantiateUsingFactoryMethod(AbstractAutowireCapableBeanFactory.java:1362)\r\n\tat org.springframework.beans.factory.support.AbstractAutowireCapableBeanFactory.createBeanInstance(AbstractAutowireCapableBeanFactory.java:1194)\r\n\tat org.springframework.beans.factory.support.AbstractAutowireCapableBeanFactory.doCreateBean(AbstractAutowireCapableBeanFactory.java:565)\r\n\tat org.springframework.beans.factory.support.AbstractAutowireCapableBeanFactory.createBean(AbstractAutowireCapableBeanFactory.java:525)\r\n\tat org.springframework.beans.factory.support.AbstractBeanFactory.lambda$doGetBean$1(AbstractBeanFactory.java:372)\r\n\tat org.springframework.cloud.context.scope.GenericScope$BeanLifecycleWrapper.getBean(GenericScope.java:373)\r\n\tat org.springframework.cloud.context.scope.GenericScope.get(GenericScope.java:177)\r\n\tat org.springframework.beans.factory.support.AbstractBeanFactory.doGetBean(AbstractBeanFactory.java:369)\r\n\tat org.springframework.beans.factory.support.AbstractBeanFactory.getBean(AbstractBeanFactory.java:196)\r\n\tat org.springframework.aop.target.SimpleBeanTargetSource.getTarget(SimpleBeanTargetSource.java:35)\r\n\tat org.springframework.cloud.netflix.eureka.serviceregistry.EurekaRegistration.getTargetObject(EurekaRegistration.java:128)\r\n\tat org.springframework.cloud.netflix.eureka.serviceregistry.EurekaRegistration.getEurekaClient(EurekaRegistration.java:116)\r\n\tat java.base/jdk.internal.reflect.DirectMethodHandleAccessor.invoke(DirectMethodHandleAccessor.java:104)\r\n\tat java.base/java.lang.reflect.Method.invoke(Method.java:565)\r\n\tat org.springframework.util.ReflectionUtils.invokeMethod(ReflectionUtils.java:281)\r\n\tat org.springframework.cloud.context.scope.GenericScope$LockedScopedProxyFactoryBean.invoke(GenericScope.java:480)\r\n\tat org.springframework.aop.framework.ReflectiveMethodInvocation.proceed(ReflectiveMethodInvocation.java:179)\r\n\tat org.springframework.aop.framework.CglibAopProxy$DynamicAdvisedInterceptor.intercept(CglibAopProxy.java:719)\r\n\tat org.springframework.cloud.netflix.eureka.serviceregistry.EurekaRegistration$$SpringCGLIB$$0.getEurekaClient(<generated>)\r\n\tat org.springframework.cloud.netflix.eureka.serviceregistry.EurekaServiceRegistry.maybeInitializeClient(EurekaServiceRegistry.java:83)\r\n\tat org.springframework.cloud.netflix.eureka.serviceregistry.EurekaServiceRegistry.register(EurekaServiceRegistry.java:66)\r\n\tat org.springframework.cloud.netflix.eureka.serviceregistry.EurekaAutoServiceRegistration.start(EurekaAutoServiceRegistration.java:89)\r\n\tat org.springframework.cloud.netflix.eureka.serviceregistry.EurekaAutoServiceRegistration.onApplicationEvent(EurekaAutoServiceRegistration.java:152)\r\n\tat org.springframework.cloud.netflix.eureka.serviceregistry.EurekaAutoServiceRegistration.onApplicationEvent(EurekaAutoServiceRegistration.java:137)\r\n\tat org.springframework.context.event.SimpleApplicationEventMulticaster.doInvokeListener(SimpleApplicationEventMulticaster.java:180)\r\n\tat org.springframework.context.event.SimpleApplicationEventMulticaster.invokeListener(SimpleApplicationEventMulticaster.java:173)\r\n\tat org.springframework.context.event.SimpleApplicationEventMulticaster.multicastEvent(SimpleApplicationEventMulticaster.java:151)\r\n\tat org.springframework.context.support.AbstractApplicationContext.publishEvent(AbstractApplicationContext.java:448)\r\n\tat org.springframework.context.support.AbstractApplicationContext.publishEvent(AbstractApplicationContext.java:381)\r\n\tat org.springframework.boot.web.server.servlet.context.WebServerStartStopLifecycle.start(WebServerStartStopLifecycle.java:47)\r\n\tat org.springframework.context.support.DefaultLifecycleProcessor.doStart(DefaultLifecycleProcessor.java:420)\r\n\tat org.springframework.context.support.DefaultLifecycleProcessor.doStart(DefaultLifecycleProcessor.java:409)\r\n\tat org.springframework.context.support.DefaultLifecycleProcessor$LifecycleGroup.start(DefaultLifecycleProcessor.java:613)\r\n\tat java.base/java.lang.Iterable.forEach(Iterable.java:75)\r\n\tat org.springframework.context.support.DefaultLifecycleProcessor.startBeans(DefaultLifecycleProcessor.java:379)\r\n\tat org.springframework.context.support.DefaultLifecycleProcessor.onRefresh(DefaultLifecycleProcessor.java:306)\r\n\tat org.springframework.context.support.AbstractApplicationContext.finishRefresh(AbstractApplicationContext.java:1013)\r\n\tat org.springframework.context.support.AbstractApplicationContext.refresh(AbstractApplicationContext.java:624)\r\n\tat org.springframework.boot.web.server.servlet.context.ServletWebServerApplicationContext.refresh(ServletWebServerApplicationContext.java:143)\r\n\tat org.springframework.boot.SpringApplication.refresh(SpringApplication.java:756)\r\n\tat org.springframework.boot.SpringApplication.refreshContext(SpringApplication.java:445)\r\n\tat org.springframework.boot.SpringApplication.run(SpringApplication.java:321)\r\n\tat org.springframework.boot.test.context.SpringBootContextLoader.lambda$loadContext$2(SpringBootContextLoader.java:155)\r\n\tat org.springframework.util.function.ThrowingSupplier.get(ThrowingSupplier.java:58)\r\n\tat org.springframework.util.function.ThrowingSupplier.get(ThrowingSupplier.java:46)\r\n\tat org.springframework.boot.SpringApplication.withHook(SpringApplication.java:1465)\r\n\tat org.springframework.boot.test.context.SpringBootContextLoader$ContextLoaderHook.run(SpringBootContextLoader.java:600)\r\n\tat org.springframework.boot.test.context.SpringBootContextLoader.loadContext(SpringBootContextLoader.java:155)\r\n\tat org.springframework.boot.test.context.SpringBootContextLoader.loadContext(SpringBootContextLoader.java:114)\r\n\tat org.springframework.test.context.cache.DefaultCacheAwareContextLoaderDelegate.loadContextInternal(DefaultCacheAwareContextLoaderDelegate.java:247)\r\n\tat org.springframework.test.context.cache.DefaultCacheAwareContextLoaderDelegate.lambda$loadContext$0(DefaultCacheAwareContextLoaderDelegate.java:167)\r\n\tat org.springframework.test.context.cache.DefaultContextCache.put(DefaultContextCache.java:214)\r\n\tat org.springframework.test.context.cache.DefaultCacheAwareContextLoaderDelegate.loadContext(DefaultCacheAwareContextLoaderDelegate.java:160)\r\n\tat org.springframework.test.context.support.DefaultTestContext.getApplicationContext(DefaultTestContext.java:128)\r\n\tat org.springframework.test.context.support.DependencyInjectionTestExecutionListener.injectDependencies(DependencyInjectionTestExecutionListener.java:156)\r\n\tat org.springframework.test.context.support.DependencyInjectionTestExecutionListener.prepareTestInstance(DependencyInjectionTestExecutionListener.java:111)\r\n\tat org.springframework.test.context.TestContextManager.prepareTestInstance(TestContextManager.java:260)\r\n\tat org.springframework.test.context.junit.jupiter.SpringExtension.postProcessTestInstance(SpringExtension.java:210)\r\n\tat org.junit.jupiter.engine.descriptor.ClassBasedTestDescriptor.lambda$invokeTestInstancePostProcessors$1(ClassBasedTestDescriptor.java:423)\r\n\tat org.junit.jupiter.engine.descriptor.ClassBasedTestDescriptor.executeAndMaskThrowable(ClassBasedTestDescriptor.java:428)\r\n\tat org.junit.jupiter.engine.descriptor.ClassBasedTestDescriptor.lambda$invokeTestInstancePostProcessors$0(ClassBasedTestDescriptor.java:422)\r\n\tat java.base/java.util.stream.ForEachOps$ForEachOp$OfRef.accept(ForEachOps.java:186)\r\n\tat java.base/java.util.stream.ReferencePipeline$3$1.accept(ReferencePipeline.java:214)\r\n\tat java.base/java.util.stream.ReferencePipeline$2$1.accept(ReferencePipeline.java:197)\r\n\tat java.base/java.util.stream.ReferencePipeline$3$1.accept(ReferencePipeline.java:214)\r\n\tat java.base/java.util.ArrayList$ArrayListSpliterator.forEachRemaining(ArrayList.java:1716)\r\n\tat java.base/java.util.stream.AbstractPipeline.copyInto(AbstractPipeline.java:570)\r\n\tat java.base/java.util.stream.AbstractPipeline.wrapAndCopyInto(AbstractPipeline.java:560)\r\n\tat java.base/java.util.stream.ForEachOps$ForEachOp.evaluateSequential(ForEachOps.java:153)\r\n\tat java.base/java.util.stream.ForEachOps$ForEachOp$OfRef.evaluateSequential(ForEachOps.java:176)\r\n\tat java.base/java.util.stream.AbstractPipeline.evaluate(AbstractPipeline.java:265)\r\n\tat java.base/java.util.stream.ReferencePipeline.forEach(ReferencePipeline.java:632)\r\n\tat org.junit.jupiter.engine.descriptor.ClassBasedTestDescriptor.invokeTestInstancePostProcessors(ClassBasedTestDescriptor.java:422)\r\n\tat org.junit.jupiter.engine.descriptor.ClassBasedTestDescriptor.lambda$instantiateAndPostProcessTestInstance$0(ClassBasedTestDescriptor.java:334)\r\n\tat org.junit.platform.engine.support.hierarchical.ThrowableCollector.execute(ThrowableCollector.java:74)\r\n\tat org.junit.jupiter.engine.descriptor.ClassBasedTestDescriptor.instantiateAndPostProcessTestInstance(ClassBasedTestDescriptor.java:333)\r\n\tat org.junit.jupiter.engine.descriptor.ClassBasedTestDescriptor.lambda$testInstancesProvider$1(ClassBasedTestDescriptor.java:322)\r\n\tat java.base/java.util.Optional.orElseGet(Optional.java:364)\r\n\tat org.junit.jupiter.engine.descriptor.ClassBasedTestDescriptor.lambda$testInstancesProvider$0(ClassBasedTestDescriptor.java:321)\r\n\tat org.junit.jupiter.engine.execution.TestInstancesProvider.getTestInstances(TestInstancesProvider.java:27)\r\n\tat org.junit.jupiter.engine.descriptor.ClassBasedTestDescriptor.lambda$before$0(ClassBasedTestDescriptor.java:240)\r\n\tat org.junit.platform.engine.support.hierarchical.ThrowableCollector.execute(ThrowableCollector.java:74)\r\n\tat org.junit.jupiter.engine.descriptor.ClassBasedTestDescriptor.before(ClassBasedTestDescriptor.java:239)\r\n\tat org.junit.jupiter.engine.descriptor.ClassBasedTestDescriptor.before(ClassBasedTestDescriptor.java:88)\r\n\tat org.junit.platform.engine.support.hierarchical.NodeTestTask.lambda$executeRecursively$2(NodeTestTask.java:173)\r\n\tat org.junit.platform.engine.support.hierarchical.ThrowableCollector.execute(ThrowableCollector.java:74)\r\n\tat org.junit.platform.engine.support.hierarchical.NodeTestTask.lambda$executeRecursively$1(NodeTestTask.java:166)\r\n\tat org.junit.platform.engine.support.hierarchical.Node.around(Node.java:138)\r\n\tat org.junit.platform.engine.support.hierarchical.NodeTestTask.lambda$executeRecursively$0(NodeTestTask.java:164)\r\n\tat org.junit.platform.engine.support.hierarchical.ThrowableCollector.execute(ThrowableCollector.java:74)\r\n\tat org.junit.platform.engine.support.hierarchical.NodeTestTask.executeRecursively(NodeTestTask.java:163)\r\n\tat org.junit.platform.engine.support.hierarchical.NodeTestTask.execute(NodeTestTask.java:116)\r\n\tat java.base/java.util.ArrayList.forEach(ArrayList.java:1604)\r\n\tat org.junit.platform.engine.support.hierarchical.SameThreadHierarchicalTestExecutorService.invokeAll(SameThreadHierarchicalTestExecutorService.java:42)\r\n\tat org.junit.platform.engine.support.hierarchical.NodeTestTask.lambda$executeRecursively$2(NodeTestTask.java:180)\r\n\tat org.junit.platform.engine.support.hierarchical.ThrowableCollector.execute(ThrowableCollector.java:74)\r\n\tat org.junit.platform.engine.support.hierarchical.NodeTestTask.lambda$executeRecursively$1(NodeTestTask.java:166)\r\n\tat org.junit.platform.engine.support.hierarchical.Node.around(Node.java:138)\r\n\tat org.junit.platform.engine.support.hierarchical.NodeTestTask.lambda$executeRecursively$0(NodeTestTask.java:164)\r\n\tat org.junit.platform.engine.support.hierarchical.ThrowableCollector.execute(ThrowableCollector.java:74)\r\n\tat org.junit.platform.engine.support.hierarchical.NodeTestTask.executeRecursively(NodeTestTask.java:163)\r\n\tat org.junit.platform.engine.support.hierarchical.NodeTestTask.execute(NodeTestTask.java:116)\r\n\tat org.junit.platform.engine.support.hierarchical.SameThreadHierarchicalTestExecutorService.submit(SameThreadHierarchicalTestExecutorService.java:36)\r\n\tat org.junit.platform.engine.support.hierarchical.HierarchicalTestExecutor.execute(HierarchicalTestExecutor.java:52)\r\n\tat org.junit.platform.engine.support.hierarchical.HierarchicalTestEngine.execute(HierarchicalTestEngine.java:58)\r\n\tat org.junit.platform.launcher.core.EngineExecutionOrchestrator.executeEngine(EngineExecutionOrchestrator.java:246)\r\n\tat org.junit.platform.launcher.core.EngineExecutionOrchestrator.failOrExecuteEngine(EngineExecutionOrchestrator.java:218)\r\n\tat org.junit.platform.launcher.core.EngineExecutionOrchestrator.execute(EngineExecutionOrchestrator.java:179)\r\n\tat org.junit.platform.launcher.core.EngineExecutionOrchestrator.execute(EngineExecutionOrchestrator.java:108)\r\n\tat org.junit.platform.launcher.core.EngineExecutionOrchestrator.lambda$execute$0(EngineExecutionOrchestrator.java:66)\r\n\tat org.junit.platform.launcher.core.EngineExecutionOrchestrator.withInterceptedStreams(EngineExecutionOrchestrator.java:157)\r\n\tat org.junit.platform.launcher.core.EngineExecutionOrchestrator.execute(EngineExecutionOrchestrator.java:65)\r\n\tat org.junit.platform.launcher.core.DefaultLauncher.execute(DefaultLauncher.java:125)\r\n\tat org.junit.platform.launcher.core.DefaultLauncher.execute(DefaultLauncher.java:114)\r\n\tat org.junit.platform.launcher.core.DelegatingLauncher.execute(DelegatingLauncher.java:58)\r\n\tat org.junit.platform.launcher.core.InterceptingLauncher.lambda$execute$2(InterceptingLauncher.java:57)\r\n\tat org.junit.platform.launcher.core.ClasspathAlignmentCheckingLauncherInterceptor.intercept(ClasspathAlignmentCheckingLauncherInterceptor.java:25)\r\n\tat org.junit.platform.launcher.core.InterceptingLauncher.execute(InterceptingLauncher.java:56)\r\n\tat org.junit.platform.launcher.core.DelegatingLauncher.execute(DelegatingLauncher.java:58)\r\n\tat java.base/jdk.internal.reflect.DirectMethodHandleAccessor.invoke(DirectMethodHandleAccessor.java:104)\r\n\tat java.base/java.lang.reflect.Method.invoke(Method.java:565)\r\n\tat org.apache.maven.surefire.api.util.ReflectionUtils.invokeMethodWithArray(ReflectionUtils.java:125)\r\n\tat org.apache.maven.surefire.junitplatform.LauncherAdapter.executeWithCancellationToken(LauncherAdapter.java:68)\r\n\tat org.apache.maven.surefire.junitplatform.LauncherAdapter.execute(LauncherAdapter.java:54)\r\n\tat org.apache.maven.surefire.junitplatform.JUnitPlatformProvider.execute(JUnitPlatformProvider.java:203)\r\n\tat org.apache.maven.surefire.junitplatform.JUnitPlatformProvider.invokeAllTests(JUnitPlatformProvider.java:168)\r\n\tat org.apache.maven.surefire.junitplatform.JUnitPlatformProvider.invoke(JUnitPlatformProvider.java:136)\r\n\tat org.apache.maven.surefire.booter.ForkedBooter.runSuitesInProcess(ForkedBooter.java:385)\r\n\tat org.apache.maven.surefire.booter.ForkedBooter.execute(ForkedBooter.java:162)\r\n\tat org.apache.maven.surefire.booter.ForkedBooter.run(ForkedBooter.java:507)\r\n\tat org.apache.maven.surefire.booter.ForkedBooter.main(ForkedBooter.java:495)\r\nCaused by: org.apache.hc.client5.http.HttpHostConnectException: Connect to http://localhost:8761 failed: Connection refused: getsockopt\r\n\tat java.base/sun.nio.ch.Net.pollConnect(Native Method)\r\n\tat java.base/sun.nio.ch.Net.pollConnectNow(Net.java:639)\r\n\tat java.base/sun.nio.ch.NioSocketImpl.timedFinishConnect(NioSocketImpl.java:543)\r\n\tat java.base/sun.nio.ch.NioSocketImpl.connect(NioSocketImpl.java:594)\r\n\tat java.base/java.net.SocksSocketImpl.connect(SocksSocketImpl.java:284)\r\n\tat java.base/java.net.Socket.connect(Socket.java:659)\r\n\tat org.apache.hc.client5.http.impl.io.DefaultHttpClientConnectionOperator.connect(DefaultHttpClientConnectionOperator.java:226)\r\n\tat org.apache.hc.client5.http.impl.io.PoolingHttpClientConnectionManager.connect(PoolingHttpClientConnectionManager.java:497)\r\n\tat org.apache.hc.client5.http.impl.classic.InternalExecRuntime.connectEndpoint(InternalExecRuntime.java:164)\r\n\tat org.apache.hc.client5.http.impl.classic.InternalExecRuntime.connectEndpoint(InternalExecRuntime.java:174)\r\n\tat org.apache.hc.client5.http.impl.classic.ConnectExec.execute(ConnectExec.java:144)\r\n\tat org.apache.hc.client5.http.impl.classic.ExecChainElement.execute(ExecChainElement.java:51)\r\n\tat org.apache.hc.client5.http.impl.classic.ProtocolExec.execute(ProtocolExec.java:195)\r\n\tat org.apache.hc.client5.http.impl.classic.ExecChainElement.execute(ExecChainElement.java:51)\r\n\tat org.apache.hc.client5.http.impl.classic.ContentCompressionExec.execute(ContentCompressionExec.java:168)\r\n\tat org.apache.hc.client5.http.impl.classic.ExecChainElement.execute(ExecChainElement.java:51)\r\n\tat org.apache.hc.client5.http.impl.classic.HttpRequestRetryExec.execute(HttpRequestRetryExec.java:112)\r\n\tat org.apache.hc.client5.http.impl.classic.ExecChainElement.execute(ExecChainElement.java:51)\r\n\tat org.apache.hc.client5.http.impl.classic.RedirectExec.execute(RedirectExec.java:110)\r\n\tat org.apache.hc.client5.http.impl.classic.ExecChainElement.execute(ExecChainElement.java:51)\r\n\tat org.apache.hc.client5.http.impl.classic.InternalHttpClient.doExecute(InternalHttpClient.java:185)\r\n\tat org.apache.hc.client5.http.impl.classic.CloseableHttpClient.execute(CloseableHttpClient.java:87)\r\n\tat org.apache.hc.client5.http.impl.classic.CloseableHttpClient.execute(CloseableHttpClient.java:55)\r\n\tat org.apache.hc.client5.http.classic.HttpClient.executeOpen(HttpClient.java:183)\r\n\tat org.springframework.http.client.HttpComponentsClientHttpRequest.executeInternal(HttpComponentsClientHttpRequest.java:99)\r\n\tat org.springframework.http.client.AbstractStreamingClientHttpRequest.executeInternal(AbstractStreamingClientHttpRequest.java:87)\r\n\tat org.springframework.http.client.AbstractClientHttpRequest.execute(AbstractClientHttpRequest.java:80)\r\n\tat org.springframework.http.client.AbstractBufferingClientHttpRequest.executeWithRequest(AbstractBufferingClientHttpRequest.java:89)\r\n\tat org.springframework.http.client.InterceptingClientHttpRequest$EndOfChainRequestExecution.execute(InterceptingClientHttpRequest.java:102)\r\n\tat org.springframework.cloud.netflix.eureka.http.RestClientTransportClientFactory.lambda$newClient$2(RestClientTransportClientFactory.java:98)\r\n\tat org.springframework.http.client.ClientHttpRequestInterceptor.lambda$apply$0(ClientHttpRequestInterceptor.java:89)\r\n\tat org.springframework.http.client.InterceptingClientHttpRequest.executeInternal(InterceptingClientHttpRequest.java:73)\r\n\tat org.springframework.http.client.AbstractBufferingClientHttpRequest.executeInternal(AbstractBufferingClientHttpRequest.java:50)\r\n\tat org.springframework.http.client.AbstractClientHttpRequest.execute(AbstractClientHttpRequest.java:80)\r\n\tat org.springframework.web.client.DefaultRestClient$DefaultRequestBodyUriSpec.exchangeInternal(DefaultRestClient.java:614)\r\n\t... 162 more\r\n","logger_name":"com.netflix.discovery.shared.transport.decorator.RedirectingEurekaHttpClient","thread_name":"main","level":"INFO","level_value":20000,"activeEnv":"default","serviceName":"inventory-service","service":"inventory-service","env":"default"}
{"@timestamp":"2026-05-24T07:45:33.9272169+04:00","@version":"1","message":"Request execution failed with message: I/O error on GET request for \"http://localhost:8761/eureka/apps/\": Connect to http://localhost:8761 failed: Connection refused: getsockopt","logger_name":"com.netflix.discovery.shared.transport.decorator.RetryableEurekaHttpClient","thread_name":"main","level":"WARN","level_value":30000,"activeEnv":"default","serviceName":"inventory-service","service":"inventory-service","env":"default"}
{"@timestamp":"2026-05-24T07:45:33.9281497+04:00","@version":"1","message":"DiscoveryClient_INVENTORY-SERVICE/OMNLT5CG3292BDO.mshome.net:inventory-service:0 - was unable to refresh its cache! This periodic background refresh will be retried in 30 seconds. status = Cannot execute request on any known server stacktrace = com.netflix.discovery.shared.transport.TransportException: Cannot execute request on any known server\r\n\tat com.netflix.discovery.shared.transport.decorator.RetryableEurekaHttpClient.execute(RetryableEurekaHttpClient.java:112)\r\n\tat com.netflix.discovery.shared.transport.decorator.EurekaHttpClientDecorator.getApplications(EurekaHttpClientDecorator.java:134)\r\n\tat com.netflix.discovery.shared.transport.decorator.EurekaHttpClientDecorator$6.execute(EurekaHttpClientDecorator.java:137)\r\n\tat com.netflix.discovery.shared.transport.decorator.SessionedEurekaHttpClient.execute(SessionedEurekaHttpClient.java:76)\r\n\tat com.netflix.discovery.shared.transport.decorator.EurekaHttpClientDecorator.getApplications(EurekaHttpClientDecorator.java:134)\r\n\tat com.netflix.discovery.DiscoveryClient.getAndStoreFullRegistry(DiscoveryClient.java:1046)\r\n\tat com.netflix.discovery.DiscoveryClient.fetchRegistry(DiscoveryClient.java:961)\r\n\tat com.netflix.discovery.DiscoveryClient.<init>(DiscoveryClient.java:410)\r\n\tat com.netflix.discovery.DiscoveryClient.<init>(DiscoveryClient.java:245)\r\n\tat com.netflix.discovery.DiscoveryClient.<init>(DiscoveryClient.java:240)\r\n\tat org.springframework.cloud.netflix.eureka.CloudEurekaClient.<init>(CloudEurekaClient.java:68)\r\n\tat org.springframework.cloud.netflix.eureka.EurekaClientAutoConfiguration$RefreshableEurekaClientConfiguration.eurekaClient(EurekaClientAutoConfiguration.java:324)\r\n\tat java.base/jdk.internal.reflect.DirectMethodHandleAccessor.invoke(DirectMethodHandleAccessor.java:104)\r\n\tat java.base/java.lang.reflect.Method.invoke(Method.java:565)\r\n\tat org.springframework.beans.factory.support.SimpleInstantiationStrategy.lambda$instantiate$0(SimpleInstantiationStrategy.java:155)\r\n\tat org.springframework.beans.factory.support.SimpleInstantiationStrategy.instantiateWithFactoryMethod(SimpleInstantiationStrategy.java:72)\r\n\tat org.springframework.beans.factory.support.SimpleInstantiationStrategy.instantiate(SimpleInstantiationStrategy.java:152)\r\n\tat org.springframework.beans.factory.support.ConstructorResolver.instantiate(ConstructorResolver.java:653)\r\n\tat org.springframework.beans.factory.support.ConstructorResolver.instantiateUsingFactoryMethod(ConstructorResolver.java:645)\r\n\tat org.springframework.beans.factory.support.AbstractAutowireCapableBeanFactory.instantiateUsingFactoryMethod(AbstractAutowireCapableBeanFactory.java:1362)\r\n\tat org.springframework.beans.factory.support.AbstractAutowireCapableBeanFactory.createBeanInstance(AbstractAutowireCapableBeanFactory.java:1194)\r\n\tat org.springframework.beans.factory.support.AbstractAutowireCapableBeanFactory.doCreateBean(AbstractAutowireCapableBeanFactory.java:565)\r\n\tat org.springframework.beans.factory.support.AbstractAutowireCapableBeanFactory.createBean(AbstractAutowireCapableBeanFactory.java:525)\r\n\tat org.springframework.beans.factory.support.AbstractBeanFactory.lambda$doGetBean$1(AbstractBeanFactory.java:372)\r\n\tat org.springframework.cloud.context.scope.GenericScope$BeanLifecycleWrapper.getBean(GenericScope.java:373)\r\n\tat org.springframework.cloud.context.scope.GenericScope.get(GenericScope.java:177)\r\n\tat org.springframework.beans.factory.support.AbstractBeanFactory.doGetBean(AbstractBeanFactory.java:369)\r\n\tat org.springframework.beans.factory.support.AbstractBeanFactory.getBean(AbstractBeanFactory.java:196)\r\n\tat org.springframework.aop.target.SimpleBeanTargetSource.getTarget(SimpleBeanTargetSource.java:35)\r\n\tat org.springframework.cloud.netflix.eureka.serviceregistry.EurekaRegistration.getTargetObject(EurekaRegistration.java:128)\r\n\tat org.springframework.cloud.netflix.eureka.serviceregistry.EurekaRegistration.getEurekaClient(EurekaRegistration.java:116)\r\n\tat java.base/jdk.internal.reflect.DirectMethodHandleAccessor.invoke(DirectMethodHandleAccessor.java:104)\r\n\tat java.base/java.lang.reflect.Method.invoke(Method.java:565)\r\n\tat org.springframework.util.ReflectionUtils.invokeMethod(ReflectionUtils.java:281)\r\n\tat org.springframework.cloud.context.scope.GenericScope$LockedScopedProxyFactoryBean.invoke(GenericScope.java:480)\r\n\tat org.springframework.aop.framework.ReflectiveMethodInvocation.proceed(ReflectiveMethodInvocation.java:179)\r\n\tat org.springframework.aop.framework.CglibAopProxy$DynamicAdvisedInterceptor.intercept(CglibAopProxy.java:719)\r\n\tat org.springframework.cloud.netflix.eureka.serviceregistry.EurekaRegistration$$SpringCGLIB$$0.getEurekaClient(<generated>)\r\n\tat org.springframework.cloud.netflix.eureka.serviceregistry.EurekaServiceRegistry.maybeInitializeClient(EurekaServiceRegistry.java:83)\r\n\tat org.springframework.cloud.netflix.eureka.serviceregistry.EurekaServiceRegistry.register(EurekaServiceRegistry.java:66)\r\n\tat org.springframework.cloud.netflix.eureka.serviceregistry.EurekaAutoServiceRegistration.start(EurekaAutoServiceRegistration.java:89)\r\n\tat org.springframework.cloud.netflix.eureka.serviceregistry.EurekaAutoServiceRegistration.onApplicationEvent(EurekaAutoServiceRegistration.java:152)\r\n\tat org.springframework.cloud.netflix.eureka.serviceregistry.EurekaAutoServiceRegistration.onApplicationEvent(EurekaAutoServiceRegistration.java:137)\r\n\tat org.springframework.context.event.SimpleApplicationEventMulticaster.doInvokeListener(SimpleApplicationEventMulticaster.java:180)\r\n\tat org.springframework.context.event.SimpleApplicationEventMulticaster.invokeListener(SimpleApplicationEventMulticaster.java:173)\r\n\tat org.springframework.context.event.SimpleApplicationEventMulticaster.multicastEvent(SimpleApplicationEventMulticaster.java:151)\r\n\tat org.springframework.context.support.AbstractApplicationContext.publishEvent(AbstractApplicationContext.java:448)\r\n\tat org.springframework.context.support.AbstractApplicationContext.publishEvent(AbstractApplicationContext.java:381)\r\n\tat org.springframework.boot.web.server.servlet.context.WebServerStartStopLifecycle.start(WebServerStartStopLifecycle.java:47)\r\n\tat org.springframework.context.support.DefaultLifecycleProcessor.doStart(DefaultLifecycleProcessor.java:420)\r\n\tat org.springframework.context.support.DefaultLifecycleProcessor.doStart(DefaultLifecycleProcessor.java:409)\r\n\tat org.springframework.context.support.DefaultLifecycleProcessor$LifecycleGroup.start(DefaultLifecycleProcessor.java:613)\r\n\tat java.base/java.lang.Iterable.forEach(Iterable.java:75)\r\n\tat org.springframework.context.support.DefaultLifecycleProcessor.startBeans(DefaultLifecycleProcessor.java:379)\r\n\tat org.springframework.context.support.DefaultLifecycleProcessor.onRefresh(DefaultLifecycleProcessor.java:306)\r\n\tat org.springframework.context.support.AbstractApplicationContext.finishRefresh(AbstractApplicationContext.java:1013)\r\n\tat org.springframework.context.support.AbstractApplicationContext.refresh(AbstractApplicationContext.java:624)\r\n\tat org.springframework.boot.web.server.servlet.context.ServletWebServerApplicationContext.refresh(ServletWebServerApplicationContext.java:143)\r\n\tat org.springframework.boot.SpringApplication.refresh(SpringApplication.java:756)\r\n\tat org.springframework.boot.SpringApplication.refreshContext(SpringApplication.java:445)\r\n\tat org.springframework.boot.SpringApplication.run(SpringApplication.java:321)\r\n\tat org.springframework.boot.test.context.SpringBootContextLoader.lambda$loadContext$2(SpringBootContextLoader.java:155)\r\n\tat org.springframework.util.function.ThrowingSupplier.get(ThrowingSupplier.java:58)\r\n\tat org.springframework.util.function.ThrowingSupplier.get(ThrowingSupplier.java:46)\r\n\tat org.springframework.boot.SpringApplication.withHook(SpringApplication.java:1465)\r\n\tat org.springframework.boot.test.context.SpringBootContextLoader$ContextLoaderHook.run(SpringBootContextLoader.java:600)\r\n\tat org.springframework.boot.test.context.SpringBootContextLoader.loadContext(SpringBootContextLoader.java:155)\r\n\tat org.springframework.boot.test.context.SpringBootContextLoader.loadContext(SpringBootContextLoader.java:114)\r\n\tat org.springframework.test.context.cache.DefaultCacheAwareContextLoaderDelegate.loadContextInternal(DefaultCacheAwareContextLoaderDelegate.java:247)\r\n\tat org.springframework.test.context.cache.DefaultCacheAwareContextLoaderDelegate.lambda$loadContext$0(DefaultCacheAwareContextLoaderDelegate.java:167)\r\n\tat org.springframework.test.context.cache.DefaultContextCache.put(DefaultContextCache.java:214)\r\n\tat org.springframework.test.context.cache.DefaultCacheAwareContextLoaderDelegate.loadContext(DefaultCacheAwareContextLoaderDelegate.java:160)\r\n\tat org.springframework.test.context.support.DefaultTestContext.getApplicationContext(DefaultTestContext.java:128)\r\n\tat org.springframework.test.context.support.DependencyInjectionTestExecutionListener.injectDependencies(DependencyInjectionTestExecutionListener.java:156)\r\n\tat org.springframework.test.context.support.DependencyInjectionTestExecutionListener.prepareTestInstance(DependencyInjectionTestExecutionListener.java:111)\r\n\tat org.springframework.test.context.TestContextManager.prepareTestInstance(TestContextManager.java:260)\r\n\tat org.springframework.test.context.junit.jupiter.SpringExtension.postProcessTestInstance(SpringExtension.java:210)\r\n\tat org.junit.jupiter.engine.descriptor.ClassBasedTestDescriptor.lambda$invokeTestInstancePostProcessors$1(ClassBasedTestDescriptor.java:423)\r\n\tat org.junit.jupiter.engine.descriptor.ClassBasedTestDescriptor.executeAndMaskThrowable(ClassBasedTestDescriptor.java:428)\r\n\tat org.junit.jupiter.engine.descriptor.ClassBasedTestDescriptor.lambda$invokeTestInstancePostProcessors$0(ClassBasedTestDescriptor.java:422)\r\n\tat java.base/java.util.stream.ForEachOps$ForEachOp$OfRef.accept(ForEachOps.java:186)\r\n\tat java.base/java.util.stream.ReferencePipeline$3$1.accept(ReferencePipeline.java:214)\r\n\tat java.base/java.util.stream.ReferencePipeline$2$1.accept(ReferencePipeline.java:197)\r\n\tat java.base/java.util.stream.ReferencePipeline$3$1.accept(ReferencePipeline.java:214)\r\n\tat java.base/java.util.ArrayList$ArrayListSpliterator.forEachRemaining(ArrayList.java:1716)\r\n\tat java.base/java.util.stream.AbstractPipeline.copyInto(AbstractPipeline.java:570)\r\n\tat java.base/java.util.stream.AbstractPipeline.wrapAndCopyInto(AbstractPipeline.java:560)\r\n\tat java.base/java.util.stream.ForEachOps$ForEachOp.evaluateSequential(ForEachOps.java:153)\r\n\tat java.base/java.util.stream.ForEachOps$ForEachOp$OfRef.evaluateSequential(ForEachOps.java:176)\r\n\tat java.base/java.util.stream.AbstractPipeline.evaluate(AbstractPipeline.java:265)\r\n\tat java.base/java.util.stream.ReferencePipeline.forEach(ReferencePipeline.java:632)\r\n\tat org.junit.jupiter.engine.descriptor.ClassBasedTestDescriptor.invokeTestInstancePostProcessors(ClassBasedTestDescriptor.java:422)\r\n\tat org.junit.jupiter.engine.descriptor.ClassBasedTestDescriptor.lambda$instantiateAndPostProcessTestInstance$0(ClassBasedTestDescriptor.java:334)\r\n\tat org.junit.platform.engine.support.hierarchical.ThrowableCollector.execute(ThrowableCollector.java:74)\r\n\tat org.junit.jupiter.engine.descriptor.ClassBasedTestDescriptor.instantiateAndPostProcessTestInstance(ClassBasedTestDescriptor.java:333)\r\n\tat org.junit.jupiter.engine.descriptor.ClassBasedTestDescriptor.lambda$testInstancesProvider$1(ClassBasedTestDescriptor.java:322)\r\n\tat java.base/java.util.Optional.orElseGet(Optional.java:364)\r\n\tat org.junit.jupiter.engine.descriptor.ClassBasedTestDescriptor.lambda$testInstancesProvider$0(ClassBasedTestDescriptor.java:321)\r\n\tat org.junit.jupiter.engine.execution.TestInstancesProvider.getTestInstances(TestInstancesProvider.java:27)\r\n\tat org.junit.jupiter.engine.descriptor.ClassBasedTestDescriptor.lambda$before$0(ClassBasedTestDescriptor.java:240)\r\n\tat org.junit.platform.engine.support.hierarchical.ThrowableCollector.execute(ThrowableCollector.java:74)\r\n\tat org.junit.jupiter.engine.descriptor.ClassBasedTestDescriptor.before(ClassBasedTestDescriptor.java:239)\r\n\tat org.junit.jupiter.engine.descriptor.ClassBasedTestDescriptor.before(ClassBasedTestDescriptor.java:88)\r\n\tat org.junit.platform.engine.support.hierarchical.NodeTestTask.lambda$executeRecursively$2(NodeTestTask.java:173)\r\n\tat org.junit.platform.engine.support.hierarchical.ThrowableCollector.execute(ThrowableCollector.java:74)\r\n\tat org.junit.platform.engine.support.hierarchical.NodeTestTask.lambda$executeRecursively$1(NodeTestTask.java:166)\r\n\tat org.junit.platform.engine.support.hierarchical.Node.around(Node.java:138)\r\n\tat org.junit.platform.engine.support.hierarchical.NodeTestTask.lambda$executeRecursively$0(NodeTestTask.java:164)\r\n\tat org.junit.platform.engine.support.hierarchical.ThrowableCollector.execute(ThrowableCollector.java:74)\r\n\tat org.junit.platform.engine.support.hierarchical.NodeTestTask.executeRecursively(NodeTestTask.java:163)\r\n\tat org.junit.platform.engine.support.hierarchical.NodeTestTask.execute(NodeTestTask.java:116)\r\n\tat java.base/java.util.ArrayList.forEach(ArrayList.java:1604)\r\n\tat org.junit.platform.engine.support.hierarchical.SameThreadHierarchicalTestExecutorService.invokeAll(SameThreadHierarchicalTestExecutorService.java:42)\r\n\tat org.junit.platform.engine.support.hierarchical.NodeTestTask.lambda$executeRecursively$2(NodeTestTask.java:180)\r\n\tat org.junit.platform.engine.support.hierarchical.ThrowableCollector.execute(ThrowableCollector.java:74)\r\n\tat org.junit.platform.engine.support.hierarchical.NodeTestTask.lambda$executeRecursively$1(NodeTestTask.java:166)\r\n\tat org.junit.platform.engine.support.hierarchical.Node.around(Node.java:138)\r\n\tat org.junit.platform.engine.support.hierarchical.NodeTestTask.lambda$executeRecursively$0(NodeTestTask.java:164)\r\n\tat org.junit.platform.engine.support.hierarchical.ThrowableCollector.execute(ThrowableCollector.java:74)\r\n\tat org.junit.platform.engine.support.hierarchical.NodeTestTask.executeRecursively(NodeTestTask.java:163)\r\n\tat org.junit.platform.engine.support.hierarchical.NodeTestTask.execute(NodeTestTask.java:116)\r\n\tat org.junit.platform.engine.support.hierarchical.SameThreadHierarchicalTestExecutorService.submit(SameThreadHierarchicalTestExecutorService.java:36)\r\n\tat org.junit.platform.engine.support.hierarchical.HierarchicalTestExecutor.execute(HierarchicalTestExecutor.java:52)\r\n\tat org.junit.platform.engine.support.hierarchical.HierarchicalTestEngine.execute(HierarchicalTestEngine.java:58)\r\n\tat org.junit.platform.launcher.core.EngineExecutionOrchestrator.executeEngine(EngineExecutionOrchestrator.java:246)\r\n\tat org.junit.platform.launcher.core.EngineExecutionOrchestrator.failOrExecuteEngine(EngineExecutionOrchestrator.java:218)\r\n\tat org.junit.platform.launcher.core.EngineExecutionOrchestrator.execute(EngineExecutionOrchestrator.java:179)\r\n\tat org.junit.platform.launcher.core.EngineExecutionOrchestrator.execute(EngineExecutionOrchestrator.java:108)\r\n\tat org.junit.platform.launcher.core.EngineExecutionOrchestrator.lambda$execute$0(EngineExecutionOrchestrator.java:66)\r\n\tat org.junit.platform.launcher.core.EngineExecutionOrchestrator.withInterceptedStreams(EngineExecutionOrchestrator.java:157)\r\n\tat org.junit.platform.launcher.core.EngineExecutionOrchestrator.execute(EngineExecutionOrchestrator.java:65)\r\n\tat org.junit.platform.launcher.core.DefaultLauncher.execute(DefaultLauncher.java:125)\r\n\tat org.junit.platform.launcher.core.DefaultLauncher.execute(DefaultLauncher.java:114)\r\n\tat org.junit.platform.launcher.core.DelegatingLauncher.execute(DelegatingLauncher.java:58)\r\n\tat org.junit.platform.launcher.core.InterceptingLauncher.lambda$execute$2(InterceptingLauncher.java:57)\r\n\tat org.junit.platform.launcher.core.ClasspathAlignmentCheckingLauncherInterceptor.intercept(ClasspathAlignmentCheckingLauncherInterceptor.java:25)\r\n\tat org.junit.platform.launcher.core.InterceptingLauncher.execute(InterceptingLauncher.java:56)\r\n\tat org.junit.platform.launcher.core.DelegatingLauncher.execute(DelegatingLauncher.java:58)\r\n\tat java.base/jdk.internal.reflect.DirectMethodHandleAccessor.invoke(DirectMethodHandleAccessor.java:104)\r\n\tat java.base/java.lang.reflect.Method.invoke(Method.java:565)\r\n\tat org.apache.maven.surefire.api.util.ReflectionUtils.invokeMethodWithArray(ReflectionUtils.java:125)\r\n\tat org.apache.maven.surefire.junitplatform.LauncherAdapter.executeWithCancellationToken(LauncherAdapter.java:68)\r\n\tat org.apache.maven.surefire.junitplatform.LauncherAdapter.execute(LauncherAdapter.java:54)\r\n\tat org.apache.maven.surefire.junitplatform.JUnitPlatformProvider.execute(JUnitPlatformProvider.java:203)\r\n\tat org.apache.maven.surefire.junitplatform.JUnitPlatformProvider.invokeAllTests(JUnitPlatformProvider.java:168)\r\n\tat org.apache.maven.surefire.junitplatform.JUnitPlatformProvider.invoke(JUnitPlatformProvider.java:136)\r\n\tat org.apache.maven.surefire.booter.ForkedBooter.runSuitesInProcess(ForkedBooter.java:385)\r\n\tat org.apache.maven.surefire.booter.ForkedBooter.execute(ForkedBooter.java:162)\r\n\tat org.apache.maven.surefire.booter.ForkedBooter.run(ForkedBooter.java:507)\r\n\tat org.apache.maven.surefire.booter.ForkedBooter.main(ForkedBooter.java:495)\r\n","logger_name":"com.netflix.discovery.DiscoveryClient","thread_name":"main","level":"INFO","level_value":20000,"activeEnv":"default","serviceName":"inventory-service","service":"inventory-service","env":"default"}
{"@timestamp":"2026-05-24T07:45:33.9281497+04:00","@version":"1","message":"Initial registry fetch from primary servers failed","logger_name":"com.netflix.discovery.DiscoveryClient","thread_name":"main","level":"INFO","level_value":20000,"activeEnv":"default","serviceName":"inventory-service","service":"inventory-service","env":"default"}
{"@timestamp":"2026-05-24T07:45:33.9291344+04:00","@version":"1","message":"Using default backup registry implementation which does not do anything.","logger_name":"com.netflix.discovery.DiscoveryClient","thread_name":"main","level":"WARN","level_value":30000,"activeEnv":"default","serviceName":"inventory-service","service":"inventory-service","env":"default"}
{"@timestamp":"2026-05-24T07:45:33.9291344+04:00","@version":"1","message":"Initial registry fetch from backup servers failed","logger_name":"com.netflix.discovery.DiscoveryClient","thread_name":"main","level":"INFO","level_value":20000,"activeEnv":"default","serviceName":"inventory-service","service":"inventory-service","env":"default"}
{"@timestamp":"2026-05-24T07:45:33.93014+04:00","@version":"1","message":"Starting heartbeat executor: renew interval is: 30","logger_name":"com.netflix.discovery.DiscoveryClient","thread_name":"main","level":"INFO","level_value":20000,"activeEnv":"default","serviceName":"inventory-service","service":"inventory-service","env":"default"}
{"@timestamp":"2026-05-24T07:45:33.9321436+04:00","@version":"1","message":"InstanceInfoReplicator onDemand update allowed rate per min is 4","logger_name":"com.netflix.discovery.InstanceInfoReplicator","thread_name":"main","level":"INFO","level_value":20000,"activeEnv":"default","serviceName":"inventory-service","service":"inventory-service","env":"default"}
{"@timestamp":"2026-05-24T07:45:33.9371466+04:00","@version":"1","message":"Discovery Client initialized at timestamp 1779594333933 with initial instances count: 0","logger_name":"com.netflix.discovery.DiscoveryClient","thread_name":"main","level":"INFO","level_value":20000,"activeEnv":"default","serviceName":"inventory-service","service":"inventory-service","env":"default"}
{"@timestamp":"2026-05-24T07:45:33.9421688+04:00","@version":"1","message":"Registering application INVENTORY-SERVICE with eureka with status UP","logger_name":"org.springframework.cloud.netflix.eureka.serviceregistry.EurekaServiceRegistry","thread_name":"main","level":"INFO","level_value":20000,"activeEnv":"default","serviceName":"inventory-service","tags":["COMMONS-LOGGING"],"service":"inventory-service","env":"default"}
{"@timestamp":"2026-05-24T07:45:33.9431466+04:00","@version":"1","message":"Saw local status change event StatusChangeEvent [timestamp=1779594333943, current=UP, previous=STARTING]","logger_name":"com.netflix.discovery.DiscoveryClient","thread_name":"main","level":"INFO","level_value":20000,"activeEnv":"default","serviceName":"inventory-service","service":"inventory-service","env":"default"}
{"@timestamp":"2026-05-24T07:45:33.9451457+04:00","@version":"1","message":"DiscoveryClient_INVENTORY-SERVICE/OMNLT5CG3292BDO.mshome.net:inventory-service:0: registering service...","logger_name":"com.netflix.discovery.DiscoveryClient","thread_name":"DiscoveryClient-InstanceInfoReplicator-%d","level":"INFO","level_value":20000,"activeEnv":"default","serviceName":"inventory-service","service":"inventory-service","env":"default"}
{"@timestamp":"2026-05-24T07:45:33.9852116+04:00","@version":"1","message":"Started InventoryControllerIT in 8.991 seconds (process running for 10.342)","logger_name":"com.me.learning.inventory.controller.InventoryControllerIT","thread_name":"main","level":"INFO","level_value":20000,"activeEnv":"default","serviceName":"inventory-service","tags":["COMMONS-LOGGING"],"service":"inventory-service","env":"default"}
{"@timestamp":"2026-05-24T07:45:33.9917922+04:00","@version":"1","message":"SpringDoc /v3/api-docs endpoint is enabled by default. To disable it in production, set the property 'springdoc.api-docs.enabled=false'","logger_name":"org.springdoc.core.events.SpringDocAppInitializer","thread_name":"main","level":"WARN","level_value":30000,"activeEnv":"default","serviceName":"inventory-service","service":"inventory-service","env":"default"}
{"@timestamp":"2026-05-24T07:45:33.9928646+04:00","@version":"1","message":"SpringDoc /swagger-ui.html endpoint is enabled by default. To disable it in production, set the property 'springdoc.swagger-ui.enabled=false'","logger_name":"org.springdoc.core.events.SpringDocAppInitializer","thread_name":"main","level":"WARN","level_value":30000,"activeEnv":"default","serviceName":"inventory-service","service":"inventory-service","env":"default"}
{"@timestamp":"2026-05-24T07:45:34.0829944+04:00","@version":"1","message":"Request execution error. endpoint=DefaultEndpoint{ serviceUrl='http://localhost:8761/eureka/}, exception=I/O error on POST request for \"http://localhost:8761/eureka/apps/INVENTORY-SERVICE\": Connect to http://localhost:8761 failed: Connection refused: getsockopt stacktrace=org.springframework.web.client.ResourceAccessException: I/O error on POST request for \"http://localhost:8761/eureka/apps/INVENTORY-SERVICE\": Connect to http://localhost:8761 failed: Connection refused: getsockopt\r\n\tat org.springframework.web.client.DefaultRestClient$DefaultRequestBodyUriSpec.createResourceAccessException(DefaultRestClient.java:776)\r\n\tat org.springframework.web.client.DefaultRestClient$DefaultRequestBodyUriSpec.exchangeInternal(DefaultRestClient.java:624)\r\n\tat org.springframework.web.client.DefaultRestClient$DefaultRequestBodyUriSpec.exchange(DefaultRestClient.java:572)\r\n\tat org.springframework.web.client.RestClient$RequestHeadersSpec.exchange(RestClient.java:747)\r\n\tat org.springframework.web.client.DefaultRestClient$DefaultResponseSpec.executeAndExtract(DefaultRestClient.java:921)\r\n\tat org.springframework.web.client.DefaultRestClient$DefaultResponseSpec.toBodilessEntity(DefaultRestClient.java:885)\r\n\tat org.springframework.cloud.netflix.eureka.http.RestClientEurekaHttpClient.register(RestClientEurekaHttpClient.java:64)\r\n\tat com.netflix.discovery.shared.transport.decorator.EurekaHttpClientDecorator$1.execute(EurekaHttpClientDecorator.java:59)\r\n\tat com.netflix.discovery.shared.transport.decorator.RedirectingEurekaHttpClient.executeOnNewServer(RedirectingEurekaHttpClient.java:121)\r\n\tat com.netflix.discovery.shared.transport.decorator.RedirectingEurekaHttpClient.execute(RedirectingEurekaHttpClient.java:80)\r\n\tat com.netflix.discovery.shared.transport.decorator.EurekaHttpClientDecorator.register(EurekaHttpClientDecorator.java:56)\r\n\tat com.netflix.discovery.shared.transport.decorator.EurekaHttpClientDecorator$1.execute(EurekaHttpClientDecorator.java:59)\r\n\tat com.netflix.discovery.shared.transport.decorator.RetryableEurekaHttpClient.execute(RetryableEurekaHttpClient.java:120)\r\n\tat com.netflix.discovery.shared.transport.decorator.EurekaHttpClientDecorator.register(EurekaHttpClientDecorator.java:56)\r\n\tat com.netflix.discovery.shared.transport.decorator.EurekaHttpClientDecorator$1.execute(EurekaHttpClientDecorator.java:59)\r\n\tat com.netflix.discovery.shared.transport.decorator.SessionedEurekaHttpClient.execute(SessionedEurekaHttpClient.java:76)\r\n\tat com.netflix.discovery.shared.transport.decorator.EurekaHttpClientDecorator.register(EurekaHttpClientDecorator.java:56)\r\n\tat com.netflix.discovery.DiscoveryClient.register(DiscoveryClient.java:828)\r\n\tat com.netflix.discovery.InstanceInfoReplicator.run(InstanceInfoReplicator.java:125)\r\n\tat com.netflix.discovery.InstanceInfoReplicator$2.run(InstanceInfoReplicator.java:105)\r\n\tat java.base/java.util.concurrent.Executors$RunnableAdapter.call(Executors.java:545)\r\n\tat java.base/java.util.concurrent.FutureTask.run(FutureTask.java:328)\r\n\tat java.base/java.util.concurrent.ScheduledThreadPoolExecutor$ScheduledFutureTask.run(ScheduledThreadPoolExecutor.java:309)\r\n\tat java.base/java.util.concurrent.ThreadPoolExecutor.runWorker(ThreadPoolExecutor.java:1090)\r\n\tat java.base/java.util.concurrent.ThreadPoolExecutor$Worker.run(ThreadPoolExecutor.java:614)\r\n\tat java.base/java.lang.Thread.run(Thread.java:1474)\r\nCaused by: org.apache.hc.client5.http.HttpHostConnectException: Connect to http://localhost:8761 failed: Connection refused: getsockopt\r\n\tat java.base/sun.nio.ch.Net.pollConnect(Native Method)\r\n\tat java.base/sun.nio.ch.Net.pollConnectNow(Net.java:639)\r\n\tat java.base/sun.nio.ch.NioSocketImpl.timedFinishConnect(NioSocketImpl.java:543)\r\n\tat java.base/sun.nio.ch.NioSocketImpl.connect(NioSocketImpl.java:594)\r\n\tat java.base/java.net.SocksSocketImpl.connect(SocksSocketImpl.java:284)\r\n\tat java.base/java.net.Socket.connect(Socket.java:659)\r\n\tat org.apache.hc.client5.http.impl.io.DefaultHttpClientConnectionOperator.connect(DefaultHttpClientConnectionOperator.java:226)\r\n\tat org.apache.hc.client5.http.impl.io.PoolingHttpClientConnectionManager.connect(PoolingHttpClientConnectionManager.java:497)\r\n\tat org.apache.hc.client5.http.impl.classic.InternalExecRuntime.connectEndpoint(InternalExecRuntime.java:164)\r\n\tat org.apache.hc.client5.http.impl.classic.InternalExecRuntime.connectEndpoint(InternalExecRuntime.java:174)\r\n\tat org.apache.hc.client5.http.impl.classic.ConnectExec.execute(ConnectExec.java:144)\r\n\tat org.apache.hc.client5.http.impl.classic.ExecChainElement.execute(ExecChainElement.java:51)\r\n\tat org.apache.hc.client5.http.impl.classic.ProtocolExec.execute(ProtocolExec.java:195)\r\n\tat org.apache.hc.client5.http.impl.classic.ExecChainElement.execute(ExecChainElement.java:51)\r\n\tat org.apache.hc.client5.http.impl.classic.ContentCompressionExec.execute(ContentCompressionExec.java:168)\r\n\tat org.apache.hc.client5.http.impl.classic.ExecChainElement.execute(ExecChainElement.java:51)\r\n\tat org.apache.hc.client5.http.impl.classic.HttpRequestRetryExec.execute(HttpRequestRetryExec.java:112)\r\n\tat org.apache.hc.client5.http.impl.classic.ExecChainElement.execute(ExecChainElement.java:51)\r\n\tat org.apache.hc.client5.http.impl.classic.RedirectExec.execute(RedirectExec.java:110)\r\n\tat org.apache.hc.client5.http.impl.classic.ExecChainElement.execute(ExecChainElement.java:51)\r\n\tat org.apache.hc.client5.http.impl.classic.InternalHttpClient.doExecute(InternalHttpClient.java:185)\r\n\tat org.apache.hc.client5.http.impl.classic.CloseableHttpClient.execute(CloseableHttpClient.java:87)\r\n\tat org.apache.hc.client5.http.impl.classic.CloseableHttpClient.execute(CloseableHttpClient.java:55)\r\n\tat org.apache.hc.client5.http.classic.HttpClient.executeOpen(HttpClient.java:183)\r\n\tat org.springframework.http.client.HttpComponentsClientHttpRequest.executeInternal(HttpComponentsClientHttpRequest.java:99)\r\n\tat org.springframework.http.client.AbstractStreamingClientHttpRequest.executeInternal(AbstractStreamingClientHttpRequest.java:87)\r\n\tat org.springframework.http.client.AbstractClientHttpRequest.execute(AbstractClientHttpRequest.java:80)\r\n\tat org.springframework.http.client.AbstractBufferingClientHttpRequest.executeWithRequest(AbstractBufferingClientHttpRequest.java:89)\r\n\tat org.springframework.http.client.InterceptingClientHttpRequest$EndOfChainRequestExecution.execute(InterceptingClientHttpRequest.java:102)\r\n\tat org.springframework.cloud.netflix.eureka.http.RestClientTransportClientFactory.lambda$newClient$2(RestClientTransportClientFactory.java:98)\r\n\tat org.springframework.http.client.ClientHttpRequestInterceptor.lambda$apply$0(ClientHttpRequestInterceptor.java:89)\r\n\tat org.springframework.http.client.InterceptingClientHttpRequest.executeInternal(InterceptingClientHttpRequest.java:73)\r\n\tat org.springframework.http.client.AbstractBufferingClientHttpRequest.executeInternal(AbstractBufferingClientHttpRequest.java:50)\r\n\tat org.springframework.http.client.AbstractClientHttpRequest.execute(AbstractClientHttpRequest.java:80)\r\n\tat org.springframework.web.client.DefaultRestClient$DefaultRequestBodyUriSpec.exchangeInternal(DefaultRestClient.java:614)\r\n\t... 24 more\r\n","logger_name":"com.netflix.discovery.shared.transport.decorator.RedirectingEurekaHttpClient","thread_name":"DiscoveryClient-InstanceInfoReplicator-%d","level":"INFO","level_value":20000,"activeEnv":"default","serviceName":"inventory-service","service":"inventory-service","env":"default"}
{"@timestamp":"2026-05-24T07:45:34.0829944+04:00","@version":"1","message":"Request execution failed with message: I/O error on POST request for \"http://localhost:8761/eureka/apps/INVENTORY-SERVICE\": Connect to http://localhost:8761 failed: Connection refused: getsockopt","logger_name":"com.netflix.discovery.shared.transport.decorator.RetryableEurekaHttpClient","thread_name":"DiscoveryClient-InstanceInfoReplicator-%d","level":"WARN","level_value":30000,"activeEnv":"default","serviceName":"inventory-service","service":"inventory-service","env":"default"}
{"@timestamp":"2026-05-24T07:45:34.0829944+04:00","@version":"1","message":"DiscoveryClient_INVENTORY-SERVICE/OMNLT5CG3292BDO.mshome.net:inventory-service:0 - registration failed Cannot execute request on any known server","logger_name":"com.netflix.discovery.DiscoveryClient","thread_name":"DiscoveryClient-InstanceInfoReplicator-%d","level":"WARN","level_value":30000,"stack_trace":"c.n.d.s.transport.TransportException: Cannot execute request on any known server\r\n\tat c.n.d.s.t.d.RetryableEurekaHttpClient.execute(RetryableEurekaHttpClient.java:112)\r\n\tat c.n.d.s.t.d.EurekaHttpClientDecorator.register(EurekaHttpClientDecorator.java:56)\r\n\tat c.n.d.s.t.d.EurekaHttpClientDecorator$1.execute(EurekaHttpClientDecorator.java:59)\r\n\tat c.n.d.s.t.d.SessionedEurekaHttpClient.execute(SessionedEurekaHttpClient.java:76)\r\n\tat c.n.d.s.t.d.EurekaHttpClientDecorator.register(EurekaHttpClientDecorator.java:56)\r\n\tat com.netflix.discovery.DiscoveryClient.register(DiscoveryClient.java:828)\r\n\tat c.n.discovery.InstanceInfoReplicator.run(InstanceInfoReplicator.java:125)\r\n\tat c.n.discovery.InstanceInfoReplicator$2.run(InstanceInfoReplicator.java:105)\r\n\tat j.u.concurrent.Executors$RunnableAdapter.call(Executors.java:545)\r\n\tat java.util.concurrent.FutureTask.run(FutureTask.java:328)\r\n\tat j.u.c.ScheduledThreadPoolExecutor$ScheduledFutureTask.run(ScheduledThreadPoolExecutor.java:309)\r\n\tat java.util.concurrent.ThreadPoolExecutor.runWorker(ThreadPoolExecutor.java:1090)\r\n\tat j.u.concurrent.ThreadPoolExecutor$Worker.run(ThreadPoolExecutor.java:614)\r\n\tat java.lang.Thread.run(Thread.java:1474)\r\n","activeEnv":"default","serviceName":"inventory-service","service":"inventory-service","env":"default"}
{"@timestamp":"2026-05-24T07:45:34.0849926+04:00","@version":"1","message":"There was a problem with the instance info replicator","logger_name":"com.netflix.discovery.InstanceInfoReplicator","thread_name":"DiscoveryClient-InstanceInfoReplicator-%d","level":"WARN","level_value":30000,"stack_trace":"c.n.d.s.transport.TransportException: Cannot execute request on any known server\r\n\tat c.n.d.s.t.d.RetryableEurekaHttpClient.execute(RetryableEurekaHttpClient.java:112)\r\n\tat c.n.d.s.t.d.EurekaHttpClientDecorator.register(EurekaHttpClientDecorator.java:56)\r\n\tat c.n.d.s.t.d.EurekaHttpClientDecorator$1.execute(EurekaHttpClientDecorator.java:59)\r\n\tat c.n.d.s.t.d.SessionedEurekaHttpClient.execute(SessionedEurekaHttpClient.java:76)\r\n\tat c.n.d.s.t.d.EurekaHttpClientDecorator.register(EurekaHttpClientDecorator.java:56)\r\n\tat com.netflix.discovery.DiscoveryClient.register(DiscoveryClient.java:828)\r\n\tat c.n.discovery.InstanceInfoReplicator.run(InstanceInfoReplicator.java:125)\r\n\tat c.n.discovery.InstanceInfoReplicator$2.run(InstanceInfoReplicator.java:105)\r\n\tat j.u.concurrent.Executors$RunnableAdapter.call(Executors.java:545)\r\n\tat java.util.concurrent.FutureTask.run(FutureTask.java:328)\r\n\tat j.u.c.ScheduledThreadPoolExecutor$ScheduledFutureTask.run(ScheduledThreadPoolExecutor.java:309)\r\n\tat java.util.concurrent.ThreadPoolExecutor.runWorker(ThreadPoolExecutor.java:1090)\r\n\tat j.u.concurrent.ThreadPoolExecutor$Worker.run(ThreadPoolExecutor.java:614)\r\n\tat java.lang.Thread.run(Thread.java:1474)\r\n","activeEnv":"default","serviceName":"inventory-service","service":"inventory-service","env":"default"}
{"@timestamp":"2026-05-24T07:45:34.1769088+04:00","@version":"1","message":"Could not detect default configuration classes for test class [com.me.learning.inventory.controller.InventoryControllerIT$ExistsByIdTests]: ExistsByIdTests does not declare any static, non-private, non-final, nested classes annotated with @Configuration.","logger_name":"org.springframework.test.context.support.AnnotationConfigContextLoaderUtils","thread_name":"main","level":"INFO","level_value":20000,"activeEnv":"default","serviceName":"inventory-service","tags":["COMMONS-LOGGING"],"service":"inventory-service","env":"default"}
{"@timestamp":"2026-05-24T07:45:34.1779537+04:00","@version":"1","message":"Found @SpringBootConfiguration com.me.learning.inventory.InventoryServiceApplication for test class com.me.learning.inventory.controller.InventoryControllerIT$ExistsByIdTests","logger_name":"org.springframework.boot.test.context.SpringBootTestContextBootstrapper","thread_name":"main","level":"INFO","level_value":20000,"activeEnv":"default","serviceName":"inventory-service","tags":["COMMONS-LOGGING"],"service":"inventory-service","env":"default"}
{"@timestamp":"2026-05-24T07:45:34.1789605+04:00","@version":"1","message":"Could not detect default configuration classes for test class [com.me.learning.inventory.controller.InventoryControllerIT$ExistsByIdTests]: ExistsByIdTests does not declare any static, non-private, non-final, nested classes annotated with @Configuration.","logger_name":"org.springframework.test.context.support.AnnotationConfigContextLoaderUtils","thread_name":"main","level":"INFO","level_value":20000,"activeEnv":"default","serviceName":"inventory-service","tags":["COMMONS-LOGGING"],"service":"inventory-service","env":"default"}
{"@timestamp":"2026-05-24T07:45:34.1789605+04:00","@version":"1","message":"Could not detect default configuration classes for test class [com.me.learning.inventory.controller.InventoryControllerIT]: InventoryControllerIT does not declare any static, non-private, non-final, nested classes annotated with @Configuration.","logger_name":"org.springframework.test.context.support.AnnotationConfigContextLoaderUtils","thread_name":"main","level":"INFO","level_value":20000,"activeEnv":"default","serviceName":"inventory-service","tags":["COMMONS-LOGGING"],"service":"inventory-service","env":"default"}
{"@timestamp":"2026-05-24T07:45:34.1809181+04:00","@version":"1","message":"Found @SpringBootConfiguration com.me.learning.inventory.InventoryServiceApplication for test class com.me.learning.inventory.controller.InventoryControllerIT$ExistsByIdTests","logger_name":"org.springframework.boot.test.context.SpringBootTestContextBootstrapper","thread_name":"main","level":"INFO","level_value":20000,"activeEnv":"default","serviceName":"inventory-service","tags":["COMMONS-LOGGING"],"service":"inventory-service","env":"default"}
{"@timestamp":"2026-05-24T07:45:35.5919594+04:00","@version":"1","message":"Initializing Spring DispatcherServlet 'dispatcherServlet'","logger_name":"org.apache.catalina.core.ContainerBase.[Tomcat].[localhost].[/]","thread_name":"http-nio-auto-1-exec-1","level":"INFO","level_value":20000,"activeEnv":"default","serviceName":"inventory-service","service":"inventory-service","env":"default"}
{"@timestamp":"2026-05-24T07:45:35.7248944+04:00","@version":"1","message":"REST POST /api/v1/inventories - creating inventory for film 150","logger_name":"com.me.learning.inventory.controller.InventoryController","thread_name":"http-nio-auto-1-exec-1","level":"INFO","level_value":20000,"activeEnv":"default","serviceName":"inventory-service","service":"inventory-service","env":"default"}
{"@timestamp":"2026-05-24T07:45:35.7619329+04:00","@version":"1","message":"Created inventory with ID: 1","logger_name":"com.me.learning.inventory.service.InventoryServiceImpl","thread_name":"http-nio-auto-1-exec-1","level":"INFO","level_value":20000,"activeEnv":"default","serviceName":"inventory-service","service":"inventory-service","env":"default"}
{"@timestamp":"2026-05-24T07:45:35.7997891+04:00","@version":"1","message":"\r\n====== Response End ======\r\nURI    : /api/v1/inventories\r\nMethod : POST\r\nStatus : 201\r\nTime   : 190 ms","logger_name":"com.me.learning.framework.web.config.SakilaLoggingInterceptor","thread_name":"http-nio-auto-1-exec-1","level":"INFO","level_value":20000,"activeEnv":"default","serviceName":"inventory-service","service":"inventory-service","env":"default"}
[...]
{"@timestamp":"2026-05-24T07:45:39.1009018+04:00","@version":"1","message":"REST POST /api/v1/inventories - creating inventory for film 162","logger_name":"com.me.learning.inventory.controller.InventoryController","thread_name":"http-nio-auto-1-exec-7","level":"INFO","level_value":20000,"activeEnv":"default","serviceName":"inventory-service","service":"inventory-service","env":"default"}
{"@timestamp":"2026-05-24T07:45:39.1039186+04:00","@version":"1","message":"Created inventory with ID: 15","logger_name":"com.me.learning.inventory.service.InventoryServiceImpl","thread_name":"http-nio-auto-1-exec-7","level":"INFO","level_value":20000,"activeEnv":"default","serviceName":"inventory-service","service":"inventory-service","env":"default"}
{"@timestamp":"2026-05-24T07:45:39.105939+04:00","@version":"1","message":"\r\n====== Response End ======\r\nURI    : /api/v1/inventories\r\nMethod : POST\r\nStatus : 201\r\nTime   : 6 ms","logger_name":"com.me.learning.framework.web.config.SakilaLoggingInterceptor","thread_name":"http-nio-auto-1-exec-7","level":"INFO","level_value":20000,"activeEnv":"default","serviceName":"inventory-service","service":"inventory-service","env":"default"}
{"@timestamp":"2026-05-24T07:45:39.1349194+04:00","@version":"1","message":"REST PUT /api/v1/inventories/15 - full update","logger_name":"com.me.learning.inventory.controller.InventoryController","thread_name":"http-nio-auto-1-exec-9","level":"INFO","level_value":20000,"activeEnv":"default","serviceName":"inventory-service","service":"inventory-service","env":"default"}
{"@timestamp":"2026-05-24T07:45:39.1399194+04:00","@version":"1","message":"Resource not found [/api/v1/inventories/15]: Store not found with id : '99'","logger_name":"com.me.learning.framework.web.errors.GlobalExceptionHandler","thread_name":"http-nio-auto-1-exec-9","level":"WARN","level_value":30000,"activeEnv":"default","serviceName":"inventory-service","service":"inventory-service","env":"default"}
{"@timestamp":"2026-05-24T07:45:39.1419189+04:00","@version":"1","message":"\r\n====== Response End ======\r\nURI    : /api/v1/inventories/15\r\nMethod : PUT\r\nStatus : 404\r\nTime   : 8 ms","logger_name":"com.me.learning.framework.web.config.SakilaLoggingInterceptor","thread_name":"http-nio-auto-1-exec-9","level":"WARN","level_value":30000,"activeEnv":"default","serviceName":"inventory-service","service":"inventory-service","env":"default"}
]]></system-out>
  </testcase>
  <testcase name="update_withValidPayload_returns200" classname="PUT /api/v1/inventories/{id} - update()" time="0.115">
    <system-out><![CDATA[{"@timestamp":"2026-05-24T07:45:39.1649194+04:00","@version":"1","message":"REST POST /api/v1/inventories - creating inventory for film 160","logger_name":"com.me.learning.inventory.controller.InventoryController","thread_name":"http-nio-auto-1-exec-2","level":"INFO","level_value":20000,"activeEnv":"default","serviceName":"inventory-service","service":"inventory-service","env":"default"}
{"@timestamp":"2026-05-24T07:45:39.1689151+04:00","@version":"1","message":"Created inventory with ID: 16","logger_name":"com.me.learning.inventory.service.InventoryServiceImpl","thread_name":"http-nio-auto-1-exec-2","level":"INFO","level_value":20000,"activeEnv":"default","serviceName":"inventory-service","service":"inventory-service","env":"default"}
{"@timestamp":"2026-05-24T07:45:39.1719162+04:00","@version":"1","message":"\r\n====== Response End ======\r\nURI    : /api/v1/inventories\r\nMethod : POST\r\nStatus : 201\r\nTime   : 9 ms","logger_name":"com.me.learning.framework.web.config.SakilaLoggingInterceptor","thread_name":"http-nio-auto-1-exec-2","level":"INFO","level_value":20000,"activeEnv":"default","serviceName":"inventory-service","service":"inventory-service","env":"default"}
{"@timestamp":"2026-05-24T07:45:39.211311+04:00","@version":"1","message":"REST PUT /api/v1/inventories/16 - full update","logger_name":"com.me.learning.inventory.controller.InventoryController","thread_name":"http-nio-auto-1-exec-10","level":"INFO","level_value":20000,"activeEnv":"default","serviceName":"inventory-service","service":"inventory-service","env":"default"}
{"@timestamp":"2026-05-24T07:45:39.2183104+04:00","@version":"1","message":"Updated inventory with ID: 16","logger_name":"com.me.learning.inventory.service.InventoryServiceImpl","thread_name":"http-nio-auto-1-exec-10","level":"INFO","level_value":20000,"activeEnv":"default","serviceName":"inventory-service","service":"inventory-service","env":"default"}
{"@timestamp":"2026-05-24T07:45:39.2263145+04:00","@version":"1","message":"\r\n====== Response End ======\r\nURI    : /api/v1/inventories/16\r\nMethod : PUT\r\nStatus : 200\r\nTime   : 18 ms","logger_name":"com.me.learning.framework.web.config.SakilaLoggingInterceptor","thread_name":"http-nio-auto-1-exec-10","level":"INFO","level_value":20000,"activeEnv":"default","serviceName":"inventory-service","service":"inventory-service","env":"default"}
]]></system-out>
  </testcase>
  <testcase name="update_nonExistentId_returns404" classname="PUT /api/v1/inventories/{id} - update()" time="0.038">
    <system-out><![CDATA[{"@timestamp":"2026-05-24T07:45:39.2903979+04:00","@version":"1","message":"REST PUT /api/v1/inventories/999999 - full update","logger_name":"com.me.learning.inventory.controller.InventoryController","thread_name":"http-nio-auto-1-exec-8","level":"INFO","level_value":20000,"activeEnv":"default","serviceName":"inventory-service","service":"inventory-service","env":"default"}
{"@timestamp":"2026-05-24T07:45:39.2973847+04:00","@version":"1","message":"Resource not found [/api/v1/inventories/999999]: Inventory not found with id : '999999'","logger_name":"com.me.learning.framework.web.errors.GlobalExceptionHandler","thread_name":"http-nio-auto-1-exec-8","level":"WARN","level_value":30000,"activeEnv":"default","serviceName":"inventory-service","service":"inventory-service","env":"default"}
{"@timestamp":"2026-05-24T07:45:39.29941+04:00","@version":"1","message":"\r\n====== Response End ======\r\nURI    : /api/v1/inventories/999999\r\nMethod : PUT\r\nStatus : 404\r\nTime   : 12 ms","logger_name":"com.me.learning.framework.web.config.SakilaLoggingInterceptor","thread_name":"http-nio-auto-1-exec-8","level":"WARN","level_value":30000,"activeEnv":"default","serviceName":"inventory-service","service":"inventory-service","env":"default"}
]]></system-out>
  </testcase>
  <testcase name="create_missingContentType_returnsClientError" classname="POST /api/v1/inventories - create()" time="0.048">
    <system-out><![CDATA[{"@timestamp":"2026-05-24T07:45:39.3050453+04:00","@version":"1","message":"Could not detect default configuration classes for test class [com.me.learning.inventory.controller.InventoryControllerIT$CreateTests]: CreateTests does not declare any static, non-private, non-final, nested classes annotated with @Configuration.","logger_name":"org.springframework.test.context.support.AnnotationConfigContextLoaderUtils","thread_name":"main","level":"INFO","level_value":20000,"activeEnv":"default","serviceName":"inventory-service","tags":["COMMONS-LOGGING"],"service":"inventory-service","env":"default"}
{"@timestamp":"2026-05-24T07:45:39.306044+04:00","@version":"1","message":"Found @SpringBootConfiguration com.me.learning.inventory.InventoryServiceApplication for test class com.me.learning.inventory.controller.InventoryControllerIT$CreateTests","logger_name":"org.springframework.boot.test.context.SpringBootTestContextBootstrapper","thread_name":"main","level":"INFO","level_value":20000,"activeEnv":"default","serviceName":"inventory-service","tags":["COMMONS-LOGGING"],"service":"inventory-service","env":"default"}
{"@timestamp":"2026-05-24T07:45:39.307034+04:00","@version":"1","message":"Could not detect default configuration classes for test class [com.me.learning.inventory.controller.InventoryControllerIT$CreateTests]: CreateTests does not declare any static, non-private, non-final, nested classes annotated with @Configuration.","logger_name":"org.springframework.test.context.support.AnnotationConfigContextLoaderUtils","thread_name":"main","level":"INFO","level_value":20000,"activeEnv":"default","serviceName":"inventory-service","tags":["COMMONS-LOGGING"],"service":"inventory-service","env":"default"}
{"@timestamp":"2026-05-24T07:45:39.307034+04:00","@version":"1","message":"Could not detect default configuration classes for test class [com.me.learning.inventory.controller.InventoryControllerIT]: InventoryControllerIT does not declare any static, non-private, non-final, nested classes annotated with @Configuration.","logger_name":"org.springframework.test.context.support.AnnotationConfigContextLoaderUtils","thread_name":"main","level":"INFO","level_value":20000,"activeEnv":"default","serviceName":"inventory-service","tags":["COMMONS-LOGGING"],"service":"inventory-service","env":"default"}
{"@timestamp":"2026-05-24T07:45:39.3080358+04:00","@version":"1","message":"Found @SpringBootConfiguration com.me.learning.inventory.InventoryServiceApplication for test class com.me.learning.inventory.controller.InventoryControllerIT$CreateTests","logger_name":"org.springframework.boot.test.context.SpringBootTestContextBootstrapper","thread_name":"main","level":"INFO","level_value":20000,"activeEnv":"default","serviceName":"inventory-service","tags":["COMMONS-LOGGING"],"service":"inventory-service","env":"default"}
{"@timestamp":"2026-05-24T07:45:39.3475324+04:00","@version":"1","message":"Unhandled exception [/api/v1/inventories]: Content-Type 'text/plain;charset=ISO-8859-1' is not supported","logger_name":"com.me.learning.framework.web.errors.GlobalExceptionHandler","thread_name":"http-nio-auto-1-exec-4","level":"ERROR","level_value":40000,"stack_trace":"o.s.w.HttpMediaTypeNotSupportedException: Content-Type 'text/plain;charset=ISO-8859-1' is not supported\r\n\tat o.s.w.s.m.m.a.AbstractMessageConverterMethodArgumentResolver.readWithMessageConverters(AbstractMessageConverterMethodArgumentResolver.java:235)\r\n\tat o.s.w.s.m.m.a.RequestResponseBodyMethodProcessor.readWithMessageConverters(RequestResponseBodyMethodProcessor.java:181)\r\n\tat o.s.w.s.m.m.a.RequestResponseBodyMethodProcessor.resolveArgument(RequestResponseBodyMethodProcessor.java:156)\r\n\tat o.s.w.m.s.HandlerMethodArgumentResolverComposite.resolveArgument(HandlerMethodArgumentResolverComposite.java:122)\r\n\tat o.s.w.m.support.InvocableHandlerMethod.getMethodArgumentValues(InvocableHandlerMethod.java:224)\r\n\tat o.s.w.m.support.InvocableHandlerMethod.invokeForRequest(InvocableHandlerMethod.java:174)\r\n\tat o.s.w.s.m.m.a.ServletInvocableHandlerMethod.invokeAndHandle(ServletInvocableHandlerMethod.java:117)\r\n\tat o.s.w.s.m.m.a.RequestMappingHandlerAdapter.invokeHandlerMethod(RequestMappingHandlerAdapter.java:934)\r\n\tat o.s.w.s.m.m.a.RequestMappingHandlerAdapter.handleInternal(RequestMappingHandlerAdapter.java:853)\r\n\tat o.s.w.s.m.m.AbstractHandlerMethodAdapter.handle(AbstractHandlerMethodAdapter.java:86)\r\n\tat o.s.web.servlet.DispatcherServlet.doDispatch(DispatcherServlet.java:963)\r\n\tat o.s.web.servlet.DispatcherServlet.doService(DispatcherServlet.java:866)\r\n\tat o.s.web.servlet.FrameworkServlet.processRequest(FrameworkServlet.java:1000)\r\n\tat o.s.web.servlet.FrameworkServlet.doPost(FrameworkServlet.java:903)\r\n\tat jakarta.servlet.http.HttpServlet.service(HttpServlet.java:649)\r\n\tat o.s.web.servlet.FrameworkServlet.service(FrameworkServlet.java:874)\r\n\tat jakarta.servlet.http.HttpServlet.service(HttpServlet.java:710)\r\n\tat o.a.catalina.core.ApplicationFilterChain.doFilter(ApplicationFilterChain.java:128)\r\n\tat o.a.tomcat.websocket.server.WsFilter.doFilter(WsFilter.java:53)\r\n\tat o.a.catalina.core.ApplicationFilterChain.doFilter(ApplicationFilterChain.java:107)\r\n\tat o.s.web.filter.RequestContextFilter.doFilterInternal(RequestContextFilter.java:100)\r\n\tat o.s.web.filter.OncePerRequestFilter.doFilter(OncePerRequestFilter.java:116)\r\n\tat o.a.catalina.core.ApplicationFilterChain.doFilter(ApplicationFilterChain.java:107)\r\n\tat o.s.web.filter.FormContentFilter.doFilterInternal(FormContentFilter.java:93)\r\n\tat o.s.web.filter.OncePerRequestFilter.doFilter(OncePerRequestFilter.java:116)\r\n\tat o.a.catalina.core.ApplicationFilterChain.doFilter(ApplicationFilterChain.java:107)\r\n\tat o.s.web.filter.CharacterEncodingFilter.doFilterInternal(CharacterEncodingFilter.java:199)\r\n\tat o.s.web.filter.OncePerRequestFilter.doFilter(OncePerRequestFilter.java:116)\r\n\tat o.a.catalina.core.ApplicationFilterChain.doFilter(ApplicationFilterChain.java:107)\r\n\tat o.a.catalina.core.StandardWrapperValve.invoke(StandardWrapperValve.java:165)\r\n\tat o.a.catalina.core.StandardContextValve.invoke(StandardContextValve.java:77)\r\n\tat o.a.c.authenticator.AuthenticatorBase.invoke(AuthenticatorBase.java:492)\r\n\tat o.apache.catalina.core.StandardHostValve.invoke(StandardHostValve.java:113)\r\n\tat o.a.catalina.valves.ErrorReportValve.invoke(ErrorReportValve.java:83)\r\n\tat o.a.catalina.core.StandardEngineValve.invoke(StandardEngineValve.java:72)\r\n\tat o.a.catalina.connector.CoyoteAdapter.service(CoyoteAdapter.java:341)\r\n\tat o.apache.coyote.http11.Http11Processor.service(Http11Processor.java:397)\r\n\tat o.apache.coyote.AbstractProcessorLight.process(AbstractProcessorLight.java:63)\r\n\tat o.a.c.AbstractProtocol$ConnectionHandler.process(AbstractProtocol.java:903)\r\n\tat o.a.t.u.net.NioEndpoint$SocketProcessor.doRun(NioEndpoint.java:1801)\r\n\tat o.a.tomcat.util.net.SocketProcessorBase.run(SocketProcessorBase.java:52)\r\n\tat o.a.t.util.threads.ThreadPoolExecutor.runWorker(ThreadPoolExecutor.java:946)\r\n\tat o.a.t.u.t.ThreadPoolExecutor$Worker.run(ThreadPoolExecutor.java:480)\r\n\tat o.a.t.u.t.TaskThread$WrappingRunnable.run(TaskThread.java:57)\r\n\tat java.lang.Thread.run(Thread.java:1474)\r\n","activeEnv":"default","serviceName":"inventory-service","service":"inventory-service","env":"default"}
{"@timestamp":"2026-05-24T07:45:39.3494898+04:00","@version":"1","message":"\r\n====== Response End ======\r\nURI    : /api/v1/inventories\r\nMethod : POST\r\nStatus : 500\r\nTime   : 4 ms","logger_name":"com.me.learning.framework.web.config.SakilaLoggingInterceptor","thread_name":"http-nio-auto-1-exec-4","level":"ERROR","level_value":40000,"activeEnv":"default","serviceName":"inventory-service","service":"inventory-service","env":"default"}
]]></system-out>
  </testcase>
  <testcase name="create_nonExistentStore_returns404" classname="POST /api/v1/inventories - create()" time="0.066">
    <system-out><![CDATA[{"@timestamp":"2026-05-24T07:45:39.4121042+04:00","@version":"1","message":"REST POST /api/v1/inventories - creating inventory for film 105","logger_name":"com.me.learning.inventory.controller.InventoryController","thread_name":"http-nio-auto-1-exec-5","level":"INFO","level_value":20000,"activeEnv":"default","serviceName":"inventory-service","service":"inventory-service","env":"default"}
{"@timestamp":"2026-05-24T07:45:39.4160521+04:00","@version":"1","message":"Resource not found [/api/v1/inventories]: Store not found with id : '99'","logger_name":"com.me.learning.framework.web.errors.GlobalExceptionHandler","thread_name":"http-nio-auto-1-exec-5","level":"WARN","level_value":30000,"activeEnv":"default","serviceName":"inventory-service","service":"inventory-service","env":"default"}
{"@timestamp":"2026-05-24T07:45:39.4190593+04:00","@version":"1","message":"\r\n====== Response End ======\r\nURI    : /api/v1/inventories\r\nMethod : POST\r\nStatus : 404\r\nTime   : 9 ms","logger_name":"com.me.learning.framework.web.config.SakilaLoggingInterceptor","thread_name":"http-nio-auto-1-exec-5","level":"WARN","level_value":30000,"activeEnv":"default","serviceName":"inventory-service","service":"inventory-service","env":"default"}
]]></system-out>
  </testcase>
  <testcase name="create_withValidPayload_returns201" classname="POST /api/v1/inventories - create()" time="0.111">
    <system-out><![CDATA[{"@timestamp":"2026-05-24T07:45:39.4560501+04:00","@version":"1","message":"REST POST /api/v1/inventories - creating inventory for film 100","logger_name":"com.me.learning.inventory.controller.InventoryController","thread_name":"http-nio-auto-1-exec-6","level":"INFO","level_value":20000,"activeEnv":"default","serviceName":"inventory-service","service":"inventory-service","env":"default"}
{"@timestamp":"2026-05-24T07:45:39.4610511+04:00","@version":"1","message":"Created inventory with ID: 17","logger_name":"com.me.learning.inventory.service.InventoryServiceImpl","thread_name":"http-nio-auto-1-exec-6","level":"INFO","level_value":20000,"activeEnv":"default","serviceName":"inventory-service","service":"inventory-service","env":"default"}
{"@timestamp":"2026-05-24T07:45:39.4650566+04:00","@version":"1","message":"\r\n====== Response End ======\r\nURI    : /api/v1/inventories\r\nMethod : POST\r\nStatus : 201\r\nTime   : 11 ms","logger_name":"com.me.learning.framework.web.config.SakilaLoggingInterceptor","thread_name":"http-nio-auto-1-exec-6","level":"INFO","level_value":20000,"activeEnv":"default","serviceName":"inventory-service","service":"inventory-service","env":"default"}
]]></system-out>
  </testcase>
  <testcase name="create_missingFilmId_returns400" classname="POST /api/v1/inventories - create()" time="0.069">
    <system-out><![CDATA[{"@timestamp":"2026-05-24T07:45:39.6023842+04:00","@version":"1","message":"Validation failure [/api/v1/inventories]: 1 field errors","logger_name":"com.me.learning.framework.web.errors.GlobalExceptionHandler","thread_name":"http-nio-auto-1-exec-3","level":"WARN","level_value":30000,"activeEnv":"default","serviceName":"inventory-service","service":"inventory-service","env":"default"}
{"@timestamp":"2026-05-24T07:45:39.6074096+04:00","@version":"1","message":"\r\n====== Response End ======\r\nURI    : /api/v1/inventories\r\nMethod : POST\r\nStatus : 400\r\nTime   : 36 ms","logger_name":"com.me.learning.framework.web.config.SakilaLoggingInterceptor","thread_name":"http-nio-auto-1-exec-3","level":"WARN","level_value":30000,"activeEnv":"default","serviceName":"inventory-service","service":"inventory-service","env":"default"}
]]></system-out>
  </testcase>
  <testcase name="create_withIdInPayload_ignoresClientId" classname="POST /api/v1/inventories - create()" time="0.051">
    <system-out><![CDATA[{"@timestamp":"2026-05-24T07:45:39.6377412+04:00","@version":"1","message":"REST POST /api/v1/inventories - creating inventory for film 101","logger_name":"com.me.learning.inventory.controller.InventoryController","thread_name":"http-nio-auto-1-exec-1","level":"INFO","level_value":20000,"activeEnv":"default","serviceName":"inventory-service","service":"inventory-service","env":"default"}
{"@timestamp":"2026-05-24T07:45:39.6437679+04:00","@version":"1","message":"Created inventory with ID: 18","logger_name":"com.me.learning.inventory.service.InventoryServiceImpl","thread_name":"http-nio-auto-1-exec-1","level":"INFO","level_value":20000,"activeEnv":"default","serviceName":"inventory-service","service":"inventory-service","env":"default"}
{"@timestamp":"2026-05-24T07:45:39.6487746+04:00","@version":"1","message":"\r\n====== Response End ======\r\nURI    : /api/v1/inventories\r\nMethod : POST\r\nStatus : 201\r\nTime   : 13 ms","logger_name":"com.me.learning.framework.web.config.SakilaLoggingInterceptor","thread_name":"http-nio-auto-1-exec-1","level":"INFO","level_value":20000,"activeEnv":"default","serviceName":"inventory-service","service":"inventory-service","env":"default"}
]]></system-out>
  </testcase>
</testsuite>