<?xml version="1.0" encoding="UTF-8"?>
<testsuite xmlns:xsi="http://www.w3.org/2001/XMLSchema-instance" xsi:noNamespaceSchemaLocation="https://maven.apache.org/surefire/maven-surefire-plugin/xsd/surefire-test-report.xsd" version="3.0.2" name="com.me.learning.inventory.InventoryServiceApplicationTests" time="10.166" tests="1" errors="0" skipped="0" failures="0" flakes="0">
  <properties>
[...]
</properties>
  <testcase name="contextLoads" classname="com.me.learning.inventory.InventoryServiceApplicationTests" time="0.477">
    <system-out><![CDATA[07:45:04.356 [main] INFO org.springframework.test.context.support.AnnotationConfigContextLoaderUtils -- Could not detect default configuration classes for test class [com.me.learning.inventory.InventoryServiceApplicationTests]: InventoryServiceApplicationTests does not declare any static, non-private, non-final, nested classes annotated with @Configuration.
07:45:04.582 [main] INFO org.springframework.boot.test.context.SpringBootTestContextBootstrapper -- Found @SpringBootConfiguration com.me.learning.inventory.InventoryServiceApplication for test class com.me.learning.inventory.InventoryServiceApplicationTests
07:45:04.703 [main] INFO org.springframework.test.context.support.AnnotationConfigContextLoaderUtils -- Could not detect default configuration classes for test class [com.me.learning.inventory.InventoryServiceApplicationTests]: InventoryServiceApplicationTests does not declare any static, non-private, non-final, nested classes annotated with @Configuration.
07:45:04.705 [main] INFO org.springframework.boot.test.context.SpringBootTestContextBootstrapper -- Found @SpringBootConfiguration com.me.learning.inventory.InventoryServiceApplication for test class com.me.learning.inventory.InventoryServiceApplicationTests

  .   ____          _            __ _ _
 /\\ / ___'_ __ _ _(_)_ __  __ _ \ \ \ \
( ( )\___ | '_ | '_| | '_ \/ _` | \ \ \ \
 \\/  ___)| |_)| | | | | || (_| |  ) ) ) )
  '  |____| .__|_| |_|_| |_\__, | / / / /
 =========|_|==============|___/=/_/_/_/

 :: Spring Boot ::                (v4.0.5)

{"@timestamp":"2026-05-24T07:45:05.6422044+04:00","@version":"1","message":"Starting InventoryServiceApplicationTests using Java 25.0.2 with PID 15532 (started by Prabakaran.Ramu in C:\\Ramu\\GitHub_Repo\\sakila-springboot-microservices\\inventory-service)","logger_name":"com.me.learning.inventory.InventoryServiceApplicationTests","thread_name":"main","level":"INFO","level_value":20000,"activeEnv":"default","serviceName":"inventory-service","tags":["COMMONS-LOGGING"],"service":"inventory-service","env":"default"}
{"@timestamp":"2026-05-24T07:45:05.643205+04:00","@version":"1","message":"No active profile set, falling back to 1 default profile: \"default\"","logger_name":"com.me.learning.inventory.InventoryServiceApplicationTests","thread_name":"main","level":"INFO","level_value":20000,"activeEnv":"default","serviceName":"inventory-service","tags":["COMMONS-LOGGING"],"service":"inventory-service","env":"default"}
{"@timestamp":"2026-05-24T07:45:05.8710062+04:00","@version":"1","message":"HV000001: Hibernate Validator 9.0.1.Final","logger_name":"org.hibernate.validator.internal.util.Version","thread_name":"background-preinit","level":"INFO","level_value":20000,"activeEnv":"default","serviceName":"inventory-service","service":"inventory-service","env":"default"}
{"@timestamp":"2026-05-24T07:45:07.4938822+04:00","@version":"1","message":"Bootstrapping Spring Data JPA repositories in DEFAULT mode.","logger_name":"org.springframework.data.repository.config.RepositoryConfigurationDelegate","thread_name":"main","level":"INFO","level_value":20000,"activeEnv":"default","serviceName":"inventory-service","tags":["COMMONS-LOGGING"],"service":"inventory-service","env":"default"}
{"@timestamp":"2026-05-24T07:45:07.68182+04:00","@version":"1","message":"Finished Spring Data repository scanning in 172 ms. Found 2 JPA repository interfaces.","logger_name":"org.springframework.data.repository.config.RepositoryConfigurationDelegate","thread_name":"main","level":"INFO","level_value":20000,"activeEnv":"default","serviceName":"inventory-service","tags":["COMMONS-LOGGING"],"service":"inventory-service","env":"default"}
{"@timestamp":"2026-05-24T07:45:08.2057162+04:00","@version":"1","message":"BeanFactory id=a6a9dea2-db82-32bf-a597-f0edd69d2a1f","logger_name":"org.springframework.cloud.context.scope.GenericScope","thread_name":"main","level":"INFO","level_value":20000,"activeEnv":"default","serviceName":"inventory-service","tags":["COMMONS-LOGGING"],"service":"inventory-service","env":"default"}
{"@timestamp":"2026-05-24T07:45:08.8189639+04:00","@version":"1","message":"HikariPool-1 - Starting...","logger_name":"com.zaxxer.hikari.HikariDataSource","thread_name":"main","level":"INFO","level_value":20000,"activeEnv":"default","serviceName":"inventory-service","service":"inventory-service","env":"default"}
{"@timestamp":"2026-05-24T07:45:09.0690179+04:00","@version":"1","message":"HikariPool-1 - Added connection conn0: url=jdbc:h2:mem:ca91f0b7-54a4-4a22-a17f-0aa819bdd3d7 user=SA","logger_name":"com.zaxxer.hikari.pool.HikariPool","thread_name":"main","level":"INFO","level_value":20000,"activeEnv":"default","serviceName":"inventory-service","service":"inventory-service","env":"default"}
{"@timestamp":"2026-05-24T07:45:09.0707231+04:00","@version":"1","message":"HikariPool-1 - Start completed.","logger_name":"com.zaxxer.hikari.HikariDataSource","thread_name":"main","level":"INFO","level_value":20000,"activeEnv":"default","serviceName":"inventory-service","service":"inventory-service","env":"default"}
{"@timestamp":"2026-05-24T07:45:09.1174313+04:00","@version":"1","message":"HHH008540: Processing PersistenceUnitInfo [name: default]","logger_name":"org.hibernate.orm.jpa","thread_name":"main","level":"INFO","level_value":20000,"activeEnv":"default","serviceName":"inventory-service","service":"inventory-service","env":"default"}
{"@timestamp":"2026-05-24T07:45:09.2659663+04:00","@version":"1","message":"HHH000001: Hibernate ORM core version 7.2.7.Final","logger_name":"org.hibernate.orm.core","thread_name":"main","level":"INFO","level_value":20000,"activeEnv":"default","serviceName":"inventory-service","service":"inventory-service","env":"default"}
{"@timestamp":"2026-05-24T07:45:09.9976208+04:00","@version":"1","message":"No LoadTimeWeaver setup: ignoring JPA class transformer","logger_name":"org.springframework.orm.jpa.persistenceunit.SpringPersistenceUnitInfo","thread_name":"main","level":"INFO","level_value":20000,"activeEnv":"default","serviceName":"inventory-service","tags":["COMMONS-LOGGING"],"service":"inventory-service","env":"default"}
{"@timestamp":"2026-05-24T07:45:10.0943926+04:00","@version":"1","message":"HHH10001005: Database info:\n\tDatabase JDBC URL [jdbc:h2:mem:ca91f0b7-54a4-4a22-a17f-0aa819bdd3d7]\n\tDatabase driver: H2 JDBC Driver\n\tDatabase dialect: H2Dialect\n\tDatabase version: 2.4.240\n\tDefault catalog/schema: CA91F0B7-54A4-4A22-A17F-0AA819BDD3D7/PUBLIC\n\tAutocommit mode: undefined/unknown\n\tIsolation level: READ_COMMITTED [default READ_COMMITTED]\n\tJDBC fetch size: 100\n\tPool: DataSourceConnectionProvider\n\tMinimum pool size: undefined/unknown\n\tMaximum pool size: undefined/unknown","logger_name":"org.hibernate.orm.connections.pooling","thread_name":"main","level":"INFO","level_value":20000,"activeEnv":"default","serviceName":"inventory-service","service":"inventory-service","env":"default"}
{"@timestamp":"2026-05-24T07:45:11.1969617+04:00","@version":"1","message":"HHH000489: No JTA platform available (set 'hibernate.transaction.jta.platform' to enable JTA platform integration)","logger_name":"org.hibernate.orm.core","thread_name":"main","level":"INFO","level_value":20000,"activeEnv":"default","serviceName":"inventory-service","service":"inventory-service","env":"default"}
{"@timestamp":"2026-05-24T07:45:11.2279275+04:00","@version":"1","message":"GenerationTarget encountered exception accepting command : Error executing DDL \"create table inventory (film_id smallint UNSIGNED not null not null, inventory_id mediumint UNSIGNED not null generated by default as identity, store_id tinyint UNSIGNED not null not null, last_update timestamp(6) with time zone default CURRENT_TIMESTAMP not null, primary key (inventory_id))\" via JDBC [Syntax error in SQL statement \"create table inventory (film_id smallint [*]UNSIGNED not null not null, inventory_id mediumint UNSIGNED not null generated by default as identity, store_id tinyint UNSIGNED not null not null, last_update timestamp(6) with time zone default CURRENT_TIMESTAMP not null, primary key (inventory_id))\"; expected \"ARRAY, INVISIBLE, VISIBLE, NOT NULL, DEFAULT, GENERATED, ON UPDATE, NOT NULL, DEFAULT ON NULL, SEQUENCE, SELECTIVITY, COMMENT, CONSTRAINT, COMMENT, PRIMARY KEY, UNIQUE, NOT NULL, CHECK, REFERENCES, ,, )\";]","logger_name":"org.hibernate.tool.schema.internal.ExceptionHandlerLoggedImpl","thread_name":"main","level":"WARN","level_value":30000,"stack_trace":"org.h2.jdbc.JdbcSQLSyntaxErrorException: Syntax error in SQL statement \"create table inventory (film_id smallint [*]UNSIGNED not null not null, inventory_id mediumint UNSIGNED not null generated by default as identity, store_id tinyint UNSIGNED not null not null, last_update timestamp(6) with time zone default CURRENT_TIMESTAMP not null, primary key (inventory_id))\"; expected \"ARRAY, INVISIBLE, VISIBLE, NOT NULL, DEFAULT, GENERATED, ON UPDATE, NOT NULL, DEFAULT ON NULL, SEQUENCE, SELECTIVITY, COMMENT, CONSTRAINT, COMMENT, PRIMARY KEY, UNIQUE, NOT NULL, CHECK, REFERENCES, ,, )\"; SQL statement:\ncreate table inventory (film_id smallint UNSIGNED not null not null, inventory_id mediumint UNSIGNED not null generated by default as identity, store_id tinyint UNSIGNED not null not null, last_update timestamp(6) with time zone default CURRENT_TIMESTAMP not null, primary key (inventory_id)) [42001-240]\r\n\tat org.h2.message.DbException.getJdbcSQLException(DbException.java:514)\r\n\tat org.h2.message.DbException.getJdbcSQLException(DbException.java:489)\r\n\tat org.h2.message.DbException.getSyntaxError(DbException.java:261)\r\n\tat org.h2.command.ParserBase.getSyntaxError(ParserBase.java:762)\r\n\tat org.h2.command.ParserBase.read(ParserBase.java:369)\r\n\tat org.h2.command.ParserBase.readIfMore(ParserBase.java:637)\r\n\tat org.h2.command.Parser.parseCreateTable(Parser.java:8927)\r\n\tat org.h2.command.Parser.parseCreate(Parser.java:6483)\r\n\tat org.h2.command.Parser.parsePrepared(Parser.java:648)\r\n\tat org.h2.command.Parser.parse(Parser.java:584)\r\n\tat org.h2.command.Parser.parse(Parser.java:564)\r\n\tat org.h2.command.Parser.prepareCommand(Parser.java:487)\r\n\tat org.h2.engine.SessionLocal.prepareLocal(SessionLocal.java:647)\r\n\tat org.h2.engine.SessionLocal.prepareCommand(SessionLocal.java:563)\r\n\tat org.h2.jdbc.JdbcConnection.prepareCommand(JdbcConnection.java:1160)\r\n\tat org.h2.jdbc.JdbcStatement.executeInternal(JdbcStatement.java:245)\r\n\tat org.h2.jdbc.JdbcStatement.execute(JdbcStatement.java:231)\r\n\tat com.zaxxer.hikari.pool.ProxyStatement.execute(ProxyStatement.java:95)\r\n\tat c.z.hikari.pool.HikariProxyStatement.execute(HikariProxyStatement.java)\r\n\tat o.h.t.s.i.e.GenerationTargetToDatabase.accept(GenerationTargetToDatabase.java:76)\r\n\t... 131 common frames omitted\r\nWrapped by: o.h.t.s.spi.CommandAcceptanceException: Error executing DDL \"create table inventory (film_id smallint UNSIGNED not null not null, inventory_id mediumint UNSIGNED not null generated by default as identity, store_id tinyint UNSIGNED not null not null, last_update timestamp(6) with time zone default CURRENT_TIMESTAMP not null, primary key (inventory_id))\" via JDBC [Syntax error in SQL statement \"create table inventory (film_id smallint [*]UNSIGNED not null not null, inventory_id mediumint UNSIGNED not null generated by default as identity, store_id tinyint UNSIGNED not null not null, last_update timestamp(6) with time zone default CURRENT_TIMESTAMP not null, primary key (inventory_id))\"; expected \"ARRAY, INVISIBLE, VISIBLE, NOT NULL, DEFAULT, GENERATED, ON UPDATE, NOT NULL, DEFAULT ON NULL, SEQUENCE, SELECTIVITY, COMMENT, CONSTRAINT, COMMENT, PRIMARY KEY, UNIQUE, NOT NULL, CHECK, REFERENCES, ,, )\";]\r\n\tat o.h.t.s.i.e.GenerationTargetToDatabase.accept(GenerationTargetToDatabase.java:81)\r\n\tat o.hibernate.tool.schema.internal.Helper.applySqlString(Helper.java:218)\r\n\tat o.hibernate.tool.schema.internal.Helper.applySqlStrings(Helper.java:204)\r\n\tat o.h.t.schema.internal.SchemaCreatorImpl.createTables(SchemaCreatorImpl.java:404)\r\n\tat o.h.t.schema.internal.SchemaCreatorImpl.createSequencesTablesConstraints(SchemaCreatorImpl.java:320)\r\n\tat o.h.t.schema.internal.SchemaCreatorImpl.createFromMetadata(SchemaCreatorImpl.java:215)\r\n\tat o.h.t.schema.internal.SchemaCreatorImpl.performCreation(SchemaCreatorImpl.java:151)\r\n\tat o.h.t.schema.internal.SchemaCreatorImpl.doCreation(SchemaCreatorImpl.java:121)\r\n\tat o.h.t.schema.internal.SchemaCreatorImpl.doCreation(SchemaCreatorImpl.java:97)\r\n\tat o.h.t.s.s.SchemaManagementToolCoordinator.performDatabaseAction(SchemaManagementToolCoordinator.java:239)\r\n\tat o.h.t.s.s.SchemaManagementToolCoordinator.lambda$process$1(SchemaManagementToolCoordinator.java:101)\r\n\tat java.util.HashMap.forEach(HashMap.java:1430)\r\n\tat o.h.t.s.s.SchemaManagementToolCoordinator.process(SchemaManagementToolCoordinator.java:100)\r\n\tat o.h.b.i.SessionFactoryObserverForSchemaExport.sessionFactoryCreated(SessionFactoryObserverForSchemaExport.java:35)\r\n\tat o.h.internal.SessionFactoryObserverChain.sessionFactoryCreated(SessionFactoryObserverChain.java:33)\r\n\tat o.hibernate.internal.SessionFactoryImpl.<init>(SessionFactoryImpl.java:323)\r\n\tat o.h.internal.SessionFactoryRegistry.instantiateSessionFactory(SessionFactoryRegistry.java:64)\r\n\tat o.h.b.internal.SessionFactoryBuilderImpl.build(SessionFactoryBuilderImpl.java:437)\r\n\tat o.h.j.b.i.EntityManagerFactoryBuilderImpl.build(EntityManagerFactoryBuilderImpl.java:1456)\r\n\tat o.s.o.j.v.SpringHibernateJpaPersistenceProvider.createContainerEntityManagerFactory(SpringHibernateJpaPersistenceProvider.java:93)\r\n\tat o.s.o.j.LocalContainerEntityManagerFactoryBean.createNativeEntityManagerFactory(LocalContainerEntityManagerFactoryBean.java:443)\r\n\tat o.s.o.j.AbstractEntityManagerFactoryBean.buildNativeEntityManagerFactory(AbstractEntityManagerFactoryBean.java:436)\r\n\tat o.s.o.j.AbstractEntityManagerFactoryBean.afterPropertiesSet(AbstractEntityManagerFactoryBean.java:411)\r\n\tat o.s.o.j.LocalContainerEntityManagerFactoryBean.afterPropertiesSet(LocalContainerEntityManagerFactoryBean.java:419)\r\n\tat o.s.b.f.s.AbstractAutowireCapableBeanFactory.invokeInitMethods(AbstractAutowireCapableBeanFactory.java:1864)\r\n\tat o.s.b.f.s.AbstractAutowireCapableBeanFactory.initializeBean(AbstractAutowireCapableBeanFactory.java:1813)\r\n\tat o.s.b.f.s.AbstractAutowireCapableBeanFactory.doCreateBean(AbstractAutowireCapableBeanFactory.java:603)\r\n\tat o.s.b.f.s.AbstractAutowireCapableBeanFactory.createBean(AbstractAutowireCapableBeanFactory.java:525)\r\n\tat o.s.b.f.support.AbstractBeanFactory.lambda$doGetBean$0(AbstractBeanFactory.java:333)\r\n\tat o.s.b.f.s.DefaultSingletonBeanRegistry.getSingleton(DefaultSingletonBeanRegistry.java:371)\r\n\tat o.s.b.f.support.AbstractBeanFactory.doGetBean(AbstractBeanFactory.java:331)\r\n\tat o.s.b.f.support.AbstractBeanFactory.getBean(AbstractBeanFactory.java:201)\r\n\tat o.s.c.support.AbstractApplicationContext.finishBeanFactoryInitialization(AbstractApplicationContext.java:977)\r\n\tat o.s.c.support.AbstractApplicationContext.refresh(AbstractApplicationContext.java:621)\r\n\tat o.springframework.boot.SpringApplication.refresh(SpringApplication.java:756)\r\n\tat o.springframework.boot.SpringApplication.refreshContext(SpringApplication.java:445)\r\n\tat o.springframework.boot.SpringApplication.run(SpringApplication.java:321)\r\n\tat o.s.b.t.context.SpringBootContextLoader.lambda$loadContext$2(SpringBootContextLoader.java:155)\r\n\tat o.s.util.function.ThrowingSupplier.get(ThrowingSupplier.java:58)\r\n\tat o.s.util.function.ThrowingSupplier.get(ThrowingSupplier.java:46)\r\n\tat o.springframework.boot.SpringApplication.withHook(SpringApplication.java:1465)\r\n\tat o.s.b.t.c.SpringBootContextLoader$ContextLoaderHook.run(SpringBootContextLoader.java:600)\r\n\tat o.s.b.t.context.SpringBootContextLoader.loadContext(SpringBootContextLoader.java:155)\r\n\tat o.s.b.t.context.SpringBootContextLoader.loadContext(SpringBootContextLoader.java:114)\r\n\tat o.s.t.c.c.DefaultCacheAwareContextLoaderDelegate.loadContextInternal(DefaultCacheAwareContextLoaderDelegate.java:247)\r\n\tat o.s.t.c.c.DefaultCacheAwareContextLoaderDelegate.lambda$loadContext$0(DefaultCacheAwareContextLoaderDelegate.java:167)\r\n\tat o.s.t.context.cache.DefaultContextCache.put(DefaultContextCache.java:214)\r\n\tat o.s.t.c.c.DefaultCacheAwareContextLoaderDelegate.loadContext(DefaultCacheAwareContextLoaderDelegate.java:160)\r\n\tat o.s.t.context.support.DefaultTestContext.getApplicationContext(DefaultTestContext.java:128)\r\n\tat o.s.t.c.web.ServletTestExecutionListener.setUpRequestContextIfNecessary(ServletTestExecutionListener.java:200)\r\n\tat o.s.t.c.web.ServletTestExecutionListener.prepareTestInstance(ServletTestExecutionListener.java:139)\r\n\tat o.s.test.context.TestContextManager.prepareT...\r\n","activeEnv":"default","serviceName":"inventory-service","service":"inventory-service","env":"default"}
{"@timestamp":"2026-05-24T07:45:11.2309229+04:00","@version":"1","message":"GenerationTarget encountered exception accepting command : Error executing DDL \"create table store (address_id smallint UNSIGNED not null not null, manager_staff_id tinyint UNSIGNED not null not null, store_id tinyint UNSIGNED not null generated by default as identity, last_update timestamp(6) with time zone default CURRENT_TIMESTAMP not null, primary key (store_id))\" via JDBC [Syntax error in SQL statement \"create table store (address_id smallint [*]UNSIGNED not null not null, manager_staff_id tinyint UNSIGNED not null not null, store_id tinyint UNSIGNED not null generated by default as identity, last_update timestamp(6) with time zone default CURRENT_TIMESTAMP not null, primary key (store_id))\"; expected \"ARRAY, INVISIBLE, VISIBLE, NOT NULL, DEFAULT, GENERATED, ON UPDATE, NOT NULL, DEFAULT ON NULL, SEQUENCE, SELECTIVITY, COMMENT, CONSTRAINT, COMMENT, PRIMARY KEY, UNIQUE, NOT NULL, CHECK, REFERENCES, ,, )\";]","logger_name":"org.hibernate.tool.schema.internal.ExceptionHandlerLoggedImpl","thread_name":"main","level":"WARN","level_value":30000,"stack_trace":"org.h2.jdbc.JdbcSQLSyntaxErrorException: Syntax error in SQL statement \"create table store (address_id smallint [*]UNSIGNED not null not null, manager_staff_id tinyint UNSIGNED not null not null, store_id tinyint UNSIGNED not null generated by default as identity, last_update timestamp(6) with time zone default CURRENT_TIMESTAMP not null, primary key (store_id))\"; expected \"ARRAY, INVISIBLE, VISIBLE, NOT NULL, DEFAULT, GENERATED, ON UPDATE, NOT NULL, DEFAULT ON NULL, SEQUENCE, SELECTIVITY, COMMENT, CONSTRAINT, COMMENT, PRIMARY KEY, UNIQUE, NOT NULL, CHECK, REFERENCES, ,, )\"; SQL statement:\ncreate table store (address_id smallint UNSIGNED not null not null, manager_staff_id tinyint UNSIGNED not null not null, store_id tinyint UNSIGNED not null generated by default as identity, last_update timestamp(6) with time zone default CURRENT_TIMESTAMP not null, primary key (store_id)) [42001-240]\r\n\tat org.h2.message.DbException.getJdbcSQLException(DbException.java:514)\r\n\tat org.h2.message.DbException.getJdbcSQLException(DbException.java:489)\r\n\tat org.h2.message.DbException.getSyntaxError(DbException.java:261)\r\n\tat org.h2.command.ParserBase.getSyntaxError(ParserBase.java:762)\r\n\tat org.h2.command.ParserBase.read(ParserBase.java:369)\r\n\tat org.h2.command.ParserBase.readIfMore(ParserBase.java:637)\r\n\tat org.h2.command.Parser.parseCreateTable(Parser.java:8927)\r\n\tat org.h2.command.Parser.parseCreate(Parser.java:6483)\r\n\tat org.h2.command.Parser.parsePrepared(Parser.java:648)\r\n\tat org.h2.command.Parser.parse(Parser.java:584)\r\n\tat org.h2.command.Parser.parse(Parser.java:564)\r\n\tat org.h2.command.Parser.prepareCommand(Parser.java:487)\r\n\tat org.h2.engine.SessionLocal.prepareLocal(SessionLocal.java:647)\r\n\tat org.h2.engine.SessionLocal.prepareCommand(SessionLocal.java:563)\r\n\tat org.h2.jdbc.JdbcConnection.prepareCommand(JdbcConnection.java:1160)\r\n\tat org.h2.jdbc.JdbcStatement.executeInternal(JdbcStatement.java:245)\r\n\tat org.h2.jdbc.JdbcStatement.execute(JdbcStatement.java:231)\r\n\tat com.zaxxer.hikari.pool.ProxyStatement.execute(ProxyStatement.java:95)\r\n\tat c.z.hikari.pool.HikariProxyStatement.execute(HikariProxyStatement.java)\r\n\tat o.h.t.s.i.e.GenerationTargetToDatabase.accept(GenerationTargetToDatabase.java:76)\r\n\t... 131 common frames omitted\r\nWrapped by: o.h.t.s.spi.CommandAcceptanceException: Error executing DDL \"create table store (address_id smallint UNSIGNED not null not null, manager_staff_id tinyint UNSIGNED not null not null, store_id tinyint UNSIGNED not null generated by default as identity, last_update timestamp(6) with time zone default CURRENT_TIMESTAMP not null, primary key (store_id))\" via JDBC [Syntax error in SQL statement \"create table store (address_id smallint [*]UNSIGNED not null not null, manager_staff_id tinyint UNSIGNED not null not null, store_id tinyint UNSIGNED not null generated by default as identity, last_update timestamp(6) with time zone default CURRENT_TIMESTAMP not null, primary key (store_id))\"; expected \"ARRAY, INVISIBLE, VISIBLE, NOT NULL, DEFAULT, GENERATED, ON UPDATE, NOT NULL, DEFAULT ON NULL, SEQUENCE, SELECTIVITY, COMMENT, CONSTRAINT, COMMENT, PRIMARY KEY, UNIQUE, NOT NULL, CHECK, REFERENCES, ,, )\";]\r\n\tat o.h.t.s.i.e.GenerationTargetToDatabase.accept(GenerationTargetToDatabase.java:81)\r\n\tat o.hibernate.tool.schema.internal.Helper.applySqlString(Helper.java:218)\r\n\tat o.hibernate.tool.schema.internal.Helper.applySqlStrings(Helper.java:204)\r\n\tat o.h.t.schema.internal.SchemaCreatorImpl.createTables(SchemaCreatorImpl.java:404)\r\n\tat o.h.t.schema.internal.SchemaCreatorImpl.createSequencesTablesConstraints(SchemaCreatorImpl.java:320)\r\n\tat o.h.t.schema.internal.SchemaCreatorImpl.createFromMetadata(SchemaCreatorImpl.java:215)\r\n\tat o.h.t.schema.internal.SchemaCreatorImpl.performCreation(SchemaCreatorImpl.java:151)\r\n\tat o.h.t.schema.internal.SchemaCreatorImpl.doCreation(SchemaCreatorImpl.java:121)\r\n\tat o.h.t.schema.internal.SchemaCreatorImpl.doCreation(SchemaCreatorImpl.java:97)\r\n\tat o.h.t.s.s.SchemaManagementToolCoordinator.performDatabaseAction(SchemaManagementToolCoordinator.java:239)\r\n\tat o.h.t.s.s.SchemaManagementToolCoordinator.lambda$process$1(SchemaManagementToolCoordinator.java:101)\r\n\tat java.util.HashMap.forEach(HashMap.java:1430)\r\n\tat o.h.t.s.s.SchemaManagementToolCoordinator.process(SchemaManagementToolCoordinator.java:100)\r\n\tat o.h.b.i.SessionFactoryObserverForSchemaExport.sessionFactoryCreated(SessionFactoryObserverForSchemaExport.java:35)\r\n\tat o.h.internal.SessionFactoryObserverChain.sessionFactoryCreated(SessionFactoryObserverChain.java:33)\r\n\tat o.hibernate.internal.SessionFactoryImpl.<init>(SessionFactoryImpl.java:323)\r\n\tat o.h.internal.SessionFactoryRegistry.instantiateSessionFactory(SessionFactoryRegistry.java:64)\r\n\tat o.h.b.internal.SessionFactoryBuilderImpl.build(SessionFactoryBuilderImpl.java:437)\r\n\tat o.h.j.b.i.EntityManagerFactoryBuilderImpl.build(EntityManagerFactoryBuilderImpl.java:1456)\r\n\tat o.s.o.j.v.SpringHibernateJpaPersistenceProvider.createContainerEntityManagerFactory(SpringHibernateJpaPersistenceProvider.java:93)\r\n\tat o.s.o.j.LocalContainerEntityManagerFactoryBean.createNativeEntityManagerFactory(LocalContainerEntityManagerFactoryBean.java:443)\r\n\tat o.s.o.j.AbstractEntityManagerFactoryBean.buildNativeEntityManagerFactory(AbstractEntityManagerFactoryBean.java:436)\r\n\tat o.s.o.j.AbstractEntityManagerFactoryBean.afterPropertiesSet(AbstractEntityManagerFactoryBean.java:411)\r\n\tat o.s.o.j.LocalContainerEntityManagerFactoryBean.afterPropertiesSet(LocalContainerEntityManagerFactoryBean.java:419)\r\n\tat o.s.b.f.s.AbstractAutowireCapableBeanFactory.invokeInitMethods(AbstractAutowireCapableBeanFactory.java:1864)\r\n\tat o.s.b.f.s.AbstractAutowireCapableBeanFactory.initializeBean(AbstractAutowireCapableBeanFactory.java:1813)\r\n\tat o.s.b.f.s.AbstractAutowireCapableBeanFactory.doCreateBean(AbstractAutowireCapableBeanFactory.java:603)\r\n\tat o.s.b.f.s.AbstractAutowireCapableBeanFactory.createBean(AbstractAutowireCapableBeanFactory.java:525)\r\n\tat o.s.b.f.support.AbstractBeanFactory.lambda$doGetBean$0(AbstractBeanFactory.java:333)\r\n\tat o.s.b.f.s.DefaultSingletonBeanRegistry.getSingleton(DefaultSingletonBeanRegistry.java:371)\r\n\tat o.s.b.f.support.AbstractBeanFactory.doGetBean(AbstractBeanFactory.java:331)\r\n\tat o.s.b.f.support.AbstractBeanFactory.getBean(AbstractBeanFactory.java:201)\r\n\tat o.s.c.support.AbstractApplicationContext.finishBeanFactoryInitialization(AbstractApplicationContext.java:977)\r\n\tat o.s.c.support.AbstractApplicationContext.refresh(AbstractApplicationContext.java:621)\r\n\tat o.springframework.boot.SpringApplication.refresh(SpringApplication.java:756)\r\n\tat o.springframework.boot.SpringApplication.refreshContext(SpringApplication.java:445)\r\n\tat o.springframework.boot.SpringApplication.run(SpringApplication.java:321)\r\n\tat o.s.b.t.context.SpringBootContextLoader.lambda$loadContext$2(SpringBootContextLoader.java:155)\r\n\tat o.s.util.function.ThrowingSupplier.get(ThrowingSupplier.java:58)\r\n\tat o.s.util.function.ThrowingSupplier.get(ThrowingSupplier.java:46)\r\n\tat o.springframework.boot.SpringApplication.withHook(SpringApplication.java:1465)\r\n\tat o.s.b.t.c.SpringBootContextLoader$ContextLoaderHook.run(SpringBootContextLoader.java:600)\r\n\tat o.s.b.t.context.SpringBootContextLoader.loadContext(SpringBootContextLoader.java:155)\r\n\tat o.s.b.t.context.SpringBootContextLoader.loadContext(SpringBootContextLoader.java:114)\r\n\tat o.s.t.c.c.DefaultCacheAwareContextLoaderDelegate.loadContextInternal(DefaultCacheAwareContextLoaderDelegate.java:247)\r\n\tat o.s.t.c.c.DefaultCacheAwareContextLoaderDelegate.lambda$loadContext$0(DefaultCacheAwareContextLoaderDelegate.java:167)\r\n\tat o.s.t.context.cache.DefaultContextCache.put(DefaultContextCache.java:214)\r\n\tat o.s.t.c.c.DefaultCacheAwareContextLoaderDelegate.loadContext(DefaultCacheAwareContextLoaderDelegate.java:160)\r\n\tat o.s.t.context.support.DefaultTestContext.getApplicationContext(DefaultTestContext.java:128)\r\n\tat o.s.t.c.web.ServletTestExecutionListener.setUpRequestContextIfNecessary(ServletTestExecutionListener.java:200)\r\n\tat o.s.t.c.web.ServletTestExecutionListener.prepareTestInstance(ServletTestExecutionListener.java:139)\r\n\tat o.s.test.context.TestContextManager.prepareTestInstance(...\r\n","activeEnv":"default","serviceName":"inventory-service","service":"inventory-service","env":"default"}
{"@timestamp":"2026-05-24T07:45:11.2359315+04:00","@version":"1","message":"Initialized JPA EntityManagerFactory for persistence unit 'default'","logger_name":"org.springframework.orm.jpa.LocalContainerEntityManagerFactoryBean","thread_name":"main","level":"INFO","level_value":20000,"activeEnv":"default","serviceName":"inventory-service","tags":["COMMONS-LOGGING"],"service":"inventory-service","env":"default"}
{"@timestamp":"2026-05-24T07:45:11.3315613+04:00","@version":"1","message":"Hibernate is in classpath; If applicable, HQL parser will be used.","logger_name":"org.springframework.data.jpa.repository.query.QueryEnhancerFactories","thread_name":"main","level":"INFO","level_value":20000,"activeEnv":"default","serviceName":"inventory-service","tags":["COMMONS-LOGGING"],"service":"inventory-service","env":"default"}
{"@timestamp":"2026-05-24T07:45:11.6232281+04:00","@version":"1","message":"Sakila Framework auto-configuration loaded — all framework beans registered","logger_name":"com.me.learning.framework.SakilaFrameworkAutoConfiguration","thread_name":"main","level":"INFO","level_value":20000,"activeEnv":"default","serviceName":"inventory-service","service":"inventory-service","env":"default"}
{"@timestamp":"2026-05-24T07:45:11.7038338+04:00","@version":"1","message":"spring.jpa.open-in-view is enabled by default. Therefore, database queries may be performed during view rendering. Explicitly configure spring.jpa.open-in-view to disable this warning","logger_name":"org.springframework.boot.jpa.autoconfigure.JpaBaseConfiguration$JpaWebConfiguration","thread_name":"main","level":"WARN","level_value":30000,"activeEnv":"default","serviceName":"inventory-service","tags":["COMMONS-LOGGING"],"service":"inventory-service","env":"default"}
{"@timestamp":"2026-05-24T07:45:13.0455403+04:00","@version":"1","message":"Eureka HTTP Client uses RestClient.","logger_name":"org.springframework.cloud.netflix.eureka.config.DiscoveryClientOptionalArgsConfiguration","thread_name":"main","level":"INFO","level_value":20000,"activeEnv":"default","serviceName":"inventory-service","tags":["COMMONS-LOGGING"],"service":"inventory-service","env":"default"}
{"@timestamp":"2026-05-24T07:45:13.1235378+04:00","@version":"1","message":"Spring Cloud LoadBalancer is currently working with the default cache. While this cache implementation is useful for development and tests, it's recommended to use Caffeine cache in production.You can switch to using Caffeine cache, by adding it and org.springframework.cache.caffeine.CaffeineCacheManager to the classpath.","logger_name":"org.springframework.cloud.loadbalancer.config.LoadBalancerCacheAutoConfiguration$LoadBalancerCaffeineWarnLogger","thread_name":"main","level":"WARN","level_value":30000,"activeEnv":"default","serviceName":"inventory-service","tags":["COMMONS-LOGGING"],"service":"inventory-service","env":"default"}
{"@timestamp":"2026-05-24T07:45:13.1702203+04:00","@version":"1","message":"Setting initial instance status as: STARTING","logger_name":"org.springframework.cloud.netflix.eureka.InstanceInfoFactory","thread_name":"main","level":"INFO","level_value":20000,"activeEnv":"default","serviceName":"inventory-service","tags":["COMMONS-LOGGING"],"service":"inventory-service","env":"default"}
{"@timestamp":"2026-05-24T07:45:13.2247669+04:00","@version":"1","message":"Initializing Eureka in region us-east-1","logger_name":"com.netflix.discovery.DiscoveryClient","thread_name":"main","level":"INFO","level_value":20000,"activeEnv":"default","serviceName":"inventory-service","service":"inventory-service","env":"default"}
{"@timestamp":"2026-05-24T07:45:13.2318999+04:00","@version":"1","message":"Resolving eureka endpoints via configuration","logger_name":"com.netflix.discovery.shared.resolver.aws.ConfigClusterResolver","thread_name":"main","level":"INFO","level_value":20000,"activeEnv":"default","serviceName":"inventory-service","service":"inventory-service","env":"default"}
{"@timestamp":"2026-05-24T07:45:13.2578313+04:00","@version":"1","message":"Disable delta property : false","logger_name":"com.netflix.discovery.DiscoveryClient","thread_name":"main","level":"INFO","level_value":20000,"activeEnv":"default","serviceName":"inventory-service","service":"inventory-service","env":"default"}
{"@timestamp":"2026-05-24T07:45:13.2578313+04:00","@version":"1","message":"Single vip registry refresh property : null","logger_name":"com.netflix.discovery.DiscoveryClient","thread_name":"main","level":"INFO","level_value":20000,"activeEnv":"default","serviceName":"inventory-service","service":"inventory-service","env":"default"}
{"@timestamp":"2026-05-24T07:45:13.2578313+04:00","@version":"1","message":"Force full registry fetch : false","logger_name":"com.netflix.discovery.DiscoveryClient","thread_name":"main","level":"INFO","level_value":20000,"activeEnv":"default","serviceName":"inventory-service","service":"inventory-service","env":"default"}
{"@timestamp":"2026-05-24T07:45:13.2578313+04:00","@version":"1","message":"Application is null : false","logger_name":"com.netflix.discovery.DiscoveryClient","thread_name":"main","level":"INFO","level_value":20000,"activeEnv":"default","serviceName":"inventory-service","service":"inventory-service","env":"default"}
{"@timestamp":"2026-05-24T07:45:13.2578313+04:00","@version":"1","message":"Registered Applications size is zero : true","logger_name":"com.netflix.discovery.DiscoveryClient","thread_name":"main","level":"INFO","level_value":20000,"activeEnv":"default","serviceName":"inventory-service","service":"inventory-service","env":"default"}
{"@timestamp":"2026-05-24T07:45:13.2578313+04:00","@version":"1","message":"Application version is -1: true","logger_name":"com.netflix.discovery.DiscoveryClient","thread_name":"main","level":"INFO","level_value":20000,"activeEnv":"default","serviceName":"inventory-service","service":"inventory-service","env":"default"}
{"@timestamp":"2026-05-24T07:45:13.2578313+04:00","@version":"1","message":"Getting all instance registry info from the eureka server","logger_name":"com.netflix.discovery.DiscoveryClient","thread_name":"main","level":"INFO","level_value":20000,"activeEnv":"default","serviceName":"inventory-service","service":"inventory-service","env":"default"}
{"@timestamp":"2026-05-24T07:45:13.6598804+04:00","@version":"1","message":"Request execution error. endpoint=DefaultEndpoint{ serviceUrl='http://localhost:8761/eureka/}, exception=I/O error on GET request for \"http://localhost:8761/eureka/apps/\": Connect to http://localhost:8761 failed: Connection refused: getsockopt stacktrace=org.springframework.web.client.ResourceAccessException: I/O error on GET request for \"http://localhost:8761/eureka/apps/\": Connect to http://localhost:8761 failed: Connection refused: getsockopt\r\n\tat org.springframework.web.client.DefaultRestClient$DefaultRequestBodyUriSpec.createResourceAccessException(DefaultRestClient.java:776)\r\n\tat org.springframework.web.client.DefaultRestClient$DefaultRequestBodyUriSpec.exchangeInternal(DefaultRestClient.java:624)\r\n\tat org.springframework.web.client.DefaultRestClient$DefaultRequestBodyUriSpec.exchange(DefaultRestClient.java:572)\r\n\tat org.springframework.web.client.RestClient$RequestHeadersSpec.exchange(RestClient.java:747)\r\n\tat org.springframework.web.client.DefaultRestClient$DefaultResponseSpec.executeAndExtract(DefaultRestClient.java:921)\r\n\tat org.springframework.web.client.DefaultRestClient$DefaultResponseSpec.toEntityInternal(DefaultRestClient.java:867)\r\n\tat org.springframework.web.client.DefaultRestClient$DefaultResponseSpec.toEntity(DefaultRestClient.java:856)\r\n\tat org.springframework.cloud.netflix.eureka.http.RestClientEurekaHttpClient.getApplicationsInternal(RestClientEurekaHttpClient.java:201)\r\n\tat org.springframework.cloud.netflix.eureka.http.RestClientEurekaHttpClient.getApplications(RestClientEurekaHttpClient.java:137)\r\n\tat com.netflix.discovery.shared.transport.decorator.EurekaHttpClientDecorator$6.execute(EurekaHttpClientDecorator.java:137)\r\n\tat com.netflix.discovery.shared.transport.decorator.RedirectingEurekaHttpClient.executeOnNewServer(RedirectingEurekaHttpClient.java:121)\r\n\tat com.netflix.discovery.shared.transport.decorator.RedirectingEurekaHttpClient.execute(RedirectingEurekaHttpClient.java:80)\r\n\tat com.netflix.discovery.shared.transport.decorator.EurekaHttpClientDecorator.getApplications(EurekaHttpClientDecorator.java:134)\r\n\tat com.netflix.discovery.shared.transport.decorator.EurekaHttpClientDecorator$6.execute(EurekaHttpClientDecorator.java:137)\r\n\tat com.netflix.discovery.shared.transport.decorator.RetryableEurekaHttpClient.execute(RetryableEurekaHttpClient.java:120)\r\n\tat com.netflix.discovery.shared.transport.decorator.EurekaHttpClientDecorator.getApplications(EurekaHttpClientDecorator.java:134)\r\n\tat com.netflix.discovery.shared.transport.decorator.EurekaHttpClientDecorator$6.execute(EurekaHttpClientDecorator.java:137)\r\n\tat com.netflix.discovery.shared.transport.decorator.SessionedEurekaHttpClient.execute(SessionedEurekaHttpClient.java:76)\r\n\tat com.netflix.discovery.shared.transport.decorator.EurekaHttpClientDecorator.getApplications(EurekaHttpClientDecorator.java:134)\r\n\tat com.netflix.discovery.DiscoveryClient.getAndStoreFullRegistry(DiscoveryClient.java:1046)\r\n\tat com.netflix.discovery.DiscoveryClient.fetchRegistry(DiscoveryClient.java:961)\r\n\tat com.netflix.discovery.DiscoveryClient.<init>(DiscoveryClient.java:410)\r\n\tat com.netflix.discovery.DiscoveryClient.<init>(DiscoveryClient.java:245)\r\n\tat com.netflix.discovery.DiscoveryClient.<init>(DiscoveryClient.java:240)\r\n\tat org.springframework.cloud.netflix.eureka.CloudEurekaClient.<init>(CloudEurekaClient.java:68)\r\n\tat org.springframework.cloud.netflix.eureka.EurekaClientAutoConfiguration$RefreshableEurekaClientConfiguration.eurekaClient(EurekaClientAutoConfiguration.java:324)\r\n\tat java.base/jdk.internal.reflect.DirectMethodHandleAccessor.invoke(DirectMethodHandleAccessor.java:104)\r\n\tat java.base/java.lang.reflect.Method.invoke(Method.java:565)\r\n\tat org.springframework.beans.factory.support.SimpleInstantiationStrategy.lambda$instantiate$0(SimpleInstantiationStrategy.java:155)\r\n\tat org.springframework.beans.factory.support.SimpleInstantiationStrategy.instantiateWithFactoryMethod(SimpleInstantiationStrategy.java:72)\r\n\tat org.springframework.beans.factory.support.SimpleInstantiationStrategy.instantiate(SimpleInstantiationStrategy.java:152)\r\n\tat org.springframework.beans.factory.support.ConstructorResolver.instantiate(ConstructorResolver.java:653)\r\n\tat org.springframework.beans.factory.support.ConstructorResolver.instantiateUsingFactoryMethod(ConstructorResolver.java:645)\r\n\tat org.springframework.beans.factory.support.AbstractAutowireCapableBeanFactory.instantiateUsingFactoryMethod(AbstractAutowireCapableBeanFactory.java:1362)\r\n\tat org.springframework.beans.factory.support.AbstractAutowireCapableBeanFactory.createBeanInstance(AbstractAutowireCapableBeanFactory.java:1194)\r\n\tat org.springframework.beans.factory.support.AbstractAutowireCapableBeanFactory.doCreateBean(AbstractAutowireCapableBeanFactory.java:565)\r\n\tat org.springframework.beans.factory.support.AbstractAutowireCapableBeanFactory.createBean(AbstractAutowireCapableBeanFactory.java:525)\r\n\tat org.springframework.beans.factory.support.AbstractBeanFactory.lambda$doGetBean$1(AbstractBeanFactory.java:372)\r\n\tat org.springframework.cloud.context.scope.GenericScope$BeanLifecycleWrapper.getBean(GenericScope.java:373)\r\n\tat org.springframework.cloud.context.scope.GenericScope.get(GenericScope.java:177)\r\n\tat org.springframework.beans.factory.support.AbstractBeanFactory.doGetBean(AbstractBeanFactory.java:369)\r\n\tat org.springframework.beans.factory.support.AbstractBeanFactory.getBean(AbstractBeanFactory.java:196)\r\n\tat org.springframework.aop.target.SimpleBeanTargetSource.getTarget(SimpleBeanTargetSource.java:35)\r\n\tat org.springframework.cloud.netflix.eureka.serviceregistry.EurekaRegistration.getTargetObject(EurekaRegistration.java:128)\r\n\tat org.springframework.cloud.netflix.eureka.serviceregistry.EurekaRegistration.getEurekaClient(EurekaRegistration.java:116)\r\n\tat java.base/jdk.internal.reflect.DirectMethodHandleAccessor.invoke(DirectMethodHandleAccessor.java:104)\r\n\tat java.base/java.lang.reflect.Method.invoke(Method.java:565)\r\n\tat org.springframework.util.ReflectionUtils.invokeMethod(ReflectionUtils.java:281)\r\n\tat org.springframework.cloud.context.scope.GenericScope$LockedScopedProxyFactoryBean.invoke(GenericScope.java:480)\r\n\tat org.springframework.aop.framework.ReflectiveMethodInvocation.proceed(ReflectiveMethodInvocation.java:179)\r\n\tat org.springframework.aop.framework.CglibAopProxy$DynamicAdvisedInterceptor.intercept(CglibAopProxy.java:719)\r\n\tat org.springframework.cloud.netflix.eureka.serviceregistry.EurekaRegistration$$SpringCGLIB$$0.getEurekaClient(<generated>)\r\n\tat org.springframework.cloud.netflix.eureka.serviceregistry.EurekaServiceRegistry.maybeInitializeClient(EurekaServiceRegistry.java:83)\r\n\tat org.springframework.cloud.netflix.eureka.serviceregistry.EurekaServiceRegistry.register(EurekaServiceRegistry.java:66)\r\n\tat org.springframework.cloud.netflix.eureka.serviceregistry.EurekaAutoServiceRegistration.start(EurekaAutoServiceRegistration.java:89)\r\n\tat org.springframework.context.support.DefaultLifecycleProcessor.doStart(DefaultLifecycleProcessor.java:420)\r\n\tat org.springframework.context.support.DefaultLifecycleProcessor.doStart(DefaultLifecycleProcessor.java:409)\r\n\tat org.springframework.context.support.DefaultLifecycleProcessor$LifecycleGroup.start(DefaultLifecycleProcessor.java:613)\r\n\tat java.base/java.lang.Iterable.forEach(Iterable.java:75)\r\n\tat org.springframework.context.support.DefaultLifecycleProcessor.startBeans(DefaultLifecycleProcessor.java:379)\r\n\tat org.springframework.context.support.DefaultLifecycleProcessor.onRefresh(DefaultLifecycleProcessor.java:306)\r\n\tat org.springframework.context.support.AbstractApplicationContext.finishRefresh(AbstractApplicationContext.java:1013)\r\n\tat org.springframework.context.support.AbstractApplicationContext.refresh(AbstractApplicationContext.java:624)\r\n\tat org.springframework.boot.SpringApplication.refresh(SpringApplication.java:756)\r\n\tat org.springframework.boot.SpringApplication.refreshContext(SpringApplication.java:445)\r\n\tat org.springframework.boot.SpringApplication.run(SpringApplication.java:321)\r\n\tat org.springframework.boot.test.context.SpringBootContextLoader.lambda$loadContext$2(SpringBootContextLoader.java:155)\r\n\tat org.springframework.util.function.ThrowingSupplier.get(ThrowingSupplier.java:58)\r\n\tat org.springframework.util.function.ThrowingSupplier.get(ThrowingSupplier.java:46)\r\n\tat org.springframework.boot.SpringApplication.withHook(SpringApplication.java:1465)\r\n\tat org.springframework.boot.test.context.SpringBootContextLoader$ContextLoaderHook.run(SpringBootContextLoader.java:600)\r\n\tat org.springframework.boot.test.context.SpringBootContextLoader.loadContext(SpringBootContextLoader.java:155)\r\n\tat org.springframework.boot.test.context.SpringBootContextLoader.loadContext(SpringBootContextLoader.java:114)\r\n\tat org.springframework.test.context.cache.DefaultCacheAwareContextLoaderDelegate.loadContextInternal(DefaultCacheAwareContextLoaderDelegate.java:247)\r\n\tat org.springframework.test.context.cache.DefaultCacheAwareContextLoaderDelegate.lambda$loadContext$0(DefaultCacheAwareContextLoaderDelegate.java:167)\r\n\tat org.springframework.test.context.cache.DefaultContextCache.put(DefaultContextCache.java:214)\r\n\tat org.springframework.test.context.cache.DefaultCacheAwareContextLoaderDelegate.loadContext(DefaultCacheAwareContextLoaderDelegate.java:160)\r\n\tat org.springframework.test.context.support.DefaultTestContext.getApplicationContext(DefaultTestContext.java:128)\r\n\tat org.springframework.test.context.web.ServletTestExecutionListener.setUpRequestContextIfNecessary(ServletTestExecutionListener.java:200)\r\n\tat org.springframework.test.context.web.ServletTestExecutionListener.prepareTestInstance(ServletTestExecutionListener.java:139)\r\n\tat org.springframework.test.context.TestContextManager.prepareTestInstance(TestContextManager.java:260)\r\n\tat org.springframework.test.context.junit.jupiter.SpringExtension.postProcessTestInstance(SpringExtension.java:210)\r\n\tat org.junit.jupiter.engine.descriptor.ClassBasedTestDescriptor.lambda$invokeTestInstancePostProcessors$1(ClassBasedTestDescriptor.java:423)\r\n\tat org.junit.jupiter.engine.descriptor.ClassBasedTestDescriptor.executeAndMaskThrowable(ClassBasedTestDescriptor.java:428)\r\n\tat org.junit.jupiter.engine.descriptor.ClassBasedTestDescriptor.lambda$invokeTestInstancePostProcessors$0(ClassBasedTestDescriptor.java:422)\r\n\tat java.base/java.util.stream.ForEachOps$ForEachOp$OfRef.accept(ForEachOps.java:186)\r\n\tat java.base/java.util.stream.ReferencePipeline$3$1.accept(ReferencePipeline.java:214)\r\n\tat java.base/java.util.stream.ReferencePipeline$2$1.accept(ReferencePipeline.java:197)\r\n\tat java.base/java.util.stream.ReferencePipeline$3$1.accept(ReferencePipeline.java:214)\r\n\tat java.base/java.util.ArrayList$ArrayListSpliterator.forEachRemaining(ArrayList.java:1716)\r\n\tat java.base/java.util.stream.AbstractPipeline.copyInto(AbstractPipeline.java:570)\r\n\tat java.base/java.util.stream.AbstractPipeline.wrapAndCopyInto(AbstractPipeline.java:560)\r\n\tat java.base/java.util.stream.ForEachOps$ForEachOp.evaluateSequential(ForEachOps.java:153)\r\n\tat java.base/java.util.stream.ForEachOps$ForEachOp$OfRef.evaluateSequential(ForEachOps.java:176)\r\n\tat java.base/java.util.stream.AbstractPipeline.evaluate(AbstractPipeline.java:265)\r\n\tat java.base/java.util.stream.ReferencePipeline.forEach(ReferencePipeline.java:632)\r\n\tat org.junit.jupiter.engine.descriptor.ClassBasedTestDescriptor.invokeTestInstancePostProcessors(ClassBasedTestDescriptor.java:422)\r\n\tat org.junit.jupiter.engine.descriptor.ClassBasedTestDescriptor.lambda$instantiateAndPostProcessTestInstance$0(ClassBasedTestDescriptor.java:334)\r\n\tat org.junit.platform.engine.support.hierarchical.ThrowableCollector.execute(ThrowableCollector.java:74)\r\n\tat org.junit.jupiter.engine.descriptor.ClassBasedTestDescriptor.instantiateAndPostProcessTestInstance(ClassBasedTestDescriptor.java:333)\r\n\tat org.junit.jupiter.engine.descriptor.ClassBasedTestDescriptor.lambda$testInstancesProvider$1(ClassBasedTestDescriptor.java:322)\r\n\tat java.base/java.util.Optional.orElseGet(Optional.java:364)\r\n\tat org.junit.jupiter.engine.descriptor.ClassBasedTestDescriptor.lambda$testInstancesProvider$0(ClassBasedTestDescriptor.java:321)\r\n\tat org.junit.jupiter.engine.execution.TestInstancesProvider.getTestInstances(TestInstancesProvider.java:27)\r\n\tat org.junit.jupiter.engine.descriptor.TestMethodTestDescriptor.lambda$prepare$0(TestMethodTestDescriptor.java:127)\r\n\tat org.junit.platform.engine.support.hierarchical.ThrowableCollector.execute(ThrowableCollector.java:74)\r\n\tat org.junit.jupiter.engine.descriptor.TestMethodTestDescriptor.prepare(TestMethodTestDescriptor.java:126)\r\n\tat org.junit.jupiter.engine.descriptor.TestMethodTestDescriptor.prepare(TestMethodTestDescriptor.java:70)\r\n\tat org.junit.platform.engine.support.hierarchical.NodeTestTask.lambda$prepare$0(NodeTestTask.java:144)\r\n\tat org.junit.platform.engine.support.hierarchical.ThrowableCollector.execute(ThrowableCollector.java:74)\r\n\tat org.junit.platform.engine.support.hierarchical.NodeTestTask.prepare(NodeTestTask.java:144)\r\n\tat org.junit.platform.engine.support.hierarchical.NodeTestTask.execute(NodeTestTask.java:110)\r\n\tat java.base/java.util.ArrayList.forEach(ArrayList.java:1604)\r\n\tat org.junit.platform.engine.support.hierarchical.SameThreadHierarchicalTestExecutorService.invokeAll(SameThreadHierarchicalTestExecutorService.java:42)\r\n\tat org.junit.platform.engine.support.hierarchical.NodeTestTask.lambda$executeRecursively$2(NodeTestTask.java:180)\r\n\tat org.junit.platform.engine.support.hierarchical.ThrowableCollector.execute(ThrowableCollector.java:74)\r\n\tat org.junit.platform.engine.support.hierarchical.NodeTestTask.lambda$executeRecursively$1(NodeTestTask.java:166)\r\n\tat org.junit.platform.engine.support.hierarchical.Node.around(Node.java:138)\r\n\tat org.junit.platform.engine.support.hierarchical.NodeTestTask.lambda$executeRecursively$0(NodeTestTask.java:164)\r\n\tat org.junit.platform.engine.support.hierarchical.ThrowableCollector.execute(ThrowableCollector.java:74)\r\n\tat org.junit.platform.engine.support.hierarchical.NodeTestTask.executeRecursively(NodeTestTask.java:163)\r\n\tat org.junit.platform.engine.support.hierarchical.NodeTestTask.execute(NodeTestTask.java:116)\r\n\tat java.base/java.util.ArrayList.forEach(ArrayList.java:1604)\r\n\tat org.junit.platform.engine.support.hierarchical.SameThreadHierarchicalTestExecutorService.invokeAll(SameThreadHierarchicalTestExecutorService.java:42)\r\n\tat org.junit.platform.engine.support.hierarchical.NodeTestTask.lambda$executeRecursively$2(NodeTestTask.java:180)\r\n\tat org.junit.platform.engine.support.hierarchical.ThrowableCollector.execute(ThrowableCollector.java:74)\r\n\tat org.junit.platform.engine.support.hierarchical.NodeTestTask.lambda$executeRecursively$1(NodeTestTask.java:166)\r\n\tat org.junit.platform.engine.support.hierarchical.Node.around(Node.java:138)\r\n\tat org.junit.platform.engine.support.hierarchical.NodeTestTask.lambda$executeRecursively$0(NodeTestTask.java:164)\r\n\tat org.junit.platform.engine.support.hierarchical.ThrowableCollector.execute(ThrowableCollector.java:74)\r\n\tat org.junit.platform.engine.support.hierarchical.NodeTestTask.executeRecursively(NodeTestTask.java:163)\r\n\tat org.junit.platform.engine.support.hierarchical.NodeTestTask.execute(NodeTestTask.java:116)\r\n\tat org.junit.platform.engine.support.hierarchical.SameThreadHierarchicalTestExecutorService.submit(SameThreadHierarchicalTestExecutorService.java:36)\r\n\tat org.junit.platform.engine.support.hierarchical.HierarchicalTestExecutor.execute(HierarchicalTestExecutor.java:52)\r\n\tat org.junit.platform.engine.support.hierarchical.HierarchicalTestEngine.execute(HierarchicalTestEngine.java:58)\r\n\tat org.junit.platform.launcher.core.EngineExecutionOrchestrator.executeEngine(EngineExecutionOrchestrator.java:246)\r\n\tat org.junit.platform.launcher.core.EngineExecutionOrchestrator.failOrExecuteEngine(EngineExecutionOrchestrator.java:218)\r\n\tat org.junit.platform.launcher.core.EngineExecutionOrchestrator.execute(EngineExecutionOrchestrator.java:179)\r\n\tat org.junit.platform.launcher.core.EngineExecutionOrchestrator.execute(EngineExecutionOrchestrator.java:108)\r\n\tat org.junit.platform.launcher.core.EngineExecutionOrchestrator.lambda$execute$0(EngineExecutionOrchestrator.java:66)\r\n\tat org.junit.platform.launcher.core.EngineExecutionOrchestrator.withInterceptedStreams(EngineExecutionOrchestrator.java:157)\r\n\tat org.junit.platform.launcher.core.EngineExecutionOrchestrator.execute(EngineExecutionOrchestrator.java:65)\r\n\tat org.junit.platform.launcher.core.DefaultLauncher.execute(DefaultLauncher.java:125)\r\n\tat org.junit.platform.launcher.core.DefaultLauncher.execute(DefaultLauncher.java:114)\r\n\tat org.junit.platform.launcher.core.DelegatingLauncher.execute(DelegatingLauncher.java:58)\r\n\tat org.junit.platform.launcher.core.InterceptingLauncher.lambda$execute$2(InterceptingLauncher.java:57)\r\n\tat org.junit.platform.launcher.core.ClasspathAlignmentCheckingLauncherInterceptor.intercept(ClasspathAlignmentCheckingLauncherInterceptor.java:25)\r\n\tat org.junit.platform.launcher.core.InterceptingLauncher.execute(InterceptingLauncher.java:56)\r\n\tat org.junit.platform.launcher.core.DelegatingLauncher.execute(DelegatingLauncher.java:58)\r\n\tat java.base/jdk.internal.reflect.DirectMethodHandleAccessor.invoke(DirectMethodHandleAccessor.java:104)\r\n\tat java.base/java.lang.reflect.Method.invoke(Method.java:565)\r\n\tat org.apache.maven.surefire.api.util.ReflectionUtils.invokeMethodWithArray(ReflectionUtils.java:125)\r\n\tat org.apache.maven.surefire.junitplatform.LauncherAdapter.executeWithCancellationToken(LauncherAdapter.java:68)\r\n\tat org.apache.maven.surefire.junitplatform.LauncherAdapter.execute(LauncherAdapter.java:54)\r\n\tat org.apache.maven.surefire.junitplatform.JUnitPlatformProvider.execute(JUnitPlatformProvider.java:203)\r\n\tat org.apache.maven.surefire.junitplatform.JUnitPlatformProvider.invokeAllTests(JUnitPlatformProvider.java:168)\r\n\tat org.apache.maven.surefire.junitplatform.JUnitPlatformProvider.invoke(JUnitPlatformProvider.java:134)\r\n\tat org.apache.maven.surefire.booter.ForkedBooter.runSuitesInProcess(ForkedBooter.java:385)\r\n\tat org.apache.maven.surefire.booter.ForkedBooter.execute(ForkedBooter.java:162)\r\n\tat org.apache.maven.surefire.booter.ForkedBooter.run(ForkedBooter.java:507)\r\n\tat org.apache.maven.surefire.booter.ForkedBooter.main(ForkedBooter.java:495)\r\nCaused by: org.apache.hc.client5.http.HttpHostConnectException: Connect to http://localhost:8761 failed: Connection refused: getsockopt\r\n\tat java.base/sun.nio.ch.Net.pollConnect(Native Method)\r\n\tat java.base/sun.nio.ch.Net.pollConnectNow(Net.java:639)\r\n\tat java.base/sun.nio.ch.NioSocketImpl.timedFinishConnect(NioSocketImpl.java:543)\r\n\tat java.base/sun.nio.ch.NioSocketImpl.connect(NioSocketImpl.java:594)\r\n\tat java.base/java.net.SocksSocketImpl.connect(SocksSocketImpl.java:284)\r\n\tat java.base/java.net.Socket.connect(Socket.java:659)\r\n\tat org.apache.hc.client5.http.impl.io.DefaultHttpClientConnectionOperator.connect(DefaultHttpClientConnectionOperator.java:226)\r\n\tat org.apache.hc.client5.http.impl.io.PoolingHttpClientConnectionManager.connect(PoolingHttpClientConnectionManager.java:497)\r\n\tat org.apache.hc.client5.http.impl.classic.InternalExecRuntime.connectEndpoint(InternalExecRuntime.java:164)\r\n\tat org.apache.hc.client5.http.impl.classic.InternalExecRuntime.connectEndpoint(InternalExecRuntime.java:174)\r\n\tat org.apache.hc.client5.http.impl.classic.ConnectExec.execute(ConnectExec.java:144)\r\n\tat org.apache.hc.client5.http.impl.classic.ExecChainElement.execute(ExecChainElement.java:51)\r\n\tat org.apache.hc.client5.http.impl.classic.ProtocolExec.execute(ProtocolExec.java:195)\r\n\tat org.apache.hc.client5.http.impl.classic.ExecChainElement.execute(ExecChainElement.java:51)\r\n\tat org.apache.hc.client5.http.impl.classic.ContentCompressionExec.execute(ContentCompressionExec.java:168)\r\n\tat org.apache.hc.client5.http.impl.classic.ExecChainElement.execute(ExecChainElement.java:51)\r\n\tat org.apache.hc.client5.http.impl.classic.HttpRequestRetryExec.execute(HttpRequestRetryExec.java:112)\r\n\tat org.apache.hc.client5.http.impl.classic.ExecChainElement.execute(ExecChainElement.java:51)\r\n\tat org.apache.hc.client5.http.impl.classic.RedirectExec.execute(RedirectExec.java:110)\r\n\tat org.apache.hc.client5.http.impl.classic.ExecChainElement.execute(ExecChainElement.java:51)\r\n\tat org.apache.hc.client5.http.impl.classic.InternalHttpClient.doExecute(InternalHttpClient.java:185)\r\n\tat org.apache.hc.client5.http.impl.classic.CloseableHttpClient.execute(CloseableHttpClient.java:87)\r\n\tat org.apache.hc.client5.http.impl.classic.CloseableHttpClient.execute(CloseableHttpClient.java:55)\r\n\tat org.apache.hc.client5.http.classic.HttpClient.executeOpen(HttpClient.java:183)\r\n\tat org.springframework.http.client.HttpComponentsClientHttpRequest.executeInternal(HttpComponentsClientHttpRequest.java:99)\r\n\tat org.springframework.http.client.AbstractStreamingClientHttpRequest.executeInternal(AbstractStreamingClientHttpRequest.java:87)\r\n\tat org.springframework.http.client.AbstractClientHttpRequest.execute(AbstractClientHttpRequest.java:80)\r\n\tat org.springframework.http.client.AbstractBufferingClientHttpRequest.executeWithRequest(AbstractBufferingClientHttpRequest.java:89)\r\n\tat org.springframework.http.client.InterceptingClientHttpRequest$EndOfChainRequestExecution.execute(InterceptingClientHttpRequest.java:102)\r\n\tat org.springframework.cloud.netflix.eureka.http.RestClientTransportClientFactory.lambda$newClient$2(RestClientTransportClientFactory.java:98)\r\n\tat org.springframework.http.client.ClientHttpRequestInterceptor.lambda$apply$0(ClientHttpRequestInterceptor.java:89)\r\n\tat org.springframework.http.client.InterceptingClientHttpRequest.executeInternal(InterceptingClientHttpRequest.java:73)\r\n\tat org.springframework.http.client.AbstractBufferingClientHttpRequest.executeInternal(AbstractBufferingClientHttpRequest.java:50)\r\n\tat org.springframework.http.client.AbstractClientHttpRequest.execute(AbstractClientHttpRequest.java:80)\r\n\tat org.springframework.web.client.DefaultRestClient$DefaultRequestBodyUriSpec.exchangeInternal(DefaultRestClient.java:614)\r\n\t... 159 more\r\n","logger_name":"com.netflix.discovery.shared.transport.decorator.RedirectingEurekaHttpClient","thread_name":"main","level":"INFO","level_value":20000,"activeEnv":"default","serviceName":"inventory-service","service":"inventory-service","env":"default"}
{"@timestamp":"2026-05-24T07:45:13.6598804+04:00","@version":"1","message":"Request execution failed with message: I/O error on GET request for \"http://localhost:8761/eureka/apps/\": Connect to http://localhost:8761 failed: Connection refused: getsockopt","logger_name":"com.netflix.discovery.shared.transport.decorator.RetryableEurekaHttpClient","thread_name":"main","level":"WARN","level_value":30000,"activeEnv":"default","serviceName":"inventory-service","service":"inventory-service","env":"default"}
{"@timestamp":"2026-05-24T07:45:13.6609414+04:00","@version":"1","message":"DiscoveryClient_INVENTORY-SERVICE/OMNLT5CG3292BDO.mshome.net:inventory-service - was unable to refresh its cache! This periodic background refresh will be retried in 30 seconds. status = Cannot execute request on any known server stacktrace = com.netflix.discovery.shared.transport.TransportException: Cannot execute request on any known server\r\n\tat com.netflix.discovery.shared.transport.decorator.RetryableEurekaHttpClient.execute(RetryableEurekaHttpClient.java:112)\r\n\tat com.netflix.discovery.shared.transport.decorator.EurekaHttpClientDecorator.getApplications(EurekaHttpClientDecorator.java:134)\r\n\tat com.netflix.discovery.shared.transport.decorator.EurekaHttpClientDecorator$6.execute(EurekaHttpClientDecorator.java:137)\r\n\tat com.netflix.discovery.shared.transport.decorator.SessionedEurekaHttpClient.execute(SessionedEurekaHttpClient.java:76)\r\n\tat com.netflix.discovery.shared.transport.decorator.EurekaHttpClientDecorator.getApplications(EurekaHttpClientDecorator.java:134)\r\n\tat com.netflix.discovery.DiscoveryClient.getAndStoreFullRegistry(DiscoveryClient.java:1046)\r\n\tat com.netflix.discovery.DiscoveryClient.fetchRegistry(DiscoveryClient.java:961)\r\n\tat com.netflix.discovery.DiscoveryClient.<init>(DiscoveryClient.java:410)\r\n\tat com.netflix.discovery.DiscoveryClient.<init>(DiscoveryClient.java:245)\r\n\tat com.netflix.discovery.DiscoveryClient.<init>(DiscoveryClient.java:240)\r\n\tat org.springframework.cloud.netflix.eureka.CloudEurekaClient.<init>(CloudEurekaClient.java:68)\r\n\tat org.springframework.cloud.netflix.eureka.EurekaClientAutoConfiguration$RefreshableEurekaClientConfiguration.eurekaClient(EurekaClientAutoConfiguration.java:324)\r\n\tat java.base/jdk.internal.reflect.DirectMethodHandleAccessor.invoke(DirectMethodHandleAccessor.java:104)\r\n\tat java.base/java.lang.reflect.Method.invoke(Method.java:565)\r\n\tat org.springframework.beans.factory.support.SimpleInstantiationStrategy.lambda$instantiate$0(SimpleInstantiationStrategy.java:155)\r\n\tat org.springframework.beans.factory.support.SimpleInstantiationStrategy.instantiateWithFactoryMethod(SimpleInstantiationStrategy.java:72)\r\n\tat org.springframework.beans.factory.support.SimpleInstantiationStrategy.instantiate(SimpleInstantiationStrategy.java:152)\r\n\tat org.springframework.beans.factory.support.ConstructorResolver.instantiate(ConstructorResolver.java:653)\r\n\tat org.springframework.beans.factory.support.ConstructorResolver.instantiateUsingFactoryMethod(ConstructorResolver.java:645)\r\n\tat org.springframework.beans.factory.support.AbstractAutowireCapableBeanFactory.instantiateUsingFactoryMethod(AbstractAutowireCapableBeanFactory.java:1362)\r\n\tat org.springframework.beans.factory.support.AbstractAutowireCapableBeanFactory.createBeanInstance(AbstractAutowireCapableBeanFactory.java:1194)\r\n\tat org.springframework.beans.factory.support.AbstractAutowireCapableBeanFactory.doCreateBean(AbstractAutowireCapableBeanFactory.java:565)\r\n\tat org.springframework.beans.factory.support.AbstractAutowireCapableBeanFactory.createBean(AbstractAutowireCapableBeanFactory.java:525)\r\n\tat org.springframework.beans.factory.support.AbstractBeanFactory.lambda$doGetBean$1(AbstractBeanFactory.java:372)\r\n\tat org.springframework.cloud.context.scope.GenericScope$BeanLifecycleWrapper.getBean(GenericScope.java:373)\r\n\tat org.springframework.cloud.context.scope.GenericScope.get(GenericScope.java:177)\r\n\tat org.springframework.beans.factory.support.AbstractBeanFactory.doGetBean(AbstractBeanFactory.java:369)\r\n\tat org.springframework.beans.factory.support.AbstractBeanFactory.getBean(AbstractBeanFactory.java:196)\r\n\tat org.springframework.aop.target.SimpleBeanTargetSource.getTarget(SimpleBeanTargetSource.java:35)\r\n\tat org.springframework.cloud.netflix.eureka.serviceregistry.EurekaRegistration.getTargetObject(EurekaRegistration.java:128)\r\n\tat org.springframework.cloud.netflix.eureka.serviceregistry.EurekaRegistration.getEurekaClient(EurekaRegistration.java:116)\r\n\tat java.base/jdk.internal.reflect.DirectMethodHandleAccessor.invoke(DirectMethodHandleAccessor.java:104)\r\n\tat java.base/java.lang.reflect.Method.invoke(Method.java:565)\r\n\tat org.springframework.util.ReflectionUtils.invokeMethod(ReflectionUtils.java:281)\r\n\tat org.springframework.cloud.context.scope.GenericScope$LockedScopedProxyFactoryBean.invoke(GenericScope.java:480)\r\n\tat org.springframework.aop.framework.ReflectiveMethodInvocation.proceed(ReflectiveMethodInvocation.java:179)\r\n\tat org.springframework.aop.framework.CglibAopProxy$DynamicAdvisedInterceptor.intercept(CglibAopProxy.java:719)\r\n\tat org.springframework.cloud.netflix.eureka.serviceregistry.EurekaRegistration$$SpringCGLIB$$0.getEurekaClient(<generated>)\r\n\tat org.springframework.cloud.netflix.eureka.serviceregistry.EurekaServiceRegistry.maybeInitializeClient(EurekaServiceRegistry.java:83)\r\n\tat org.springframework.cloud.netflix.eureka.serviceregistry.EurekaServiceRegistry.register(EurekaServiceRegistry.java:66)\r\n\tat org.springframework.cloud.netflix.eureka.serviceregistry.EurekaAutoServiceRegistration.start(EurekaAutoServiceRegistration.java:89)\r\n\tat org.springframework.context.support.DefaultLifecycleProcessor.doStart(DefaultLifecycleProcessor.java:420)\r\n\tat org.springframework.context.support.DefaultLifecycleProcessor.doStart(DefaultLifecycleProcessor.java:409)\r\n\tat org.springframework.context.support.DefaultLifecycleProcessor$LifecycleGroup.start(DefaultLifecycleProcessor.java:613)\r\n\tat java.base/java.lang.Iterable.forEach(Iterable.java:75)\r\n\tat org.springframework.context.support.DefaultLifecycleProcessor.startBeans(DefaultLifecycleProcessor.java:379)\r\n\tat org.springframework.context.support.DefaultLifecycleProcessor.onRefresh(DefaultLifecycleProcessor.java:306)\r\n\tat org.springframework.context.support.AbstractApplicationContext.finishRefresh(AbstractApplicationContext.java:1013)\r\n\tat org.springframework.context.support.AbstractApplicationContext.refresh(AbstractApplicationContext.java:624)\r\n\tat org.springframework.boot.SpringApplication.refresh(SpringApplication.java:756)\r\n\tat org.springframework.boot.SpringApplication.refreshContext(SpringApplication.java:445)\r\n\tat org.springframework.boot.SpringApplication.run(SpringApplication.java:321)\r\n\tat org.springframework.boot.test.context.SpringBootContextLoader.lambda$loadContext$2(SpringBootContextLoader.java:155)\r\n\tat org.springframework.util.function.ThrowingSupplier.get(ThrowingSupplier.java:58)\r\n\tat org.springframework.util.function.ThrowingSupplier.get(ThrowingSupplier.java:46)\r\n\tat org.springframework.boot.SpringApplication.withHook(SpringApplication.java:1465)\r\n\tat org.springframework.boot.test.context.SpringBootContextLoader$ContextLoaderHook.run(SpringBootContextLoader.java:600)\r\n\tat org.springframework.boot.test.context.SpringBootContextLoader.loadContext(SpringBootContextLoader.java:155)\r\n\tat org.springframework.boot.test.context.SpringBootContextLoader.loadContext(SpringBootContextLoader.java:114)\r\n\tat org.springframework.test.context.cache.DefaultCacheAwareContextLoaderDelegate.loadContextInternal(DefaultCacheAwareContextLoaderDelegate.java:247)\r\n\tat org.springframework.test.context.cache.DefaultCacheAwareContextLoaderDelegate.lambda$loadContext$0(DefaultCacheAwareContextLoaderDelegate.java:167)\r\n\tat org.springframework.test.context.cache.DefaultContextCache.put(DefaultContextCache.java:214)\r\n\tat org.springframework.test.context.cache.DefaultCacheAwareContextLoaderDelegate.loadContext(DefaultCacheAwareContextLoaderDelegate.java:160)\r\n\tat org.springframework.test.context.support.DefaultTestContext.getApplicationContext(DefaultTestContext.java:128)\r\n\tat org.springframework.test.context.web.ServletTestExecutionListener.setUpRequestContextIfNecessary(ServletTestExecutionListener.java:200)\r\n\tat org.springframework.test.context.web.ServletTestExecutionListener.prepareTestInstance(ServletTestExecutionListener.java:139)\r\n\tat org.springframework.test.context.TestContextManager.prepareTestInstance(TestContextManager.java:260)\r\n\tat org.springframework.test.context.junit.jupiter.SpringExtension.postProcessTestInstance(SpringExtension.java:210)\r\n\tat org.junit.jupiter.engine.descriptor.ClassBasedTestDescriptor.lambda$invokeTestInstancePostProcessors$1(ClassBasedTestDescriptor.java:423)\r\n\tat org.junit.jupiter.engine.descriptor.ClassBasedTestDescriptor.executeAndMaskThrowable(ClassBasedTestDescriptor.java:428)\r\n\tat org.junit.jupiter.engine.descriptor.ClassBasedTestDescriptor.lambda$invokeTestInstancePostProcessors$0(ClassBasedTestDescriptor.java:422)\r\n\tat java.base/java.util.stream.ForEachOps$ForEachOp$OfRef.accept(ForEachOps.java:186)\r\n\tat java.base/java.util.stream.ReferencePipeline$3$1.accept(ReferencePipeline.java:214)\r\n\tat java.base/java.util.stream.ReferencePipeline$2$1.accept(ReferencePipeline.java:197)\r\n\tat java.base/java.util.stream.ReferencePipeline$3$1.accept(ReferencePipeline.java:214)\r\n\tat java.base/java.util.ArrayList$ArrayListSpliterator.forEachRemaining(ArrayList.java:1716)\r\n\tat java.base/java.util.stream.AbstractPipeline.copyInto(AbstractPipeline.java:570)\r\n\tat java.base/java.util.stream.AbstractPipeline.wrapAndCopyInto(AbstractPipeline.java:560)\r\n\tat java.base/java.util.stream.ForEachOps$ForEachOp.evaluateSequential(ForEachOps.java:153)\r\n\tat java.base/java.util.stream.ForEachOps$ForEachOp$OfRef.evaluateSequential(ForEachOps.java:176)\r\n\tat java.base/java.util.stream.AbstractPipeline.evaluate(AbstractPipeline.java:265)\r\n\tat java.base/java.util.stream.ReferencePipeline.forEach(ReferencePipeline.java:632)\r\n\tat org.junit.jupiter.engine.descriptor.ClassBasedTestDescriptor.invokeTestInstancePostProcessors(ClassBasedTestDescriptor.java:422)\r\n\tat org.junit.jupiter.engine.descriptor.ClassBasedTestDescriptor.lambda$instantiateAndPostProcessTestInstance$0(ClassBasedTestDescriptor.java:334)\r\n\tat org.junit.platform.engine.support.hierarchical.ThrowableCollector.execute(ThrowableCollector.java:74)\r\n\tat org.junit.jupiter.engine.descriptor.ClassBasedTestDescriptor.instantiateAndPostProcessTestInstance(ClassBasedTestDescriptor.java:333)\r\n\tat org.junit.jupiter.engine.descriptor.ClassBasedTestDescriptor.lambda$testInstancesProvider$1(ClassBasedTestDescriptor.java:322)\r\n\tat java.base/java.util.Optional.orElseGet(Optional.java:364)\r\n\tat org.junit.jupiter.engine.descriptor.ClassBasedTestDescriptor.lambda$testInstancesProvider$0(ClassBasedTestDescriptor.java:321)\r\n\tat org.junit.jupiter.engine.execution.TestInstancesProvider.getTestInstances(TestInstancesProvider.java:27)\r\n\tat org.junit.jupiter.engine.descriptor.TestMethodTestDescriptor.lambda$prepare$0(TestMethodTestDescriptor.java:127)\r\n\tat org.junit.platform.engine.support.hierarchical.ThrowableCollector.execute(ThrowableCollector.java:74)\r\n\tat org.junit.jupiter.engine.descriptor.TestMethodTestDescriptor.prepare(TestMethodTestDescriptor.java:126)\r\n\tat org.junit.jupiter.engine.descriptor.TestMethodTestDescriptor.prepare(TestMethodTestDescriptor.java:70)\r\n\tat org.junit.platform.engine.support.hierarchical.NodeTestTask.lambda$prepare$0(NodeTestTask.java:144)\r\n\tat org.junit.platform.engine.support.hierarchical.ThrowableCollector.execute(ThrowableCollector.java:74)\r\n\tat org.junit.platform.engine.support.hierarchical.NodeTestTask.prepare(NodeTestTask.java:144)\r\n\tat org.junit.platform.engine.support.hierarchical.NodeTestTask.execute(NodeTestTask.java:110)\r\n\tat java.base/java.util.ArrayList.forEach(ArrayList.java:1604)\r\n\tat org.junit.platform.engine.support.hierarchical.SameThreadHierarchicalTestExecutorService.invokeAll(SameThreadHierarchicalTestExecutorService.java:42)\r\n\tat org.junit.platform.engine.support.hierarchical.NodeTestTask.lambda$executeRecursively$2(NodeTestTask.java:180)\r\n\tat org.junit.platform.engine.support.hierarchical.ThrowableCollector.execute(ThrowableCollector.java:74)\r\n\tat org.junit.platform.engine.support.hierarchical.NodeTestTask.lambda$executeRecursively$1(NodeTestTask.java:166)\r\n\tat org.junit.platform.engine.support.hierarchical.Node.around(Node.java:138)\r\n\tat org.junit.platform.engine.support.hierarchical.NodeTestTask.lambda$executeRecursively$0(NodeTestTask.java:164)\r\n\tat org.junit.platform.engine.support.hierarchical.ThrowableCollector.execute(ThrowableCollector.java:74)\r\n\tat org.junit.platform.engine.support.hierarchical.NodeTestTask.executeRecursively(NodeTestTask.java:163)\r\n\tat org.junit.platform.engine.support.hierarchical.NodeTestTask.execute(NodeTestTask.java:116)\r\n\tat java.base/java.util.ArrayList.forEach(ArrayList.java:1604)\r\n\tat org.junit.platform.engine.support.hierarchical.SameThreadHierarchicalTestExecutorService.invokeAll(SameThreadHierarchicalTestExecutorService.java:42)\r\n\tat org.junit.platform.engine.support.hierarchical.NodeTestTask.lambda$executeRecursively$2(NodeTestTask.java:180)\r\n\tat org.junit.platform.engine.support.hierarchical.ThrowableCollector.execute(ThrowableCollector.java:74)\r\n\tat org.junit.platform.engine.support.hierarchical.NodeTestTask.lambda$executeRecursively$1(NodeTestTask.java:166)\r\n\tat org.junit.platform.engine.support.hierarchical.Node.around(Node.java:138)\r\n\tat org.junit.platform.engine.support.hierarchical.NodeTestTask.lambda$executeRecursively$0(NodeTestTask.java:164)\r\n\tat org.junit.platform.engine.support.hierarchical.ThrowableCollector.execute(ThrowableCollector.java:74)\r\n\tat org.junit.platform.engine.support.hierarchical.NodeTestTask.executeRecursively(NodeTestTask.java:163)\r\n\tat org.junit.platform.engine.support.hierarchical.NodeTestTask.execute(NodeTestTask.java:116)\r\n\tat org.junit.platform.engine.support.hierarchical.SameThreadHierarchicalTestExecutorService.submit(SameThreadHierarchicalTestExecutorService.java:36)\r\n\tat org.junit.platform.engine.support.hierarchical.HierarchicalTestExecutor.execute(HierarchicalTestExecutor.java:52)\r\n\tat org.junit.platform.engine.support.hierarchical.HierarchicalTestEngine.execute(HierarchicalTestEngine.java:58)\r\n\tat org.junit.platform.launcher.core.EngineExecutionOrchestrator.executeEngine(EngineExecutionOrchestrator.java:246)\r\n\tat org.junit.platform.launcher.core.EngineExecutionOrchestrator.failOrExecuteEngine(EngineExecutionOrchestrator.java:218)\r\n\tat org.junit.platform.launcher.core.EngineExecutionOrchestrator.execute(EngineExecutionOrchestrator.java:179)\r\n\tat org.junit.platform.launcher.core.EngineExecutionOrchestrator.execute(EngineExecutionOrchestrator.java:108)\r\n\tat org.junit.platform.launcher.core.EngineExecutionOrchestrator.lambda$execute$0(EngineExecutionOrchestrator.java:66)\r\n\tat org.junit.platform.launcher.core.EngineExecutionOrchestrator.withInterceptedStreams(EngineExecutionOrchestrator.java:157)\r\n\tat org.junit.platform.launcher.core.EngineExecutionOrchestrator.execute(EngineExecutionOrchestrator.java:65)\r\n\tat org.junit.platform.launcher.core.DefaultLauncher.execute(DefaultLauncher.java:125)\r\n\tat org.junit.platform.launcher.core.DefaultLauncher.execute(DefaultLauncher.java:114)\r\n\tat org.junit.platform.launcher.core.DelegatingLauncher.execute(DelegatingLauncher.java:58)\r\n\tat org.junit.platform.launcher.core.InterceptingLauncher.lambda$execute$2(InterceptingLauncher.java:57)\r\n\tat org.junit.platform.launcher.core.ClasspathAlignmentCheckingLauncherInterceptor.intercept(ClasspathAlignmentCheckingLauncherInterceptor.java:25)\r\n\tat org.junit.platform.launcher.core.InterceptingLauncher.execute(InterceptingLauncher.java:56)\r\n\tat org.junit.platform.launcher.core.DelegatingLauncher.execute(DelegatingLauncher.java:58)\r\n\tat java.base/jdk.internal.reflect.DirectMethodHandleAccessor.invoke(DirectMethodHandleAccessor.java:104)\r\n\tat java.base/java.lang.reflect.Method.invoke(Method.java:565)\r\n\tat org.apache.maven.surefire.api.util.ReflectionUtils.invokeMethodWithArray(ReflectionUtils.java:125)\r\n\tat org.apache.maven.surefire.junitplatform.LauncherAdapter.executeWithCancellationToken(LauncherAdapter.java:68)\r\n\tat org.apache.maven.surefire.junitplatform.LauncherAdapter.execute(LauncherAdapter.java:54)\r\n\tat org.apache.maven.surefire.junitplatform.JUnitPlatformProvider.execute(JUnitPlatformProvider.java:203)\r\n\tat org.apache.maven.surefire.junitplatform.JUnitPlatformProvider.invokeAllTests(JUnitPlatformProvider.java:168)\r\n\tat org.apache.maven.surefire.junitplatform.JUnitPlatformProvider.invoke(JUnitPlatformProvider.java:134)\r\n\tat org.apache.maven.surefire.booter.ForkedBooter.runSuitesInProcess(ForkedBooter.java:385)\r\n\tat org.apache.maven.surefire.booter.ForkedBooter.execute(ForkedBooter.java:162)\r\n\tat org.apache.maven.surefire.booter.ForkedBooter.run(ForkedBooter.java:507)\r\n\tat org.apache.maven.surefire.booter.ForkedBooter.main(ForkedBooter.java:495)\r\n","logger_name":"com.netflix.discovery.DiscoveryClient","thread_name":"main","level":"INFO","level_value":20000,"activeEnv":"default","serviceName":"inventory-service","service":"inventory-service","env":"default"}
{"@timestamp":"2026-05-24T07:45:13.6609414+04:00","@version":"1","message":"Initial registry fetch from primary servers failed","logger_name":"com.netflix.discovery.DiscoveryClient","thread_name":"main","level":"INFO","level_value":20000,"activeEnv":"default","serviceName":"inventory-service","service":"inventory-service","env":"default"}
{"@timestamp":"2026-05-24T07:45:13.6609414+04:00","@version":"1","message":"Using default backup registry implementation which does not do anything.","logger_name":"com.netflix.discovery.DiscoveryClient","thread_name":"main","level":"WARN","level_value":30000,"activeEnv":"default","serviceName":"inventory-service","service":"inventory-service","env":"default"}
{"@timestamp":"2026-05-24T07:45:13.6618989+04:00","@version":"1","message":"Initial registry fetch from backup servers failed","logger_name":"com.netflix.discovery.DiscoveryClient","thread_name":"main","level":"INFO","level_value":20000,"activeEnv":"default","serviceName":"inventory-service","service":"inventory-service","env":"default"}
{"@timestamp":"2026-05-24T07:45:13.6629009+04:00","@version":"1","message":"Starting heartbeat executor: renew interval is: 30","logger_name":"com.netflix.discovery.DiscoveryClient","thread_name":"main","level":"INFO","level_value":20000,"activeEnv":"default","serviceName":"inventory-service","service":"inventory-service","env":"default"}
{"@timestamp":"2026-05-24T07:45:13.66489+04:00","@version":"1","message":"InstanceInfoReplicator onDemand update allowed rate per min is 4","logger_name":"com.netflix.discovery.InstanceInfoReplicator","thread_name":"main","level":"INFO","level_value":20000,"activeEnv":"default","serviceName":"inventory-service","service":"inventory-service","env":"default"}
{"@timestamp":"2026-05-24T07:45:13.6689046+04:00","@version":"1","message":"Discovery Client initialized at timestamp 1779594313665 with initial instances count: 0","logger_name":"com.netflix.discovery.DiscoveryClient","thread_name":"main","level":"INFO","level_value":20000,"activeEnv":"default","serviceName":"inventory-service","service":"inventory-service","env":"default"}
{"@timestamp":"2026-05-24T07:45:13.6791393+04:00","@version":"1","message":"Registering application INVENTORY-SERVICE with eureka with status UP","logger_name":"org.springframework.cloud.netflix.eureka.serviceregistry.EurekaServiceRegistry","thread_name":"main","level":"INFO","level_value":20000,"activeEnv":"default","serviceName":"inventory-service","tags":["COMMONS-LOGGING"],"service":"inventory-service","env":"default"}
{"@timestamp":"2026-05-24T07:45:13.6801833+04:00","@version":"1","message":"Saw local status change event StatusChangeEvent [timestamp=1779594313680, current=UP, previous=STARTING]","logger_name":"com.netflix.discovery.DiscoveryClient","thread_name":"main","level":"INFO","level_value":20000,"activeEnv":"default","serviceName":"inventory-service","service":"inventory-service","env":"default"}
{"@timestamp":"2026-05-24T07:45:13.6811776+04:00","@version":"1","message":"DiscoveryClient_INVENTORY-SERVICE/OMNLT5CG3292BDO.mshome.net:inventory-service: registering service...","logger_name":"com.netflix.discovery.DiscoveryClient","thread_name":"DiscoveryClient-InstanceInfoReplicator-%d","level":"INFO","level_value":20000,"activeEnv":"default","serviceName":"inventory-service","service":"inventory-service","env":"default"}
{"@timestamp":"2026-05-24T07:45:13.7011902+04:00","@version":"1","message":"Started InventoryServiceApplicationTests in 8.698 seconds (process running for 10.861)","logger_name":"com.me.learning.inventory.InventoryServiceApplicationTests","thread_name":"main","level":"INFO","level_value":20000,"activeEnv":"default","serviceName":"inventory-service","tags":["COMMONS-LOGGING"],"service":"inventory-service","env":"default"}
{"@timestamp":"2026-05-24T07:45:13.7081299+04:00","@version":"1","message":"SpringDoc /v3/api-docs endpoint is enabled by default. To disable it in production, set the property 'springdoc.api-docs.enabled=false'","logger_name":"org.springdoc.core.events.SpringDocAppInitializer","thread_name":"main","level":"WARN","level_value":30000,"activeEnv":"default","serviceName":"inventory-service","service":"inventory-service","env":"default"}
{"@timestamp":"2026-05-24T07:45:13.7081299+04:00","@version":"1","message":"SpringDoc /swagger-ui.html endpoint is enabled by default. To disable it in production, set the property 'springdoc.swagger-ui.enabled=false'","logger_name":"org.springdoc.core.events.SpringDocAppInitializer","thread_name":"main","level":"WARN","level_value":30000,"activeEnv":"default","serviceName":"inventory-service","service":"inventory-service","env":"default"}
{"@timestamp":"2026-05-24T07:45:13.8220589+04:00","@version":"1","message":"Request execution error. endpoint=DefaultEndpoint{ serviceUrl='http://localhost:8761/eureka/}, exception=I/O error on POST request for \"http://localhost:8761/eureka/apps/INVENTORY-SERVICE\": Connect to http://localhost:8761 failed: Connection refused: getsockopt stacktrace=org.springframework.web.client.ResourceAccessException: I/O error on POST request for \"http://localhost:8761/eureka/apps/INVENTORY-SERVICE\": Connect to http://localhost:8761 failed: Connection refused: getsockopt\r\n\tat org.springframework.web.client.DefaultRestClient$DefaultRequestBodyUriSpec.createResourceAccessException(DefaultRestClient.java:776)\r\n\tat org.springframework.web.client.DefaultRestClient$DefaultRequestBodyUriSpec.exchangeInternal(DefaultRestClient.java:624)\r\n\tat org.springframework.web.client.DefaultRestClient$DefaultRequestBodyUriSpec.exchange(DefaultRestClient.java:572)\r\n\tat org.springframework.web.client.RestClient$RequestHeadersSpec.exchange(RestClient.java:747)\r\n\tat org.springframework.web.client.DefaultRestClient$DefaultResponseSpec.executeAndExtract(DefaultRestClient.java:921)\r\n\tat org.springframework.web.client.DefaultRestClient$DefaultResponseSpec.toBodilessEntity(DefaultRestClient.java:885)\r\n\tat org.springframework.cloud.netflix.eureka.http.RestClientEurekaHttpClient.register(RestClientEurekaHttpClient.java:64)\r\n\tat com.netflix.discovery.shared.transport.decorator.EurekaHttpClientDecorator$1.execute(EurekaHttpClientDecorator.java:59)\r\n\tat com.netflix.discovery.shared.transport.decorator.RedirectingEurekaHttpClient.executeOnNewServer(RedirectingEurekaHttpClient.java:121)\r\n\tat com.netflix.discovery.shared.transport.decorator.RedirectingEurekaHttpClient.execute(RedirectingEurekaHttpClient.java:80)\r\n\tat com.netflix.discovery.shared.transport.decorator.EurekaHttpClientDecorator.register(EurekaHttpClientDecorator.java:56)\r\n\tat com.netflix.discovery.shared.transport.decorator.EurekaHttpClientDecorator$1.execute(EurekaHttpClientDecorator.java:59)\r\n\tat com.netflix.discovery.shared.transport.decorator.RetryableEurekaHttpClient.execute(RetryableEurekaHttpClient.java:120)\r\n\tat com.netflix.discovery.shared.transport.decorator.EurekaHttpClientDecorator.register(EurekaHttpClientDecorator.java:56)\r\n\tat com.netflix.discovery.shared.transport.decorator.EurekaHttpClientDecorator$1.execute(EurekaHttpClientDecorator.java:59)\r\n\tat com.netflix.discovery.shared.transport.decorator.SessionedEurekaHttpClient.execute(SessionedEurekaHttpClient.java:76)\r\n\tat com.netflix.discovery.shared.transport.decorator.EurekaHttpClientDecorator.register(EurekaHttpClientDecorator.java:56)\r\n\tat com.netflix.discovery.DiscoveryClient.register(DiscoveryClient.java:828)\r\n\tat com.netflix.discovery.InstanceInfoReplicator.run(InstanceInfoReplicator.java:125)\r\n\tat com.netflix.discovery.InstanceInfoReplicator$2.run(InstanceInfoReplicator.java:105)\r\n\tat java.base/java.util.concurrent.Executors$RunnableAdapter.call(Executors.java:545)\r\n\tat java.base/java.util.concurrent.FutureTask.run(FutureTask.java:328)\r\n\tat java.base/java.util.concurrent.ScheduledThreadPoolExecutor$ScheduledFutureTask.run(ScheduledThreadPoolExecutor.java:309)\r\n\tat java.base/java.util.concurrent.ThreadPoolExecutor.runWorker(ThreadPoolExecutor.java:1090)\r\n\tat java.base/java.util.concurrent.ThreadPoolExecutor$Worker.run(ThreadPoolExecutor.java:614)\r\n\tat java.base/java.lang.Thread.run(Thread.java:1474)\r\nCaused by: org.apache.hc.client5.http.HttpHostConnectException: Connect to http://localhost:8761 failed: Connection refused: getsockopt\r\n\tat java.base/sun.nio.ch.Net.pollConnect(Native Method)\r\n\tat java.base/sun.nio.ch.Net.pollConnectNow(Net.java:639)\r\n\tat java.base/sun.nio.ch.NioSocketImpl.timedFinishConnect(NioSocketImpl.java:543)\r\n\tat java.base/sun.nio.ch.NioSocketImpl.connect(NioSocketImpl.java:594)\r\n\tat java.base/java.net.SocksSocketImpl.connect(SocksSocketImpl.java:284)\r\n\tat java.base/java.net.Socket.connect(Socket.java:659)\r\n\tat org.apache.hc.client5.http.impl.io.DefaultHttpClientConnectionOperator.connect(DefaultHttpClientConnectionOperator.java:226)\r\n\tat org.apache.hc.client5.http.impl.io.PoolingHttpClientConnectionManager.connect(PoolingHttpClientConnectionManager.java:497)\r\n\tat org.apache.hc.client5.http.impl.classic.InternalExecRuntime.connectEndpoint(InternalExecRuntime.java:164)\r\n\tat org.apache.hc.client5.http.impl.classic.InternalExecRuntime.connectEndpoint(InternalExecRuntime.java:174)\r\n\tat org.apache.hc.client5.http.impl.classic.ConnectExec.execute(ConnectExec.java:144)\r\n\tat org.apache.hc.client5.http.impl.classic.ExecChainElement.execute(ExecChainElement.java:51)\r\n\tat org.apache.hc.client5.http.impl.classic.ProtocolExec.execute(ProtocolExec.java:195)\r\n\tat org.apache.hc.client5.http.impl.classic.ExecChainElement.execute(ExecChainElement.java:51)\r\n\tat org.apache.hc.client5.http.impl.classic.ContentCompressionExec.execute(ContentCompressionExec.java:168)\r\n\tat org.apache.hc.client5.http.impl.classic.ExecChainElement.execute(ExecChainElement.java:51)\r\n\tat org.apache.hc.client5.http.impl.classic.HttpRequestRetryExec.execute(HttpRequestRetryExec.java:112)\r\n\tat org.apache.hc.client5.http.impl.classic.ExecChainElement.execute(ExecChainElement.java:51)\r\n\tat org.apache.hc.client5.http.impl.classic.RedirectExec.execute(RedirectExec.java:110)\r\n\tat org.apache.hc.client5.http.impl.classic.ExecChainElement.execute(ExecChainElement.java:51)\r\n\tat org.apache.hc.client5.http.impl.classic.InternalHttpClient.doExecute(InternalHttpClient.java:185)\r\n\tat org.apache.hc.client5.http.impl.classic.CloseableHttpClient.execute(CloseableHttpClient.java:87)\r\n\tat org.apache.hc.client5.http.impl.classic.CloseableHttpClient.execute(CloseableHttpClient.java:55)\r\n\tat org.apache.hc.client5.http.classic.HttpClient.executeOpen(HttpClient.java:183)\r\n\tat org.springframework.http.client.HttpComponentsClientHttpRequest.executeInternal(HttpComponentsClientHttpRequest.java:99)\r\n\tat org.springframework.http.client.AbstractStreamingClientHttpRequest.executeInternal(AbstractStreamingClientHttpRequest.java:87)\r\n\tat org.springframework.http.client.AbstractClientHttpRequest.execute(AbstractClientHttpRequest.java:80)\r\n\tat org.springframework.http.client.AbstractBufferingClientHttpRequest.executeWithRequest(AbstractBufferingClientHttpRequest.java:89)\r\n\tat org.springframework.http.client.InterceptingClientHttpRequest$EndOfChainRequestExecution.execute(InterceptingClientHttpRequest.java:102)\r\n\tat org.springframework.cloud.netflix.eureka.http.RestClientTransportClientFactory.lambda$newClient$2(RestClientTransportClientFactory.java:98)\r\n\tat org.springframework.http.client.ClientHttpRequestInterceptor.lambda$apply$0(ClientHttpRequestInterceptor.java:89)\r\n\tat org.springframework.http.client.InterceptingClientHttpRequest.executeInternal(InterceptingClientHttpRequest.java:73)\r\n\tat org.springframework.http.client.AbstractBufferingClientHttpRequest.executeInternal(AbstractBufferingClientHttpRequest.java:50)\r\n\tat org.springframework.http.client.AbstractClientHttpRequest.execute(AbstractClientHttpRequest.java:80)\r\n\tat org.springframework.web.client.DefaultRestClient$DefaultRequestBodyUriSpec.exchangeInternal(DefaultRestClient.java:614)\r\n\t... 24 more\r\n","logger_name":"com.netflix.discovery.shared.transport.decorator.RedirectingEurekaHttpClient","thread_name":"DiscoveryClient-InstanceInfoReplicator-%d","level":"INFO","level_value":20000,"activeEnv":"default","serviceName":"inventory-service","service":"inventory-service","env":"default"}
{"@timestamp":"2026-05-24T07:45:13.8220589+04:00","@version":"1","message":"Request execution failed with message: I/O error on POST request for \"http://localhost:8761/eureka/apps/INVENTORY-SERVICE\": Connect to http://localhost:8761 failed: Connection refused: getsockopt","logger_name":"com.netflix.discovery.shared.transport.decorator.RetryableEurekaHttpClient","thread_name":"DiscoveryClient-InstanceInfoReplicator-%d","level":"WARN","level_value":30000,"activeEnv":"default","serviceName":"inventory-service","service":"inventory-service","env":"default"}
{"@timestamp":"2026-05-24T07:45:13.8220589+04:00","@version":"1","message":"DiscoveryClient_INVENTORY-SERVICE/OMNLT5CG3292BDO.mshome.net:inventory-service - registration failed Cannot execute request on any known server","logger_name":"com.netflix.discovery.DiscoveryClient","thread_name":"DiscoveryClient-InstanceInfoReplicator-%d","level":"WARN","level_value":30000,"stack_trace":"c.n.d.s.transport.TransportException: Cannot execute request on any known server\r\n\tat c.n.d.s.t.d.RetryableEurekaHttpClient.execute(RetryableEurekaHttpClient.java:112)\r\n\tat c.n.d.s.t.d.EurekaHttpClientDecorator.register(EurekaHttpClientDecorator.java:56)\r\n\tat c.n.d.s.t.d.EurekaHttpClientDecorator$1.execute(EurekaHttpClientDecorator.java:59)\r\n\tat c.n.d.s.t.d.SessionedEurekaHttpClient.execute(SessionedEurekaHttpClient.java:76)\r\n\tat c.n.d.s.t.d.EurekaHttpClientDecorator.register(EurekaHttpClientDecorator.java:56)\r\n\tat com.netflix.discovery.DiscoveryClient.register(DiscoveryClient.java:828)\r\n\tat c.n.discovery.InstanceInfoReplicator.run(InstanceInfoReplicator.java:125)\r\n\tat c.n.discovery.InstanceInfoReplicator$2.run(InstanceInfoReplicator.java:105)\r\n\tat j.u.concurrent.Executors$RunnableAdapter.call(Executors.java:545)\r\n\tat java.util.concurrent.FutureTask.run(FutureTask.java:328)\r\n\tat j.u.c.ScheduledThreadPoolExecutor$ScheduledFutureTask.run(ScheduledThreadPoolExecutor.java:309)\r\n\tat java.util.concurrent.ThreadPoolExecutor.runWorker(ThreadPoolExecutor.java:1090)\r\n\tat j.u.concurrent.ThreadPoolExecutor$Worker.run(ThreadPoolExecutor.java:614)\r\n\tat java.lang.Thread.run(Thread.java:1474)\r\n","activeEnv":"default","serviceName":"inventory-service","service":"inventory-service","env":"default"}
{"@timestamp":"2026-05-24T07:45:13.8230517+04:00","@version":"1","message":"There was a problem with the instance info replicator","logger_name":"com.netflix.discovery.InstanceInfoReplicator","thread_name":"DiscoveryClient-InstanceInfoReplicator-%d","level":"WARN","level_value":30000,"stack_trace":"c.n.d.s.transport.TransportException: Cannot execute request on any known server\r\n\tat c.n.d.s.t.d.RetryableEurekaHttpClient.execute(RetryableEurekaHttpClient.java:112)\r\n\tat c.n.d.s.t.d.EurekaHttpClientDecorator.register(EurekaHttpClientDecorator.java:56)\r\n\tat c.n.d.s.t.d.EurekaHttpClientDecorator$1.execute(EurekaHttpClientDecorator.java:59)\r\n\tat c.n.d.s.t.d.SessionedEurekaHttpClient.execute(SessionedEurekaHttpClient.java:76)\r\n\tat c.n.d.s.t.d.EurekaHttpClientDecorator.register(EurekaHttpClientDecorator.java:56)\r\n\tat com.netflix.discovery.DiscoveryClient.register(DiscoveryClient.java:828)\r\n\tat c.n.discovery.InstanceInfoReplicator.run(InstanceInfoReplicator.java:125)\r\n\tat c.n.discovery.InstanceInfoReplicator$2.run(InstanceInfoReplicator.java:105)\r\n\tat j.u.concurrent.Executors$RunnableAdapter.call(Executors.java:545)\r\n\tat java.util.concurrent.FutureTask.run(FutureTask.java:328)\r\n\tat j.u.c.ScheduledThreadPoolExecutor$ScheduledFutureTask.run(ScheduledThreadPoolExecutor.java:309)\r\n\tat java.util.concurrent.ThreadPoolExecutor.runWorker(ThreadPoolExecutor.java:1090)\r\n\tat j.u.concurrent.ThreadPoolExecutor$Worker.run(ThreadPoolExecutor.java:614)\r\n\tat java.lang.Thread.run(Thread.java:1474)\r\n","activeEnv":"default","serviceName":"inventory-service","service":"inventory-service","env":"default"}
]]></system-out>
    <system-err><![CDATA[07:45:05,565 |-WARN in ch.qos.logback.classic.model.processor.ConfigurationModelHandlerFull - Missing watchable .xml or .properties files.
07:45:05,566 |-WARN in ch.qos.logback.classic.model.processor.ConfigurationModelHandlerFull - Watching .xml files requires that the main configuration file is reachable as a URL
07:45:05,578 |-WARN in ch.qos.logback.core.model.processor.ImplicitModelHandler - Ignoring unknown property [maxDepthPerCause] in [net.logstash.logback.stacktrace.ShortenedThrowableConverter]
07:45:05,582 |-WARN in ch.qos.logback.core.model.processor.AppenderModelHandler - Appender named [STDOUT_TEXT] not referenced. Skipping further processing.
]]></system-err>
  </testcase>
</testsuite>