<?xml version="1.0" encoding="UTF-8"?>
<testsuite xmlns:xsi="http://www.w3.org/2001/XMLSchema-instance" xsi:noNamespaceSchemaLocation="https://maven.apache.org/surefire/maven-surefire-plugin/xsd/surefire-test-report.xsd" version="3.0.2" name="com.me.learning.framework.web.util.PageUtilTest" time="0.223" tests="5" errors="0" skipped="0" failures="0" flakes="0">
  <properties>
[...]
</properties>
  <testcase name="lastPageReturnsRemainder" classname="PageUtil" time="0.135"/>
  <testcase name="emptyListThrowsIllegalArgumentException" classname="PageUtil" time="0.01"/>
  <testcase name="pageNumberBeyondListReturnsEmptyPage" classname="PageUtil" time="0.008"/>
  <testcase name="secondPageReturnsCorrectSublist" classname="PageUtil" time="0.005"/>
  <testcase name="firstPageReturnsCorrectSublist" classname="PageUtil" time="0.004"/>
</testsuite>